[35m[Appium][39m Welcome to Appium v2.5.0
[35m[Appium][39m Non-default server args:
[35m[Appium][39m { basePath: [32m'/wd/hub'[39m, loglevel: [32m'info'[39m, port: [33m54228[39m }
[35m[Appium][39m Attempting to load driver uiautomator2...
[35m[Appium][39m Appium REST http interface listener started on http://0.0.0.0:54228/wd/hub
[35m[Appium][39m You can provide the following URLs in your client code to connect to this server:
[35m[Appium][39m 	http://10.10.13.63:54228/wd/hub
[35m[Appium][39m 	http://127.0.0.1:54228/wd/hub (only accessible from the same host)
[35m[Appium][39m Available drivers:
[35m[Appium][39m   - uiautomator2@3.0.0 (automationName 'UiAutomator2')
[35m[Appium][39m No plugins have been installed. Use the "appium plugin" command to install the one(s) you want to use.
[38;5;0m[HTTP][0m [37m-->[39m [37mGET[39m [37m/wd/hub/status[39m
[38;5;0m[HTTP][0m [90m{}[39m
[38;5;0m[HTTP][0m [37m<-- GET /wd/hub/status [39m[32m200[39m [90m4 ms - 110[39m
[38;5;0m[HTTP][0m [90m[39m
[38;5;0m[HTTP][0m [37m-->[39m [37mGET[39m [37m/wd/hub/status[39m
[38;5;0m[HTTP][0m [90m{}[39m
[38;5;0m[HTTP][0m [37m<-- GET /wd/hub/status [39m[32m200[39m [90m1 ms - 110[39m
[38;5;0m[HTTP][0m [90m[39m
[38;5;0m[HTTP][0m [37m-->[39m [37mPOST[39m [37m/wd/hub/session[39m
[38;5;0m[HTTP][0m [90m{"desiredCapabilities":{"appium:systemPort":8281,"appium:udid":"emulator-5554","appium:autoGrantPermissions":true,"appium:newCommandTimeout":1800,"appium:platformName":"ANDROID","appium:appActivity":".Settings","appium:deviceName":"emulator-5554 (sdk_gphone_x86 - Android 11)","platformName":"Android","appium:automationName":"uiautomator2","appium:platformVersion":"11","appium:appPackage":"com.android.settings"},"capabilities":{"firstMatch":[{"appium:appActivity":".Settings","appium:appPackage":"com.android.settings","appium:autoGrantPermissions":true,"appium:automationName":"uiautomator2","appium:deviceName":"emulator-5554 (sdk_gphone_x86 - Android 11)","appium:newCommandTimeout":1800,"appium:platformName":"ANDROID","appium:platformVersion":"11","appium:systemPort":8281,"appium:udid":"emulator-5554","platformName":"android"}]}}[39m
[38;5;32m[BaseDriver][0m Ignoring capability 'appium:platformName=ANDROID' and using capability 'platformName=android'
[38;5;32m[BaseDriver][0m The capabilities ["platformName"] are standard capabilities and do not require "appium:" prefix
[35m[Appium][39m Attempting to find matching driver for automationName 'uiautomator2' and platformName 'android'
[35m[Appium][39m The 'uiautomator2' driver was installed and matched caps.
[35m[Appium][39m Will require it at C:\Users\clarien cahyono\.appium\node_modules\appium-uiautomator2-driver
[38;5;16m[AppiumDriver@7efe][0m Appium v2.5.0 creating new AndroidUiautomator2Driver (v3.0.0) session
[38;5;16m[AppiumDriver@7efe][0m Checking BaseDriver versions for Appium and AndroidUiautomator2Driver
[38;5;16m[AppiumDriver@7efe][0m Appium's BaseDriver version is 9.5.1
[38;5;16m[AppiumDriver@7efe][0m AndroidUiautomator2Driver's BaseDriver version is 9.5.1
[38;5;48m[AndroidUiautomator2Driver@b3e6 (7b5785e7)][0m Session created with session id: 7b5785e7-b130-43d5-96b6-daca3bc1ee01
[38;5;64m[ADB][0m Found 1 'build-tools' folders under 'C:\Users\clarien cahyono\.katalon\tools\android_sdk' (newest first):
[38;5;64m[ADB][0m     C:\Users\clarien cahyono\.katalon\tools\android_sdk\build-tools\29.0.3
[38;5;64m[ADB][0m Using 'adb.exe' from 'C:\Users\clarien cahyono\.katalon\tools\android_sdk\platform-tools\adb.exe'
[38;5;48m[AndroidUiautomator2Driver@b3e6 (7b5785e7)][0m Retrieving device list
[38;5;48m[AndroidUiautomator2Driver@b3e6 (7b5785e7)][0m Using device: emulator-5554
[38;5;64m[ADB][0m Using 'adb.exe' from 'C:\Users\clarien cahyono\.katalon\tools\android_sdk\platform-tools\adb.exe'
[38;5;48m[AndroidUiautomator2Driver@b3e6 (7b5785e7)][0m Starting 'com.android.settings' directly on the device
[38;5;64m[ADB][0m Getting device platform version
[38;5;48m[AndroidUiautomator2Driver@b3e6 (7b5785e7)][0m Relaxing hidden api policy
[38;5;48m[AndroidUiautomator2Driver@b3e6 (7b5785e7)][0m No app sent in, not parsing package/activity
[38;5;64m[ADB][0m Using 'apksigner.jar' from 'C:\Users\clarien cahyono\.katalon\tools\android_sdk\build-tools\29.0.3\lib\apksigner.jar'
[38;5;64m[ADB][0m 'C:\Users\clarien cahyono\.appium\node_modules\appium-uiautomator2-driver\node_modules\appium-uiautomator2-server\apks\appium-uiautomator2-server-debug-androidTest.apk' is signed with the default certificate
[38;5;64m[ADB][0m 'C:\Users\clarien cahyono\.appium\node_modules\appium-uiautomator2-driver\node_modules\appium-uiautomator2-server\apks\appium-uiautomator2-server-v7.0.0.apk' is signed with the default certificate
[38;5;48m[AndroidUiautomator2Driver@b3e6 (7b5785e7)][0m Server packages are not going to be (re)installed
[38;5;64m[ADB][0m Adding packages ["io.appium.settings","io.appium.uiautomator2.server","io.appium.uiautomator2.server.test"] to Doze whitelist
[38;5;48m[AndroidUiautomator2Driver@b3e6 (7b5785e7)][0m Starting UIAutomator2 server 7.0.0
[38;5;48m[AndroidUiautomator2Driver@b3e6 (7b5785e7)][0m Using UIAutomator2 server from 'C:\Users\clarien cahyono\.appium\node_modules\appium-uiautomator2-driver\node_modules\appium-uiautomator2-server\apks\appium-uiautomator2-server-v7.0.0.apk' and test from 'C:\Users\clarien cahyono\.appium\node_modules\appium-uiautomator2-driver\node_modules\appium-uiautomator2-server\apks\appium-uiautomator2-server-debug-androidTest.apk'
[38;5;48m[AndroidUiautomator2Driver@b3e6 (7b5785e7)][0m Waiting up to 30000ms for UiAutomator2 to be online...
[38;5;48m[AndroidUiautomator2Driver@b3e6 (7b5785e7)][0m socket hang up
[38;5;48m[AndroidUiautomator2Driver@b3e6 (7b5785e7)][0m socket hang up
[38;5;48m[AndroidUiautomator2Driver@b3e6 (7b5785e7)][0m socket hang up
[38;5;48m[AndroidUiautomator2Driver@b3e6 (7b5785e7)][0m Determined the downstream protocol as 'W3C'
[38;5;48m[AndroidUiautomator2Driver@b3e6 (7b5785e7)][0m Screen already unlocked, doing nothing
[38;5;48m[AndroidUiautomator2Driver@b3e6 (7b5785e7)][0m Starting 'com.android.settings/.Settings and waiting for 'com.android.settings/.Settings'
[38;5;16m[AppiumDriver@7efe][0m New AndroidUiautomator2Driver session created successfully, session 7b5785e7-b130-43d5-96b6-daca3bc1ee01 added to master session list
[38;5;0m[HTTP][0m [37m<-- POST /wd/hub/session [39m[32m200[39m [90m7357 ms - 1114[39m
[38;5;0m[HTTP][0m [90m[39m
[38;5;0m[HTTP][0m [37m-->[39m [37mGET[39m [37m/wd/hub/session/7b5785e7-b130-43d5-96b6-daca3bc1ee01[39m
[38;5;0m[HTTP][0m [90m{}[39m
[38;5;0m[HTTP][0m [37m<-- GET /wd/hub/session/7b5785e7-b130-43d5-96b6-daca3bc1ee01 [39m[32m200[39m [90m33 ms - 328[39m
[38;5;0m[HTTP][0m [90m[39m
[38;5;0m[HTTP][0m [37m-->[39m [37mGET[39m [37m/wd/hub/session/7b5785e7-b130-43d5-96b6-daca3bc1ee01[39m
[38;5;0m[HTTP][0m [90m{}[39m
[38;5;0m[HTTP][0m [37m<-- GET /wd/hub/session/7b5785e7-b130-43d5-96b6-daca3bc1ee01 [39m[32m200[39m [90m10 ms - 328[39m
[38;5;0m[HTTP][0m [90m[39m
[38;5;0m[HTTP][0m [37m-->[39m [37mGET[39m [37m/wd/hub/status[39m
[38;5;0m[HTTP][0m [90m{}[39m
[38;5;0m[HTTP][0m [37m<-- GET /wd/hub/status [39m[32m200[39m [90m1 ms - 110[39m
[38;5;0m[HTTP][0m [90m[39m
[38;5;0m[HTTP][0m [37m-->[39m [37mPOST[39m [37m/wd/hub/session/7b5785e7-b130-43d5-96b6-daca3bc1ee01/timeouts[39m
[38;5;0m[HTTP][0m [90m{"implicit":60000}[39m
[38;5;0m[HTTP][0m [37m<-- POST /wd/hub/session/7b5785e7-b130-43d5-96b6-daca3bc1ee01/timeouts [39m[32m200[39m [90m2 ms - 14[39m
[38;5;0m[HTTP][0m [90m[39m
[38;5;0m[HTTP][0m [37m-->[39m [37mGET[39m [37m/wd/hub/session/7b5785e7-b130-43d5-96b6-daca3bc1ee01/appium/device/system_bars[39m
[38;5;0m[HTTP][0m [90m{}[39m
[38;5;0m[HTTP][0m [37m<-- GET /wd/hub/session/7b5785e7-b130-43d5-96b6-daca3bc1ee01/appium/device/system_bars [39m[32m200[39m [90m260 ms - 151[39m
[38;5;0m[HTTP][0m [90m[39m
[38;5;0m[HTTP][0m [37m-->[39m [37mPOST[39m [37m/wd/hub/session/7b5785e7-b130-43d5-96b6-daca3bc1ee01/appium/device/activate_app[39m
[38;5;0m[HTTP][0m [90m{"bundleId":"bcaf.crm.kkb.saleskit"}[39m
[38;5;0m[HTTP][0m [37m<-- POST /wd/hub/session/7b5785e7-b130-43d5-96b6-daca3bc1ee01/appium/device/activate_app [39m[32m200[39m [90m295 ms - 14[39m
[38;5;0m[HTTP][0m [90m[39m
[38;5;0m[HTTP][0m [37m-->[39m [37mGET[39m [37m/wd/hub/session/7b5785e7-b130-43d5-96b6-daca3bc1ee01/source[39m
[38;5;0m[HTTP][0m [90m{}[39m
[38;5;48m[AndroidUiautomator2Driver@b3e6 (7b5785e7)][0m Driver proxy active, passing request on via HTTP proxy
[38;5;48m[AndroidUiautomator2Driver@b3e6 (7b5785e7)][0m Replacing sessionId a517cb22-bdaa-4fea-bddb-9f6d2b4ec430 with 7b5785e7-b130-43d5-96b6-daca3bc1ee01
[38;5;0m[HTTP][0m [37m<-- GET /wd/hub/session/7b5785e7-b130-43d5-96b6-daca3bc1ee01/source [39m[32m200[39m [90m1202 ms - 21682[39m
[38;5;0m[HTTP][0m [90m[39m
[38;5;0m[HTTP][0m [37m-->[39m [37mGET[39m [37m/wd/hub/session/7b5785e7-b130-43d5-96b6-daca3bc1ee01/screenshot[39m
[38;5;0m[HTTP][0m [90m{}[39m
[38;5;0m[HTTP][0m [37m<-- GET /wd/hub/session/7b5785e7-b130-43d5-96b6-daca3bc1ee01/screenshot [39m[32m200[39m [90m623 ms - 206792[39m
[38;5;0m[HTTP][0m [90m[39m
[38;5;0m[HTTP][0m [37m-->[39m [37mPOST[39m [37m/wd/hub/session/7b5785e7-b130-43d5-96b6-daca3bc1ee01/elements[39m
[38;5;0m[HTTP][0m [90m{"using":"xpath","value":"//*[@class = 'android.widget.CheckBox' and (@text = 'TJH 50 JT' or . = 'TJH 50 JT') and @resource-id = 'bcaf.crm.kkb.saleskit:id/checkTJH50']"}[39m
[38;5;0m[HTTP][0m [37m<-- POST /wd/hub/session/7b5785e7-b130-43d5-96b6-daca3bc1ee01/elements [39m[32m200[39m [90m444 ms - 139[39m
[38;5;0m[HTTP][0m [90m[39m
[38;5;0m[HTTP][0m [37m-->[39m [37mPOST[39m [37m/wd/hub/session/7b5785e7-b130-43d5-96b6-daca3bc1ee01/timeouts[39m
[38;5;0m[HTTP][0m [90m{"implicit":1000}[39m
[38;5;0m[HTTP][0m [37m<-- POST /wd/hub/session/7b5785e7-b130-43d5-96b6-daca3bc1ee01/timeouts [39m[32m200[39m [90m1 ms - 14[39m
[38;5;0m[HTTP][0m [90m[39m
[38;5;0m[HTTP][0m [37m-->[39m [37mPOST[39m [37m/wd/hub/session/7b5785e7-b130-43d5-96b6-daca3bc1ee01/elements[39m
[38;5;0m[HTTP][0m [90m{"using":"xpath","value":"//*[@class = 'android.widget.CheckBox' and (@text = 'TJH 50 JT' or . = 'TJH 50 JT') and @resource-id = 'bcaf.crm.kkb.saleskit:id/checkTJH50']"}[39m
[38;5;0m[HTTP][0m [37m<-- POST /wd/hub/session/7b5785e7-b130-43d5-96b6-daca3bc1ee01/elements [39m[32m200[39m [90m101 ms - 139[39m
[38;5;0m[HTTP][0m [90m[39m
[38;5;0m[HTTP][0m [37m-->[39m [37mGET[39m [37m/wd/hub/session/7b5785e7-b130-43d5-96b6-daca3bc1ee01/element/00000000-0000-0476-ffff-ffff00001029/location[39m
[38;5;0m[HTTP][0m [90m{}[39m
[38;5;48m[AndroidUiautomator2Driver@b3e6 (7b5785e7)][0m Driver proxy active, passing request on via HTTP proxy
[38;5;48m[AndroidUiautomator2Driver@b3e6 (7b5785e7)][0m Replacing sessionId a517cb22-bdaa-4fea-bddb-9f6d2b4ec430 with 7b5785e7-b130-43d5-96b6-daca3bc1ee01
[38;5;0m[HTTP][0m [37m<-- GET /wd/hub/session/7b5785e7-b130-43d5-96b6-daca3bc1ee01/element/00000000-0000-0476-ffff-ffff00001029/location [39m[32m200[39m [90m18 ms - 79[39m
[38;5;0m[HTTP][0m [90m[39m
[38;5;0m[HTTP][0m [37m-->[39m [37mGET[39m [37m/wd/hub/session/7b5785e7-b130-43d5-96b6-daca3bc1ee01/element/00000000-0000-0476-ffff-ffff00001029/size[39m
[38;5;0m[HTTP][0m [90m{}[39m
[38;5;48m[AndroidUiautomator2Driver@b3e6 (7b5785e7)][0m Driver proxy active, passing request on via HTTP proxy
[38;5;48m[AndroidUiautomator2Driver@b3e6 (7b5785e7)][0m Replacing sessionId a517cb22-bdaa-4fea-bddb-9f6d2b4ec430 with 7b5785e7-b130-43d5-96b6-daca3bc1ee01
[38;5;0m[HTTP][0m [37m<-- GET /wd/hub/session/7b5785e7-b130-43d5-96b6-daca3bc1ee01/element/00000000-0000-0476-ffff-ffff00001029/size [39m[32m200[39m [90m15 ms - 86[39m
[38;5;0m[HTTP][0m [90m[39m
[38;5;0m[HTTP][0m [37m-->[39m [37mPOST[39m [37m/wd/hub/session/7b5785e7-b130-43d5-96b6-daca3bc1ee01/elements[39m
[38;5;0m[HTTP][0m [90m{"using":"xpath","value":"//*[@class = 'android.widget.CheckBox' and (@text = 'TJH 25 JT' or . = 'TJH 25 JT') and @resource-id = 'bcaf.crm.kkb.saleskit:id/checkTJH25']"}[39m
[38;5;0m[HTTP][0m [37m<-- POST /wd/hub/session/7b5785e7-b130-43d5-96b6-daca3bc1ee01/elements [39m[32m200[39m [90m90 ms - 139[39m
[38;5;0m[HTTP][0m [90m[39m
[38;5;0m[HTTP][0m [37m-->[39m [37mPOST[39m [37m/wd/hub/session/7b5785e7-b130-43d5-96b6-daca3bc1ee01/timeouts[39m
[38;5;0m[HTTP][0m [90m{"implicit":1000}[39m
[38;5;0m[HTTP][0m [37m<-- POST /wd/hub/session/7b5785e7-b130-43d5-96b6-daca3bc1ee01/timeouts [39m[32m200[39m [90m1 ms - 14[39m
[38;5;0m[HTTP][0m [90m[39m
[38;5;0m[HTTP][0m [37m-->[39m [37mPOST[39m [37m/wd/hub/session/7b5785e7-b130-43d5-96b6-daca3bc1ee01/elements[39m
[38;5;0m[HTTP][0m [90m{"using":"xpath","value":"//*[@class = 'android.widget.CheckBox' and (@text = 'TJH 25 JT' or . = 'TJH 25 JT') and @resource-id = 'bcaf.crm.kkb.saleskit:id/checkTJH25']"}[39m
[38;5;0m[HTTP][0m [37m<-- POST /wd/hub/session/7b5785e7-b130-43d5-96b6-daca3bc1ee01/elements [39m[32m200[39m [90m91 ms - 139[39m
[38;5;0m[HTTP][0m [90m[39m
[38;5;0m[HTTP][0m [37m-->[39m [37mGET[39m [37m/wd/hub/session/7b5785e7-b130-43d5-96b6-daca3bc1ee01/element/00000000-0000-0476-ffff-ffff00001028/location[39m
[38;5;0m[HTTP][0m [90m{}[39m
[38;5;48m[AndroidUiautomator2Driver@b3e6 (7b5785e7)][0m Driver proxy active, passing request on via HTTP proxy
[38;5;48m[AndroidUiautomator2Driver@b3e6 (7b5785e7)][0m Replacing sessionId a517cb22-bdaa-4fea-bddb-9f6d2b4ec430 with 7b5785e7-b130-43d5-96b6-daca3bc1ee01
[38;5;0m[HTTP][0m [37m<-- GET /wd/hub/session/7b5785e7-b130-43d5-96b6-daca3bc1ee01/element/00000000-0000-0476-ffff-ffff00001028/location [39m[32m200[39m [90m14 ms - 78[39m
[38;5;0m[HTTP][0m [90m[39m
[38;5;0m[HTTP][0m [37m-->[39m [37mGET[39m [37m/wd/hub/session/7b5785e7-b130-43d5-96b6-daca3bc1ee01/element/00000000-0000-0476-ffff-ffff00001028/size[39m
[38;5;0m[HTTP][0m [90m{}[39m
[38;5;48m[AndroidUiautomator2Driver@b3e6 (7b5785e7)][0m Driver proxy active, passing request on via HTTP proxy
[38;5;48m[AndroidUiautomator2Driver@b3e6 (7b5785e7)][0m Replacing sessionId a517cb22-bdaa-4fea-bddb-9f6d2b4ec430 with 7b5785e7-b130-43d5-96b6-daca3bc1ee01
[38;5;0m[HTTP][0m [37m<-- GET /wd/hub/session/7b5785e7-b130-43d5-96b6-daca3bc1ee01/element/00000000-0000-0476-ffff-ffff00001028/size [39m[32m200[39m [90m15 ms - 86[39m
[38;5;0m[HTTP][0m [90m[39m
[38;5;0m[HTTP][0m [37m-->[39m [37mPOST[39m [37m/wd/hub/session/7b5785e7-b130-43d5-96b6-daca3bc1ee01/elements[39m
[38;5;0m[HTTP][0m [90m{"using":"xpath","value":"//*[@class = 'android.widget.CheckBox' and (@text = 'TJH 10 JT' or . = 'TJH 10 JT') and @resource-id = 'bcaf.crm.kkb.saleskit:id/checkTJH10']"}[39m
[38;5;0m[HTTP][0m [37m<-- POST /wd/hub/session/7b5785e7-b130-43d5-96b6-daca3bc1ee01/elements [39m[32m200[39m [90m68 ms - 139[39m
[38;5;0m[HTTP][0m [90m[39m
[38;5;0m[HTTP][0m [37m-->[39m [37mPOST[39m [37m/wd/hub/session/7b5785e7-b130-43d5-96b6-daca3bc1ee01/timeouts[39m
[38;5;0m[HTTP][0m [90m{"implicit":1000}[39m
[38;5;0m[HTTP][0m [37m<-- POST /wd/hub/session/7b5785e7-b130-43d5-96b6-daca3bc1ee01/timeouts [39m[32m200[39m [90m1 ms - 14[39m
[38;5;0m[HTTP][0m [90m[39m
[38;5;0m[HTTP][0m [37m-->[39m [37mPOST[39m [37m/wd/hub/session/7b5785e7-b130-43d5-96b6-daca3bc1ee01/elements[39m
[38;5;0m[HTTP][0m [90m{"using":"xpath","value":"//*[@class = 'android.widget.CheckBox' and (@text = 'TJH 10 JT' or . = 'TJH 10 JT') and @resource-id = 'bcaf.crm.kkb.saleskit:id/checkTJH10']"}[39m
[38;5;0m[HTTP][0m [37m<-- POST /wd/hub/session/7b5785e7-b130-43d5-96b6-daca3bc1ee01/elements [39m[32m200[39m [90m64 ms - 139[39m
[38;5;0m[HTTP][0m [90m[39m
[38;5;0m[HTTP][0m [37m-->[39m [37mGET[39m [37m/wd/hub/session/7b5785e7-b130-43d5-96b6-daca3bc1ee01/element/00000000-0000-0476-ffff-ffff00001027/location[39m
[38;5;0m[HTTP][0m [90m{}[39m
[38;5;48m[AndroidUiautomator2Driver@b3e6 (7b5785e7)][0m Driver proxy active, passing request on via HTTP proxy
[38;5;48m[AndroidUiautomator2Driver@b3e6 (7b5785e7)][0m Replacing sessionId a517cb22-bdaa-4fea-bddb-9f6d2b4ec430 with 7b5785e7-b130-43d5-96b6-daca3bc1ee01
[38;5;0m[HTTP][0m [37m<-- GET /wd/hub/session/7b5785e7-b130-43d5-96b6-daca3bc1ee01/element/00000000-0000-0476-ffff-ffff00001027/location [39m[32m200[39m [90m13 ms - 78[39m
[38;5;0m[HTTP][0m [90m[39m
[38;5;0m[HTTP][0m [37m-->[39m [37mGET[39m [37m/wd/hub/session/7b5785e7-b130-43d5-96b6-daca3bc1ee01/element/00000000-0000-0476-ffff-ffff00001027/size[39m
[38;5;0m[HTTP][0m [90m{}[39m
[38;5;48m[AndroidUiautomator2Driver@b3e6 (7b5785e7)][0m Driver proxy active, passing request on via HTTP proxy
[38;5;48m[AndroidUiautomator2Driver@b3e6 (7b5785e7)][0m Replacing sessionId a517cb22-bdaa-4fea-bddb-9f6d2b4ec430 with 7b5785e7-b130-43d5-96b6-daca3bc1ee01
[38;5;0m[HTTP][0m [37m<-- GET /wd/hub/session/7b5785e7-b130-43d5-96b6-daca3bc1ee01/element/00000000-0000-0476-ffff-ffff00001027/size [39m[32m200[39m [90m13 ms - 86[39m
[38;5;0m[HTTP][0m [90m[39m
[38;5;0m[HTTP][0m [37m-->[39m [37mDELETE[39m [37m/wd/hub/session/7b5785e7-b130-43d5-96b6-daca3bc1ee01[39m
[38;5;0m[HTTP][0m [90m{}[39m
[38;5;16m[AppiumDriver@7efe][0m Removing session 7b5785e7-b130-43d5-96b6-daca3bc1ee01 from our master session list
[38;5;48m[AndroidUiautomator2Driver@b3e6 (7b5785e7)][0m Did not get confirmation UiAutomator2 deleteSession worked; Error was: UnknownError: An unknown server-side error occurred while processing the command. Original error: 'DELETE /' cannot be proxied to UiAutomator2 server because the instrumentation process is not running (probably crashed). Check the server log and/or the logcat output for more details
[38;5;48m[AndroidUiautomator2Driver@b3e6 (7b5785e7)][0m Restoring hidden api policy to the device default configuration
[38;5;0m[HTTP][0m [37m<-- DELETE /wd/hub/session/7b5785e7-b130-43d5-96b6-daca3bc1ee01 [39m[32m200[39m [90m602 ms - 14[39m
[38;5;0m[HTTP][0m [90m[39m
