[35m[Appium][39m Welcome to Appium v2.5.0
[35m[Appium][39m Non-default server args:
[35m[Appium][39m { basePath: [32m'/wd/hub'[39m, loglevel: [32m'info'[39m, port: [33m62568[39m }
[35m[Appium][39m Attempting to load driver uiautomator2...
[35m[Appium][39m Appium REST http interface listener started on http://0.0.0.0:62568/wd/hub
[35m[Appium][39m You can provide the following URLs in your client code to connect to this server:
[35m[Appium][39m 	http://10.10.13.99:62568/wd/hub
[35m[Appium][39m 	http://127.0.0.1:62568/wd/hub (only accessible from the same host)
[35m[Appium][39m Available drivers:
[35m[Appium][39m   - uiautomator2@3.0.0 (automationName 'UiAutomator2')
[35m[Appium][39m No plugins have been installed. Use the "appium plugin" command to install the one(s) you want to use.
[38;5;0m[HTTP][0m [37m-->[39m [37mGET[39m [37m/wd/hub/status[39m
[38;5;0m[HTTP][0m [90m{}[39m
[38;5;0m[HTTP][0m [37m<-- GET /wd/hub/status [39m[32m200[39m [90m4 ms - 110[39m
[38;5;0m[HTTP][0m [90m[39m
[38;5;0m[HTTP][0m [37m-->[39m [37mPOST[39m [37m/wd/hub/session[39m
[38;5;0m[HTTP][0m [90m{"desiredCapabilities":{"appium:systemPort":8283,"appium:udid":"emulator-5554","appium:autoGrantPermissions":true,"appium:newCommandTimeout":1800,"appium:platformName":"ANDROID","appium:appActivity":".Settings","appium:deviceName":"emulator-5554 (sdk_gphone_x86_64 - Android 13)","platformName":"Android","appium:automationName":"uiautomator2","appium:platformVersion":"13","appium:appPackage":"com.android.settings"},"capabilities":{"firstMatch":[{"appium:appActivity":".Settings","appium:appPackage":"com.android.settings","appium:autoGrantPermissions":true,"appium:automationName":"uiautomator2","appium:deviceName":"emulator-5554 (sdk_gphone_x86_64 - Android 13)","appium:newCommandTimeout":1800,"appium:platformName":"ANDROID","appium:platformVersion":"13","appium:systemPort":8283,"appium:udid":"emulator-5554","platformName":"android"}]}}[39m
[38;5;32m[BaseDriver][0m Ignoring capability 'appium:platformName=ANDROID' and using capability 'platformName=android'
[38;5;32m[BaseDriver][0m The capabilities ["platformName"] are standard capabilities and do not require "appium:" prefix
[35m[Appium][39m Attempting to find matching driver for automationName 'uiautomator2' and platformName 'android'
[35m[Appium][39m The 'uiautomator2' driver was installed and matched caps.
[35m[Appium][39m Will require it at C:\Users\clarien cahyono\.appium\node_modules\appium-uiautomator2-driver
[38;5;16m[AppiumDriver@d2da][0m Appium v2.5.0 creating new AndroidUiautomator2Driver (v3.0.0) session
[38;5;16m[AppiumDriver@d2da][0m Checking BaseDriver versions for Appium and AndroidUiautomator2Driver
[38;5;16m[AppiumDriver@d2da][0m Appium's BaseDriver version is 9.5.1
[38;5;16m[AppiumDriver@d2da][0m AndroidUiautomator2Driver's BaseDriver version is 9.5.1
[38;5;48m[AndroidUiautomator2Driver@7eab (5e684878)][0m Session created with session id: 5e684878-2f13-4912-8dc7-6b2c79449d51
[38;5;64m[ADB][0m Found 1 'build-tools' folders under 'C:\Users\clarien cahyono\.katalon\tools\android_sdk' (newest first):
[38;5;64m[ADB][0m     C:\Users\clarien cahyono\.katalon\tools\android_sdk\build-tools\29.0.3
[38;5;64m[ADB][0m Using 'adb.exe' from 'C:\Users\clarien cahyono\.katalon\tools\android_sdk\platform-tools\adb.exe'
[38;5;48m[AndroidUiautomator2Driver@7eab (5e684878)][0m Retrieving device list
[38;5;48m[AndroidUiautomator2Driver@7eab (5e684878)][0m Using device: emulator-5554
[38;5;64m[ADB][0m Using 'adb.exe' from 'C:\Users\clarien cahyono\.katalon\tools\android_sdk\platform-tools\adb.exe'
[38;5;48m[AndroidUiautomator2Driver@7eab (5e684878)][0m Starting 'com.android.settings' directly on the device
[38;5;64m[ADB][0m Getting device platform version
[38;5;48m[AndroidUiautomator2Driver@7eab (5e684878)][0m Relaxing hidden api policy
[38;5;48m[AndroidUiautomator2Driver@7eab (5e684878)][0m No app sent in, not parsing package/activity
[38;5;64m[ADB][0m Using 'apksigner.jar' from 'C:\Users\clarien cahyono\.katalon\tools\android_sdk\build-tools\29.0.3\lib\apksigner.jar'
[38;5;64m[ADB][0m 'C:\Users\clarien cahyono\.appium\node_modules\appium-uiautomator2-driver\node_modules\appium-uiautomator2-server\apks\appium-uiautomator2-server-debug-androidTest.apk' is signed with the default certificate
[38;5;64m[ADB][0m 'C:\Users\clarien cahyono\.appium\node_modules\appium-uiautomator2-driver\node_modules\appium-uiautomator2-server\apks\appium-uiautomator2-server-v7.0.0.apk' is signed with the default certificate
[38;5;48m[AndroidUiautomator2Driver@7eab (5e684878)][0m Server packages are not going to be (re)installed
[38;5;64m[ADB][0m Adding packages ["io.appium.settings","io.appium.uiautomator2.server","io.appium.uiautomator2.server.test"] to Doze whitelist
[38;5;48m[AndroidUiautomator2Driver@7eab (5e684878)][0m Starting UIAutomator2 server 7.0.0
[38;5;48m[AndroidUiautomator2Driver@7eab (5e684878)][0m Using UIAutomator2 server from 'C:\Users\clarien cahyono\.appium\node_modules\appium-uiautomator2-driver\node_modules\appium-uiautomator2-server\apks\appium-uiautomator2-server-v7.0.0.apk' and test from 'C:\Users\clarien cahyono\.appium\node_modules\appium-uiautomator2-driver\node_modules\appium-uiautomator2-server\apks\appium-uiautomator2-server-debug-androidTest.apk'
[38;5;48m[AndroidUiautomator2Driver@7eab (5e684878)][0m Waiting up to 30000ms for UiAutomator2 to be online...
[38;5;48m[AndroidUiautomator2Driver@7eab (5e684878)][0m socket hang up
[38;5;48m[AndroidUiautomator2Driver@7eab (5e684878)][0m socket hang up
[38;5;48m[AndroidUiautomator2Driver@7eab (5e684878)][0m Determined the downstream protocol as 'W3C'
[38;5;48m[AndroidUiautomator2Driver@7eab (5e684878)][0m Screen already unlocked, doing nothing
[38;5;48m[AndroidUiautomator2Driver@7eab (5e684878)][0m Starting 'com.android.settings/.Settings and waiting for 'com.android.settings/.Settings'
[38;5;16m[AppiumDriver@d2da][0m New AndroidUiautomator2Driver session created successfully, session 5e684878-2f13-4912-8dc7-6b2c79449d51 added to master session list
[38;5;0m[HTTP][0m [37m<-- POST /wd/hub/session [39m[32m200[39m [90m5040 ms - 1118[39m
[38;5;0m[HTTP][0m [90m[39m
[38;5;0m[HTTP][0m [37m-->[39m [37mGET[39m [37m/wd/hub/session/5e684878-2f13-4912-8dc7-6b2c79449d51[39m
[38;5;0m[HTTP][0m [90m{}[39m
[38;5;0m[HTTP][0m [37m<-- GET /wd/hub/session/5e684878-2f13-4912-8dc7-6b2c79449d51 [39m[32m200[39m [90m13 ms - 331[39m
[38;5;0m[HTTP][0m [90m[39m
[38;5;0m[HTTP][0m [37m-->[39m [37mGET[39m [37m/wd/hub/session/5e684878-2f13-4912-8dc7-6b2c79449d51[39m
[38;5;0m[HTTP][0m [90m{}[39m
[38;5;0m[HTTP][0m [37m<-- GET /wd/hub/session/5e684878-2f13-4912-8dc7-6b2c79449d51 [39m[32m200[39m [90m10 ms - 331[39m
[38;5;0m[HTTP][0m [90m[39m
[38;5;0m[HTTP][0m [37m-->[39m [37mGET[39m [37m/wd/hub/status[39m
[38;5;0m[HTTP][0m [90m{}[39m
[38;5;0m[HTTP][0m [37m<-- GET /wd/hub/status [39m[32m200[39m [90m1 ms - 110[39m
[38;5;0m[HTTP][0m [90m[39m
[38;5;0m[HTTP][0m [37m-->[39m [37mPOST[39m [37m/wd/hub/session/5e684878-2f13-4912-8dc7-6b2c79449d51/timeouts[39m
[38;5;0m[HTTP][0m [90m{"implicit":30000}[39m
[38;5;0m[HTTP][0m [37m<-- POST /wd/hub/session/5e684878-2f13-4912-8dc7-6b2c79449d51/timeouts [39m[32m200[39m [90m2 ms - 14[39m
[38;5;0m[HTTP][0m [90m[39m
[38;5;0m[HTTP][0m [37m-->[39m [37mGET[39m [37m/wd/hub/session/5e684878-2f13-4912-8dc7-6b2c79449d51/appium/device/system_bars[39m
[38;5;0m[HTTP][0m [90m{}[39m
[38;5;0m[HTTP][0m [37m<-- GET /wd/hub/session/5e684878-2f13-4912-8dc7-6b2c79449d51/appium/device/system_bars [39m[32m200[39m [90m71 ms - 151[39m
[38;5;0m[HTTP][0m [90m[39m
[38;5;0m[HTTP][0m [37m-->[39m [37mPOST[39m [37m/wd/hub/session/5e684878-2f13-4912-8dc7-6b2c79449d51/appium/device/activate_app[39m
[38;5;0m[HTTP][0m [90m{"bundleId":"bcaf.crm.kkb.saleskit"}[39m
[38;5;0m[HTTP][0m [37m<-- POST /wd/hub/session/5e684878-2f13-4912-8dc7-6b2c79449d51/appium/device/activate_app [39m[32m200[39m [90m85 ms - 14[39m
[38;5;0m[HTTP][0m [90m[39m
[38;5;0m[HTTP][0m [37m-->[39m [37mPOST[39m [37m/wd/hub/session/5e684878-2f13-4912-8dc7-6b2c79449d51/timeouts[39m
[38;5;0m[HTTP][0m [90m{"implicit":50}[39m
[38;5;0m[HTTP][0m [37m<-- POST /wd/hub/session/5e684878-2f13-4912-8dc7-6b2c79449d51/timeouts [39m[32m200[39m [90m1 ms - 14[39m
[38;5;0m[HTTP][0m [90m[39m
[38;5;0m[HTTP][0m [37m-->[39m [37mGET[39m [37m/wd/hub/session/5e684878-2f13-4912-8dc7-6b2c79449d51/window/rect[39m
[38;5;0m[HTTP][0m [90m{}[39m
[38;5;0m[HTTP][0m [37m<-- GET /wd/hub/session/5e684878-2f13-4912-8dc7-6b2c79449d51/window/rect [39m[32m200[39m [90m11 ms - 50[39m
[38;5;0m[HTTP][0m [90m[39m
[38;5;0m[HTTP][0m [37m-->[39m [37mPOST[39m [37m/wd/hub/session/5e684878-2f13-4912-8dc7-6b2c79449d51/elements[39m
[38;5;0m[HTTP][0m [90m{"using":"xpath","value":"//androidx.recyclerview.widget.RecyclerView[1]/android.view.ViewGroup[1]"}[39m
[38;5;0m[HTTP][0m [37m<-- POST /wd/hub/session/5e684878-2f13-4912-8dc7-6b2c79449d51/elements [39m[32m200[39m [90m1211 ms - 139[39m
[38;5;0m[HTTP][0m [90m[39m
[38;5;0m[HTTP][0m [37m-->[39m [37mGET[39m [37m/wd/hub/session/5e684878-2f13-4912-8dc7-6b2c79449d51/element/00000000-0000-0648-ffff-ffff000001e9/location[39m
[38;5;0m[HTTP][0m [90m{}[39m
[38;5;48m[AndroidUiautomator2Driver@7eab (5e684878)][0m Driver proxy active, passing request on via HTTP proxy
[38;5;48m[AndroidUiautomator2Driver@7eab (5e684878)][0m Replacing sessionId 93c0b5bb-a3f6-4e31-a28f-e47fe4303c88 with 5e684878-2f13-4912-8dc7-6b2c79449d51
[38;5;0m[HTTP][0m [37m<-- GET /wd/hub/session/5e684878-2f13-4912-8dc7-6b2c79449d51/element/00000000-0000-0648-ffff-ffff000001e9/location [39m[32m200[39m [90m18 ms - 77[39m
[38;5;0m[HTTP][0m [90m[39m
[38;5;0m[HTTP][0m [37m-->[39m [37mPOST[39m [37m/wd/hub/session/5e684878-2f13-4912-8dc7-6b2c79449d51/timeouts[39m
[38;5;0m[HTTP][0m [90m{"implicit":30000}[39m
[38;5;0m[HTTP][0m [37m<-- POST /wd/hub/session/5e684878-2f13-4912-8dc7-6b2c79449d51/timeouts [39m[32m200[39m [90m1 ms - 14[39m
[38;5;0m[HTTP][0m [90m[39m
[38;5;0m[HTTP][0m [37m-->[39m [37mPOST[39m [37m/wd/hub/session/5e684878-2f13-4912-8dc7-6b2c79449d51/element/00000000-0000-0648-ffff-ffff000001e9/click[39m
[38;5;0m[HTTP][0m [90m{"id":"00000000-0000-0648-ffff-ffff000001e9"}[39m
[38;5;0m[HTTP][0m [37m<-- POST /wd/hub/session/5e684878-2f13-4912-8dc7-6b2c79449d51/element/00000000-0000-0648-ffff-ffff000001e9/click [39m[32m200[39m [90m78 ms - 14[39m
[38;5;0m[HTTP][0m [90m[39m
[38;5;0m[HTTP][0m [37m-->[39m [37mPOST[39m [37m/wd/hub/session/5e684878-2f13-4912-8dc7-6b2c79449d51/timeouts[39m
[38;5;0m[HTTP][0m [90m{"implicit":50}[39m
[38;5;0m[HTTP][0m [37m<-- POST /wd/hub/session/5e684878-2f13-4912-8dc7-6b2c79449d51/timeouts [39m[32m200[39m [90m1 ms - 14[39m
[38;5;0m[HTTP][0m [90m[39m
[38;5;0m[HTTP][0m [37m-->[39m [37mGET[39m [37m/wd/hub/session/5e684878-2f13-4912-8dc7-6b2c79449d51/window/rect[39m
[38;5;0m[HTTP][0m [90m{}[39m
[38;5;0m[HTTP][0m [37m<-- GET /wd/hub/session/5e684878-2f13-4912-8dc7-6b2c79449d51/window/rect [39m[32m200[39m [90m28 ms - 50[39m
[38;5;0m[HTTP][0m [90m[39m
[38;5;0m[HTTP][0m [37m-->[39m [37mPOST[39m [37m/wd/hub/session/5e684878-2f13-4912-8dc7-6b2c79449d51/elements[39m
[38;5;0m[HTTP][0m [90m{"using":"xpath","value":"//*[@resource-id = 'bcaf.crm.kkb.saleskit:id/jenisProgram']"}[39m
[38;5;0m[HTTP][0m [37m<-- POST /wd/hub/session/5e684878-2f13-4912-8dc7-6b2c79449d51/elements [39m[32m200[39m [90m1179 ms - 139[39m
[38;5;0m[HTTP][0m [90m[39m
[38;5;0m[HTTP][0m [37m-->[39m [37mGET[39m [37m/wd/hub/session/5e684878-2f13-4912-8dc7-6b2c79449d51/element/00000000-0000-0657-ffff-ffff00001cb3/location[39m
[38;5;0m[HTTP][0m [90m{}[39m
[38;5;48m[AndroidUiautomator2Driver@7eab (5e684878)][0m Driver proxy active, passing request on via HTTP proxy
[38;5;48m[AndroidUiautomator2Driver@7eab (5e684878)][0m Replacing sessionId 93c0b5bb-a3f6-4e31-a28f-e47fe4303c88 with 5e684878-2f13-4912-8dc7-6b2c79449d51
[38;5;0m[HTTP][0m [37m<-- GET /wd/hub/session/5e684878-2f13-4912-8dc7-6b2c79449d51/element/00000000-0000-0657-ffff-ffff00001cb3/location [39m[32m200[39m [90m16 ms - 78[39m
[38;5;0m[HTTP][0m [90m[39m
[38;5;0m[HTTP][0m [37m-->[39m [37mPOST[39m [37m/wd/hub/session/5e684878-2f13-4912-8dc7-6b2c79449d51/timeouts[39m
[38;5;0m[HTTP][0m [90m{"implicit":30000}[39m
[38;5;0m[HTTP][0m [37m<-- POST /wd/hub/session/5e684878-2f13-4912-8dc7-6b2c79449d51/timeouts [39m[32m200[39m [90m1 ms - 14[39m
[38;5;0m[HTTP][0m [90m[39m
[38;5;0m[HTTP][0m [37m-->[39m [37mPOST[39m [37m/wd/hub/session/5e684878-2f13-4912-8dc7-6b2c79449d51/element/00000000-0000-0657-ffff-ffff00001cb3/click[39m
[38;5;0m[HTTP][0m [90m{"id":"00000000-0000-0657-ffff-ffff00001cb3"}[39m
[38;5;0m[HTTP][0m [37m<-- POST /wd/hub/session/5e684878-2f13-4912-8dc7-6b2c79449d51/element/00000000-0000-0657-ffff-ffff00001cb3/click [39m[32m200[39m [90m1018 ms - 14[39m
[38;5;0m[HTTP][0m [90m[39m
[38;5;0m[HTTP][0m [37m-->[39m [37mPOST[39m [37m/wd/hub/session/5e684878-2f13-4912-8dc7-6b2c79449d51/timeouts[39m
[38;5;0m[HTTP][0m [90m{"implicit":50}[39m
[38;5;0m[HTTP][0m [37m<-- POST /wd/hub/session/5e684878-2f13-4912-8dc7-6b2c79449d51/timeouts [39m[32m200[39m [90m1 ms - 14[39m
[38;5;0m[HTTP][0m [90m[39m
[38;5;0m[HTTP][0m [37m-->[39m [37mGET[39m [37m/wd/hub/session/5e684878-2f13-4912-8dc7-6b2c79449d51/window/rect[39m
[38;5;0m[HTTP][0m [90m{}[39m
[38;5;0m[HTTP][0m [37m<-- GET /wd/hub/session/5e684878-2f13-4912-8dc7-6b2c79449d51/window/rect [39m[32m200[39m [90m12 ms - 50[39m
[38;5;0m[HTTP][0m [90m[39m
[38;5;0m[HTTP][0m [37m-->[39m [37mPOST[39m [37m/wd/hub/session/5e684878-2f13-4912-8dc7-6b2c79449d51/elements[39m
[38;5;0m[HTTP][0m [90m{"using":"xpath","value":"//*[@class = 'android.widget.CheckedTextView' and (@text = 'Reguler')]"}[39m
[38;5;0m[HTTP][0m [37m<-- POST /wd/hub/session/5e684878-2f13-4912-8dc7-6b2c79449d51/elements [39m[32m200[39m [90m39 ms - 139[39m
[38;5;0m[HTTP][0m [90m[39m
[38;5;0m[HTTP][0m [37m-->[39m [37mGET[39m [37m/wd/hub/session/5e684878-2f13-4912-8dc7-6b2c79449d51/element/00000000-0000-0658-ffff-ffff00001cd1/location[39m
[38;5;0m[HTTP][0m [90m{}[39m
[38;5;48m[AndroidUiautomator2Driver@7eab (5e684878)][0m Driver proxy active, passing request on via HTTP proxy
[38;5;48m[AndroidUiautomator2Driver@7eab (5e684878)][0m Replacing sessionId 93c0b5bb-a3f6-4e31-a28f-e47fe4303c88 with 5e684878-2f13-4912-8dc7-6b2c79449d51
[38;5;0m[HTTP][0m [37m<-- GET /wd/hub/session/5e684878-2f13-4912-8dc7-6b2c79449d51/element/00000000-0000-0658-ffff-ffff00001cd1/location [39m[32m200[39m [90m13 ms - 78[39m
[38;5;0m[HTTP][0m [90m[39m
[38;5;0m[HTTP][0m [37m-->[39m [37mPOST[39m [37m/wd/hub/session/5e684878-2f13-4912-8dc7-6b2c79449d51/timeouts[39m
[38;5;0m[HTTP][0m [90m{"implicit":30000}[39m
[38;5;0m[HTTP][0m [37m<-- POST /wd/hub/session/5e684878-2f13-4912-8dc7-6b2c79449d51/timeouts [39m[32m200[39m [90m1 ms - 14[39m
[38;5;0m[HTTP][0m [90m[39m
[38;5;0m[HTTP][0m [37m-->[39m [37mPOST[39m [37m/wd/hub/session/5e684878-2f13-4912-8dc7-6b2c79449d51/element/00000000-0000-0658-ffff-ffff00001cd1/click[39m
[38;5;0m[HTTP][0m [90m{"id":"00000000-0000-0658-ffff-ffff00001cd1"}[39m
[38;5;0m[HTTP][0m [37m<-- POST /wd/hub/session/5e684878-2f13-4912-8dc7-6b2c79449d51/element/00000000-0000-0658-ffff-ffff00001cd1/click [39m[32m200[39m [90m1163 ms - 14[39m
[38;5;0m[HTTP][0m [90m[39m
[38;5;0m[HTTP][0m [37m-->[39m [37mPOST[39m [37m/wd/hub/session/5e684878-2f13-4912-8dc7-6b2c79449d51/timeouts[39m
[38;5;0m[HTTP][0m [90m{"implicit":50}[39m
[38;5;0m[HTTP][0m [37m<-- POST /wd/hub/session/5e684878-2f13-4912-8dc7-6b2c79449d51/timeouts [39m[32m200[39m [90m1 ms - 14[39m
[38;5;0m[HTTP][0m [90m[39m
[38;5;0m[HTTP][0m [37m-->[39m [37mGET[39m [37m/wd/hub/session/5e684878-2f13-4912-8dc7-6b2c79449d51/window/rect[39m
[38;5;0m[HTTP][0m [90m{}[39m
[38;5;0m[HTTP][0m [37m<-- GET /wd/hub/session/5e684878-2f13-4912-8dc7-6b2c79449d51/window/rect [39m[32m200[39m [90m13 ms - 50[39m
[38;5;0m[HTTP][0m [90m[39m
[38;5;0m[HTTP][0m [37m-->[39m [37mPOST[39m [37m/wd/hub/session/5e684878-2f13-4912-8dc7-6b2c79449d51/elements[39m
[38;5;0m[HTTP][0m [90m{"using":"xpath","value":"//*[@resource-id = 'bcaf.crm.kkb.saleskit:id/jenisPembiayaan']"}[39m
[38;5;0m[HTTP][0m [37m<-- POST /wd/hub/session/5e684878-2f13-4912-8dc7-6b2c79449d51/elements [39m[32m200[39m [90m50 ms - 139[39m
[38;5;0m[HTTP][0m [90m[39m
[38;5;0m[HTTP][0m [37m-->[39m [37mGET[39m [37m/wd/hub/session/5e684878-2f13-4912-8dc7-6b2c79449d51/element/00000000-0000-0657-ffff-ffff00001cb7/location[39m
[38;5;0m[HTTP][0m [90m{}[39m
[38;5;48m[AndroidUiautomator2Driver@7eab (5e684878)][0m Driver proxy active, passing request on via HTTP proxy
[38;5;48m[AndroidUiautomator2Driver@7eab (5e684878)][0m Replacing sessionId 93c0b5bb-a3f6-4e31-a28f-e47fe4303c88 with 5e684878-2f13-4912-8dc7-6b2c79449d51
[38;5;0m[HTTP][0m [37m<-- GET /wd/hub/session/5e684878-2f13-4912-8dc7-6b2c79449d51/element/00000000-0000-0657-ffff-ffff00001cb7/location [39m[32m200[39m [90m18 ms - 78[39m
[38;5;0m[HTTP][0m [90m[39m
[38;5;0m[HTTP][0m [37m-->[39m [37mPOST[39m [37m/wd/hub/session/5e684878-2f13-4912-8dc7-6b2c79449d51/timeouts[39m
[38;5;0m[HTTP][0m [90m{"implicit":30000}[39m
[38;5;0m[HTTP][0m [37m<-- POST /wd/hub/session/5e684878-2f13-4912-8dc7-6b2c79449d51/timeouts [39m[32m200[39m [90m1 ms - 14[39m
[38;5;0m[HTTP][0m [90m[39m
[38;5;0m[HTTP][0m [37m-->[39m [37mPOST[39m [37m/wd/hub/session/5e684878-2f13-4912-8dc7-6b2c79449d51/element/00000000-0000-0657-ffff-ffff00001cb7/click[39m
[38;5;0m[HTTP][0m [90m{"id":"00000000-0000-0657-ffff-ffff00001cb7"}[39m
[38;5;0m[HTTP][0m [37m<-- POST /wd/hub/session/5e684878-2f13-4912-8dc7-6b2c79449d51/element/00000000-0000-0657-ffff-ffff00001cb7/click [39m[32m200[39m [90m993 ms - 14[39m
[38;5;0m[HTTP][0m [90m[39m
[38;5;0m[HTTP][0m [37m-->[39m [37mPOST[39m [37m/wd/hub/session/5e684878-2f13-4912-8dc7-6b2c79449d51/timeouts[39m
[38;5;0m[HTTP][0m [90m{"implicit":50}[39m
[38;5;0m[HTTP][0m [37m<-- POST /wd/hub/session/5e684878-2f13-4912-8dc7-6b2c79449d51/timeouts [39m[32m200[39m [90m1 ms - 14[39m
[38;5;0m[HTTP][0m [90m[39m
[38;5;0m[HTTP][0m [37m-->[39m [37mGET[39m [37m/wd/hub/session/5e684878-2f13-4912-8dc7-6b2c79449d51/window/rect[39m
[38;5;0m[HTTP][0m [90m{}[39m
[38;5;0m[HTTP][0m [37m<-- GET /wd/hub/session/5e684878-2f13-4912-8dc7-6b2c79449d51/window/rect [39m[32m200[39m [90m12 ms - 50[39m
[38;5;0m[HTTP][0m [90m[39m
[38;5;0m[HTTP][0m [37m-->[39m [37mPOST[39m [37m/wd/hub/session/5e684878-2f13-4912-8dc7-6b2c79449d51/elements[39m
[38;5;0m[HTTP][0m [90m{"using":"xpath","value":"//*[@class = 'android.widget.CheckedTextView' and (@text = 'Mobil Baru')]"}[39m
[38;5;0m[HTTP][0m [37m<-- POST /wd/hub/session/5e684878-2f13-4912-8dc7-6b2c79449d51/elements [39m[32m200[39m [90m46 ms - 139[39m
[38;5;0m[HTTP][0m [90m[39m
[38;5;0m[HTTP][0m [37m-->[39m [37mGET[39m [37m/wd/hub/session/5e684878-2f13-4912-8dc7-6b2c79449d51/element/00000000-0000-0659-ffff-ffff00001cda/location[39m
[38;5;0m[HTTP][0m [90m{}[39m
[38;5;48m[AndroidUiautomator2Driver@7eab (5e684878)][0m Driver proxy active, passing request on via HTTP proxy
[38;5;48m[AndroidUiautomator2Driver@7eab (5e684878)][0m Replacing sessionId 93c0b5bb-a3f6-4e31-a28f-e47fe4303c88 with 5e684878-2f13-4912-8dc7-6b2c79449d51
[38;5;0m[HTTP][0m [37m<-- GET /wd/hub/session/5e684878-2f13-4912-8dc7-6b2c79449d51/element/00000000-0000-0659-ffff-ffff00001cda/location [39m[32m200[39m [90m22 ms - 78[39m
[38;5;0m[HTTP][0m [90m[39m
[38;5;0m[HTTP][0m [37m-->[39m [37mPOST[39m [37m/wd/hub/session/5e684878-2f13-4912-8dc7-6b2c79449d51/timeouts[39m
[38;5;0m[HTTP][0m [90m{"implicit":30000}[39m
[38;5;0m[HTTP][0m [37m<-- POST /wd/hub/session/5e684878-2f13-4912-8dc7-6b2c79449d51/timeouts [39m[32m200[39m [90m1 ms - 14[39m
[38;5;0m[HTTP][0m [90m[39m
[38;5;0m[HTTP][0m [37m-->[39m [37mPOST[39m [37m/wd/hub/session/5e684878-2f13-4912-8dc7-6b2c79449d51/element/00000000-0000-0659-ffff-ffff00001cda/click[39m
[38;5;0m[HTTP][0m [90m{"id":"00000000-0000-0659-ffff-ffff00001cda"}[39m
[38;5;0m[HTTP][0m [37m<-- POST /wd/hub/session/5e684878-2f13-4912-8dc7-6b2c79449d51/element/00000000-0000-0659-ffff-ffff00001cda/click [39m[32m200[39m [90m1830 ms - 14[39m
[38;5;0m[HTTP][0m [90m[39m
[38;5;0m[HTTP][0m [37m-->[39m [37mPOST[39m [37m/wd/hub/session/5e684878-2f13-4912-8dc7-6b2c79449d51/timeouts[39m
[38;5;0m[HTTP][0m [90m{"implicit":50}[39m
[38;5;0m[HTTP][0m [37m<-- POST /wd/hub/session/5e684878-2f13-4912-8dc7-6b2c79449d51/timeouts [39m[32m200[39m [90m1 ms - 14[39m
[38;5;0m[HTTP][0m [90m[39m
[38;5;0m[HTTP][0m [37m-->[39m [37mGET[39m [37m/wd/hub/session/5e684878-2f13-4912-8dc7-6b2c79449d51/window/rect[39m
[38;5;0m[HTTP][0m [90m{}[39m
[38;5;0m[HTTP][0m [37m<-- GET /wd/hub/session/5e684878-2f13-4912-8dc7-6b2c79449d51/window/rect [39m[32m200[39m [90m9 ms - 50[39m
[38;5;0m[HTTP][0m [90m[39m
[38;5;0m[HTTP][0m [37m-->[39m [37mPOST[39m [37m/wd/hub/session/5e684878-2f13-4912-8dc7-6b2c79449d51/elements[39m
[38;5;0m[HTTP][0m [90m{"using":"xpath","value":"//*[@resource-id = 'bcaf.crm.kkb.saleskit:id/tipeKonsumen']"}[39m
[38;5;0m[HTTP][0m [37m<-- POST /wd/hub/session/5e684878-2f13-4912-8dc7-6b2c79449d51/elements [39m[32m200[39m [90m38 ms - 139[39m
[38;5;0m[HTTP][0m [90m[39m
[38;5;0m[HTTP][0m [37m-->[39m [37mGET[39m [37m/wd/hub/session/5e684878-2f13-4912-8dc7-6b2c79449d51/element/00000000-0000-0657-ffff-ffff00001cb9/location[39m
[38;5;0m[HTTP][0m [90m{}[39m
[38;5;48m[AndroidUiautomator2Driver@7eab (5e684878)][0m Driver proxy active, passing request on via HTTP proxy
[38;5;48m[AndroidUiautomator2Driver@7eab (5e684878)][0m Replacing sessionId 93c0b5bb-a3f6-4e31-a28f-e47fe4303c88 with 5e684878-2f13-4912-8dc7-6b2c79449d51
[38;5;0m[HTTP][0m [37m<-- GET /wd/hub/session/5e684878-2f13-4912-8dc7-6b2c79449d51/element/00000000-0000-0657-ffff-ffff00001cb9/location [39m[32m200[39m [90m14 ms - 79[39m
[38;5;0m[HTTP][0m [90m[39m
[38;5;0m[HTTP][0m [37m-->[39m [37mPOST[39m [37m/wd/hub/session/5e684878-2f13-4912-8dc7-6b2c79449d51/timeouts[39m
[38;5;0m[HTTP][0m [90m{"implicit":30000}[39m
[38;5;0m[HTTP][0m [37m<-- POST /wd/hub/session/5e684878-2f13-4912-8dc7-6b2c79449d51/timeouts [39m[32m200[39m [90m1 ms - 14[39m
[38;5;0m[HTTP][0m [90m[39m
[38;5;0m[HTTP][0m [37m-->[39m [37mPOST[39m [37m/wd/hub/session/5e684878-2f13-4912-8dc7-6b2c79449d51/element/00000000-0000-0657-ffff-ffff00001cb9/click[39m
[38;5;0m[HTTP][0m [90m{"id":"00000000-0000-0657-ffff-ffff00001cb9"}[39m
[38;5;0m[HTTP][0m [37m<-- POST /wd/hub/session/5e684878-2f13-4912-8dc7-6b2c79449d51/element/00000000-0000-0657-ffff-ffff00001cb9/click [39m[32m200[39m [90m77 ms - 14[39m
[38;5;0m[HTTP][0m [90m[39m
[38;5;0m[HTTP][0m [37m-->[39m [37mPOST[39m [37m/wd/hub/session/5e684878-2f13-4912-8dc7-6b2c79449d51/timeouts[39m
[38;5;0m[HTTP][0m [90m{"implicit":50}[39m
[38;5;0m[HTTP][0m [37m<-- POST /wd/hub/session/5e684878-2f13-4912-8dc7-6b2c79449d51/timeouts [39m[32m200[39m [90m1 ms - 14[39m
[38;5;0m[HTTP][0m [90m[39m
[38;5;0m[HTTP][0m [37m-->[39m [37mGET[39m [37m/wd/hub/session/5e684878-2f13-4912-8dc7-6b2c79449d51/window/rect[39m
[38;5;0m[HTTP][0m [90m{}[39m
[38;5;0m[HTTP][0m [37m<-- GET /wd/hub/session/5e684878-2f13-4912-8dc7-6b2c79449d51/window/rect [39m[32m200[39m [90m11 ms - 50[39m
[38;5;0m[HTTP][0m [90m[39m
[38;5;0m[HTTP][0m [37m-->[39m [37mPOST[39m [37m/wd/hub/session/5e684878-2f13-4912-8dc7-6b2c79449d51/elements[39m
[38;5;0m[HTTP][0m [90m{"using":"xpath","value":"//*[@class = 'android.widget.CheckedTextView' and (@text = 'Perorangan')]"}[39m
[38;5;0m[HTTP][0m [37m<-- POST /wd/hub/session/5e684878-2f13-4912-8dc7-6b2c79449d51/elements [39m[32m200[39m [90m964 ms - 139[39m
[38;5;0m[HTTP][0m [90m[39m
[38;5;0m[HTTP][0m [37m-->[39m [37mGET[39m [37m/wd/hub/session/5e684878-2f13-4912-8dc7-6b2c79449d51/element/00000000-0000-065c-ffff-ffff00001d18/location[39m
[38;5;0m[HTTP][0m [90m{}[39m
[38;5;48m[AndroidUiautomator2Driver@7eab (5e684878)][0m Driver proxy active, passing request on via HTTP proxy
[38;5;48m[AndroidUiautomator2Driver@7eab (5e684878)][0m Replacing sessionId 93c0b5bb-a3f6-4e31-a28f-e47fe4303c88 with 5e684878-2f13-4912-8dc7-6b2c79449d51
[38;5;0m[HTTP][0m [37m<-- GET /wd/hub/session/5e684878-2f13-4912-8dc7-6b2c79449d51/element/00000000-0000-065c-ffff-ffff00001d18/location [39m[32m200[39m [90m13 ms - 79[39m
[38;5;0m[HTTP][0m [90m[39m
[38;5;0m[HTTP][0m [37m-->[39m [37mPOST[39m [37m/wd/hub/session/5e684878-2f13-4912-8dc7-6b2c79449d51/timeouts[39m
[38;5;0m[HTTP][0m [90m{"implicit":30000}[39m
[38;5;0m[HTTP][0m [37m<-- POST /wd/hub/session/5e684878-2f13-4912-8dc7-6b2c79449d51/timeouts [39m[32m200[39m [90m1 ms - 14[39m
[38;5;0m[HTTP][0m [90m[39m
[38;5;0m[HTTP][0m [37m-->[39m [37mPOST[39m [37m/wd/hub/session/5e684878-2f13-4912-8dc7-6b2c79449d51/element/00000000-0000-065c-ffff-ffff00001d18/click[39m
[38;5;0m[HTTP][0m [90m{"id":"00000000-0000-065c-ffff-ffff00001d18"}[39m
[38;5;0m[HTTP][0m [37m<-- POST /wd/hub/session/5e684878-2f13-4912-8dc7-6b2c79449d51/element/00000000-0000-065c-ffff-ffff00001d18/click [39m[32m200[39m [90m757 ms - 14[39m
[38;5;0m[HTTP][0m [90m[39m
[38;5;0m[HTTP][0m [37m-->[39m [37mPOST[39m [37m/wd/hub/session/5e684878-2f13-4912-8dc7-6b2c79449d51/timeouts[39m
[38;5;0m[HTTP][0m [90m{"implicit":50}[39m
[38;5;0m[HTTP][0m [37m<-- POST /wd/hub/session/5e684878-2f13-4912-8dc7-6b2c79449d51/timeouts [39m[32m200[39m [90m1 ms - 14[39m
[38;5;0m[HTTP][0m [90m[39m
[38;5;0m[HTTP][0m [37m-->[39m [37mGET[39m [37m/wd/hub/session/5e684878-2f13-4912-8dc7-6b2c79449d51/window/rect[39m
[38;5;0m[HTTP][0m [90m{}[39m
[38;5;0m[HTTP][0m [37m<-- GET /wd/hub/session/5e684878-2f13-4912-8dc7-6b2c79449d51/window/rect [39m[32m200[39m [90m13 ms - 50[39m
[38;5;0m[HTTP][0m [90m[39m
[38;5;0m[HTTP][0m [37m-->[39m [37mPOST[39m [37m/wd/hub/session/5e684878-2f13-4912-8dc7-6b2c79449d51/elements[39m
[38;5;0m[HTTP][0m [90m{"using":"xpath","value":"//*[@resource-id = 'bcaf.crm.kkb.saleskit:id/npwpY']"}[39m
[38;5;0m[HTTP][0m [37m<-- POST /wd/hub/session/5e684878-2f13-4912-8dc7-6b2c79449d51/elements [39m[32m200[39m [90m49 ms - 139[39m
[38;5;0m[HTTP][0m [90m[39m
[38;5;0m[HTTP][0m [37m-->[39m [37mGET[39m [37m/wd/hub/session/5e684878-2f13-4912-8dc7-6b2c79449d51/element/00000000-0000-0657-ffff-ffff00001cbd/location[39m
[38;5;0m[HTTP][0m [90m{}[39m
[38;5;48m[AndroidUiautomator2Driver@7eab (5e684878)][0m Driver proxy active, passing request on via HTTP proxy
[38;5;48m[AndroidUiautomator2Driver@7eab (5e684878)][0m Replacing sessionId 93c0b5bb-a3f6-4e31-a28f-e47fe4303c88 with 5e684878-2f13-4912-8dc7-6b2c79449d51
[38;5;0m[HTTP][0m [37m<-- GET /wd/hub/session/5e684878-2f13-4912-8dc7-6b2c79449d51/element/00000000-0000-0657-ffff-ffff00001cbd/location [39m[32m200[39m [90m22 ms - 79[39m
[38;5;0m[HTTP][0m [90m[39m
[38;5;0m[HTTP][0m [37m-->[39m [37mPOST[39m [37m/wd/hub/session/5e684878-2f13-4912-8dc7-6b2c79449d51/timeouts[39m
[38;5;0m[HTTP][0m [90m{"implicit":30000}[39m
[38;5;0m[HTTP][0m [37m<-- POST /wd/hub/session/5e684878-2f13-4912-8dc7-6b2c79449d51/timeouts [39m[32m200[39m [90m1 ms - 14[39m
[38;5;0m[HTTP][0m [90m[39m
[38;5;0m[HTTP][0m [37m-->[39m [37mPOST[39m [37m/wd/hub/session/5e684878-2f13-4912-8dc7-6b2c79449d51/element/00000000-0000-0657-ffff-ffff00001cbd/click[39m
[38;5;0m[HTTP][0m [90m{"id":"00000000-0000-0657-ffff-ffff00001cbd"}[39m
[38;5;0m[HTTP][0m [37m<-- POST /wd/hub/session/5e684878-2f13-4912-8dc7-6b2c79449d51/element/00000000-0000-0657-ffff-ffff00001cbd/click [39m[32m200[39m [90m69 ms - 14[39m
[38;5;0m[HTTP][0m [90m[39m
[38;5;0m[HTTP][0m [37m-->[39m [37mPOST[39m [37m/wd/hub/session/5e684878-2f13-4912-8dc7-6b2c79449d51/timeouts[39m
[38;5;0m[HTTP][0m [90m{"implicit":50}[39m
[38;5;0m[HTTP][0m [37m<-- POST /wd/hub/session/5e684878-2f13-4912-8dc7-6b2c79449d51/timeouts [39m[32m200[39m [90m1 ms - 14[39m
[38;5;0m[HTTP][0m [90m[39m
[38;5;0m[HTTP][0m [37m-->[39m [37mGET[39m [37m/wd/hub/session/5e684878-2f13-4912-8dc7-6b2c79449d51/window/rect[39m
[38;5;0m[HTTP][0m [90m{}[39m
[38;5;0m[HTTP][0m [37m<-- GET /wd/hub/session/5e684878-2f13-4912-8dc7-6b2c79449d51/window/rect [39m[32m200[39m [90m8 ms - 50[39m
[38;5;0m[HTTP][0m [90m[39m
[38;5;0m[HTTP][0m [37m-->[39m [37mPOST[39m [37m/wd/hub/session/5e684878-2f13-4912-8dc7-6b2c79449d51/elements[39m
[38;5;0m[HTTP][0m [90m{"using":"xpath","value":"//*[@resource-id = 'bcaf.crm.kkb.saleskit:id/cluster']"}[39m
[38;5;0m[HTTP][0m [37m<-- POST /wd/hub/session/5e684878-2f13-4912-8dc7-6b2c79449d51/elements [39m[32m200[39m [90m1577 ms - 139[39m
[38;5;0m[HTTP][0m [90m[39m
[38;5;0m[HTTP][0m [37m-->[39m [37mGET[39m [37m/wd/hub/session/5e684878-2f13-4912-8dc7-6b2c79449d51/element/00000000-0000-0657-ffff-ffff00001cc2/location[39m
[38;5;0m[HTTP][0m [90m{}[39m
[38;5;48m[AndroidUiautomator2Driver@7eab (5e684878)][0m Driver proxy active, passing request on via HTTP proxy
[38;5;48m[AndroidUiautomator2Driver@7eab (5e684878)][0m Replacing sessionId 93c0b5bb-a3f6-4e31-a28f-e47fe4303c88 with 5e684878-2f13-4912-8dc7-6b2c79449d51
[38;5;0m[HTTP][0m [37m<-- GET /wd/hub/session/5e684878-2f13-4912-8dc7-6b2c79449d51/element/00000000-0000-0657-ffff-ffff00001cc2/location [39m[32m200[39m [90m13 ms - 79[39m
[38;5;0m[HTTP][0m [90m[39m
[38;5;0m[HTTP][0m [37m-->[39m [37mPOST[39m [37m/wd/hub/session/5e684878-2f13-4912-8dc7-6b2c79449d51/timeouts[39m
[38;5;0m[HTTP][0m [90m{"implicit":30000}[39m
[38;5;0m[HTTP][0m [37m<-- POST /wd/hub/session/5e684878-2f13-4912-8dc7-6b2c79449d51/timeouts [39m[32m200[39m [90m1 ms - 14[39m
[38;5;0m[HTTP][0m [90m[39m
[38;5;0m[HTTP][0m [37m-->[39m [37mPOST[39m [37m/wd/hub/session/5e684878-2f13-4912-8dc7-6b2c79449d51/element/00000000-0000-0657-ffff-ffff00001cc2/click[39m
[38;5;0m[HTTP][0m [90m{"id":"00000000-0000-0657-ffff-ffff00001cc2"}[39m
[38;5;0m[HTTP][0m [37m<-- POST /wd/hub/session/5e684878-2f13-4912-8dc7-6b2c79449d51/element/00000000-0000-0657-ffff-ffff00001cc2/click [39m[32m200[39m [90m944 ms - 14[39m
[38;5;0m[HTTP][0m [90m[39m
[38;5;0m[HTTP][0m [37m-->[39m [37mPOST[39m [37m/wd/hub/session/5e684878-2f13-4912-8dc7-6b2c79449d51/timeouts[39m
[38;5;0m[HTTP][0m [90m{"implicit":50}[39m
[38;5;0m[HTTP][0m [37m<-- POST /wd/hub/session/5e684878-2f13-4912-8dc7-6b2c79449d51/timeouts [39m[32m200[39m [90m1 ms - 14[39m
[38;5;0m[HTTP][0m [90m[39m
[38;5;0m[HTTP][0m [37m-->[39m [37mGET[39m [37m/wd/hub/session/5e684878-2f13-4912-8dc7-6b2c79449d51/window/rect[39m
[38;5;0m[HTTP][0m [90m{}[39m
[38;5;0m[HTTP][0m [37m<-- GET /wd/hub/session/5e684878-2f13-4912-8dc7-6b2c79449d51/window/rect [39m[32m200[39m [90m11 ms - 50[39m
[38;5;0m[HTTP][0m [90m[39m
[38;5;0m[HTTP][0m [37m-->[39m [37mPOST[39m [37m/wd/hub/session/5e684878-2f13-4912-8dc7-6b2c79449d51/elements[39m
[38;5;0m[HTTP][0m [90m{"using":"xpath","value":"//*[@class = 'android.widget.CheckedTextView' and (@text = 'A')]"}[39m
[38;5;0m[HTTP][0m [37m<-- POST /wd/hub/session/5e684878-2f13-4912-8dc7-6b2c79449d51/elements [39m[32m200[39m [90m31 ms - 139[39m
[38;5;0m[HTTP][0m [90m[39m
[38;5;0m[HTTP][0m [37m-->[39m [37mGET[39m [37m/wd/hub/session/5e684878-2f13-4912-8dc7-6b2c79449d51/element/00000000-0000-065e-ffff-ffff00001d3a/location[39m
[38;5;0m[HTTP][0m [90m{}[39m
[38;5;48m[AndroidUiautomator2Driver@7eab (5e684878)][0m Driver proxy active, passing request on via HTTP proxy
[38;5;48m[AndroidUiautomator2Driver@7eab (5e684878)][0m Replacing sessionId 93c0b5bb-a3f6-4e31-a28f-e47fe4303c88 with 5e684878-2f13-4912-8dc7-6b2c79449d51
[38;5;0m[HTTP][0m [37m<-- GET /wd/hub/session/5e684878-2f13-4912-8dc7-6b2c79449d51/element/00000000-0000-065e-ffff-ffff00001d3a/location [39m[32m200[39m [90m12 ms - 79[39m
[38;5;0m[HTTP][0m [90m[39m
[38;5;0m[HTTP][0m [37m-->[39m [37mPOST[39m [37m/wd/hub/session/5e684878-2f13-4912-8dc7-6b2c79449d51/timeouts[39m
[38;5;0m[HTTP][0m [90m{"implicit":30000}[39m
[38;5;0m[HTTP][0m [37m<-- POST /wd/hub/session/5e684878-2f13-4912-8dc7-6b2c79449d51/timeouts [39m[32m200[39m [90m1 ms - 14[39m
[38;5;0m[HTTP][0m [90m[39m
[38;5;0m[HTTP][0m [37m-->[39m [37mPOST[39m [37m/wd/hub/session/5e684878-2f13-4912-8dc7-6b2c79449d51/element/00000000-0000-065e-ffff-ffff00001d3a/click[39m
[38;5;0m[HTTP][0m [90m{"id":"00000000-0000-065e-ffff-ffff00001d3a"}[39m
[38;5;0m[HTTP][0m [37m<-- POST /wd/hub/session/5e684878-2f13-4912-8dc7-6b2c79449d51/element/00000000-0000-065e-ffff-ffff00001d3a/click [39m[32m200[39m [90m747 ms - 14[39m
[38;5;0m[HTTP][0m [90m[39m
[38;5;0m[HTTP][0m [37m-->[39m [37mPOST[39m [37m/wd/hub/session/5e684878-2f13-4912-8dc7-6b2c79449d51/timeouts[39m
[38;5;0m[HTTP][0m [90m{"implicit":50}[39m
[38;5;0m[HTTP][0m [37m<-- POST /wd/hub/session/5e684878-2f13-4912-8dc7-6b2c79449d51/timeouts [39m[32m200[39m [90m1 ms - 14[39m
[38;5;0m[HTTP][0m [90m[39m
[38;5;0m[HTTP][0m [37m-->[39m [37mGET[39m [37m/wd/hub/session/5e684878-2f13-4912-8dc7-6b2c79449d51/window/rect[39m
[38;5;0m[HTTP][0m [90m{}[39m
[38;5;0m[HTTP][0m [37m<-- GET /wd/hub/session/5e684878-2f13-4912-8dc7-6b2c79449d51/window/rect [39m[32m200[39m [90m8 ms - 50[39m
[38;5;0m[HTTP][0m [90m[39m
[38;5;0m[HTTP][0m [37m-->[39m [37mPOST[39m [37m/wd/hub/session/5e684878-2f13-4912-8dc7-6b2c79449d51/elements[39m
[38;5;0m[HTTP][0m [90m{"using":"xpath","value":"//*[@resource-id = 'bcaf.crm.kkb.saleskit:id/tujuanPenggunaan']"}[39m
[38;5;0m[HTTP][0m [37m<-- POST /wd/hub/session/5e684878-2f13-4912-8dc7-6b2c79449d51/elements [39m[32m200[39m [90m40 ms - 139[39m
[38;5;0m[HTTP][0m [90m[39m
[38;5;0m[HTTP][0m [37m-->[39m [37mGET[39m [37m/wd/hub/session/5e684878-2f13-4912-8dc7-6b2c79449d51/element/00000000-0000-0657-ffff-ffff00001cc6/location[39m
[38;5;0m[HTTP][0m [90m{}[39m
[38;5;48m[AndroidUiautomator2Driver@7eab (5e684878)][0m Driver proxy active, passing request on via HTTP proxy
[38;5;48m[AndroidUiautomator2Driver@7eab (5e684878)][0m Replacing sessionId 93c0b5bb-a3f6-4e31-a28f-e47fe4303c88 with 5e684878-2f13-4912-8dc7-6b2c79449d51
[38;5;0m[HTTP][0m [37m<-- GET /wd/hub/session/5e684878-2f13-4912-8dc7-6b2c79449d51/element/00000000-0000-0657-ffff-ffff00001cc6/location [39m[32m200[39m [90m14 ms - 79[39m
[38;5;0m[HTTP][0m [90m[39m
[38;5;0m[HTTP][0m [37m-->[39m [37mPOST[39m [37m/wd/hub/session/5e684878-2f13-4912-8dc7-6b2c79449d51/timeouts[39m
[38;5;0m[HTTP][0m [90m{"implicit":30000}[39m
[38;5;0m[HTTP][0m [37m<-- POST /wd/hub/session/5e684878-2f13-4912-8dc7-6b2c79449d51/timeouts [39m[32m200[39m [90m1 ms - 14[39m
[38;5;0m[HTTP][0m [90m[39m
[38;5;0m[HTTP][0m [37m-->[39m [37mPOST[39m [37m/wd/hub/session/5e684878-2f13-4912-8dc7-6b2c79449d51/element/00000000-0000-0657-ffff-ffff00001cc6/click[39m
[38;5;0m[HTTP][0m [90m{"id":"00000000-0000-0657-ffff-ffff00001cc6"}[39m
[38;5;0m[HTTP][0m [37m<-- POST /wd/hub/session/5e684878-2f13-4912-8dc7-6b2c79449d51/element/00000000-0000-0657-ffff-ffff00001cc6/click [39m[32m200[39m [90m73 ms - 14[39m
[38;5;0m[HTTP][0m [90m[39m
[38;5;0m[HTTP][0m [37m-->[39m [37mPOST[39m [37m/wd/hub/session/5e684878-2f13-4912-8dc7-6b2c79449d51/timeouts[39m
[38;5;0m[HTTP][0m [90m{"implicit":50}[39m
[38;5;0m[HTTP][0m [37m<-- POST /wd/hub/session/5e684878-2f13-4912-8dc7-6b2c79449d51/timeouts [39m[32m200[39m [90m1 ms - 14[39m
[38;5;0m[HTTP][0m [90m[39m
[38;5;0m[HTTP][0m [37m-->[39m [37mGET[39m [37m/wd/hub/session/5e684878-2f13-4912-8dc7-6b2c79449d51/window/rect[39m
[38;5;0m[HTTP][0m [90m{}[39m
[38;5;0m[HTTP][0m [37m<-- GET /wd/hub/session/5e684878-2f13-4912-8dc7-6b2c79449d51/window/rect [39m[32m200[39m [90m14 ms - 50[39m
[38;5;0m[HTTP][0m [90m[39m
[38;5;0m[HTTP][0m [37m-->[39m [37mPOST[39m [37m/wd/hub/session/5e684878-2f13-4912-8dc7-6b2c79449d51/elements[39m
[38;5;0m[HTTP][0m [90m{"using":"xpath","value":"//*[@class = 'android.widget.CheckedTextView' and (@text = 'Non Produktif')]"}[39m
[38;5;0m[HTTP][0m [37m<-- POST /wd/hub/session/5e684878-2f13-4912-8dc7-6b2c79449d51/elements [39m[32m200[39m [90m900 ms - 139[39m
[38;5;0m[HTTP][0m [90m[39m
[38;5;0m[HTTP][0m [37m-->[39m [37mGET[39m [37m/wd/hub/session/5e684878-2f13-4912-8dc7-6b2c79449d51/element/00000000-0000-065f-ffff-ffff00001d40/location[39m
[38;5;0m[HTTP][0m [90m{}[39m
[38;5;48m[AndroidUiautomator2Driver@7eab (5e684878)][0m Driver proxy active, passing request on via HTTP proxy
[38;5;48m[AndroidUiautomator2Driver@7eab (5e684878)][0m Replacing sessionId 93c0b5bb-a3f6-4e31-a28f-e47fe4303c88 with 5e684878-2f13-4912-8dc7-6b2c79449d51
[38;5;0m[HTTP][0m [37m<-- GET /wd/hub/session/5e684878-2f13-4912-8dc7-6b2c79449d51/element/00000000-0000-065f-ffff-ffff00001d40/location [39m[32m200[39m [90m18 ms - 79[39m
[38;5;0m[HTTP][0m [90m[39m
[38;5;0m[HTTP][0m [37m-->[39m [37mPOST[39m [37m/wd/hub/session/5e684878-2f13-4912-8dc7-6b2c79449d51/timeouts[39m
[38;5;0m[HTTP][0m [90m{"implicit":30000}[39m
[38;5;0m[HTTP][0m [37m<-- POST /wd/hub/session/5e684878-2f13-4912-8dc7-6b2c79449d51/timeouts [39m[32m200[39m [90m1 ms - 14[39m
[38;5;0m[HTTP][0m [90m[39m
[38;5;0m[HTTP][0m [37m-->[39m [37mPOST[39m [37m/wd/hub/session/5e684878-2f13-4912-8dc7-6b2c79449d51/element/00000000-0000-065f-ffff-ffff00001d40/click[39m
[38;5;0m[HTTP][0m [90m{"id":"00000000-0000-065f-ffff-ffff00001d40"}[39m
[38;5;0m[HTTP][0m [37m<-- POST /wd/hub/session/5e684878-2f13-4912-8dc7-6b2c79449d51/element/00000000-0000-065f-ffff-ffff00001d40/click [39m[32m200[39m [90m728 ms - 14[39m
[38;5;0m[HTTP][0m [90m[39m
[38;5;0m[HTTP][0m [37m-->[39m [37mGET[39m [37m/wd/hub/session/5e684878-2f13-4912-8dc7-6b2c79449d51/context[39m
[38;5;0m[HTTP][0m [90m{}[39m
[38;5;0m[HTTP][0m [37m<-- GET /wd/hub/session/5e684878-2f13-4912-8dc7-6b2c79449d51/context [39m[32m200[39m [90m1 ms - 22[39m
[38;5;0m[HTTP][0m [90m[39m
[38;5;0m[HTTP][0m [37m-->[39m [37mGET[39m [37m/wd/hub/session/5e684878-2f13-4912-8dc7-6b2c79449d51/contexts[39m
[38;5;0m[HTTP][0m [90m{}[39m
[38;5;0m[HTTP][0m [37m<-- GET /wd/hub/session/5e684878-2f13-4912-8dc7-6b2c79449d51/contexts [39m[32m200[39m [90m199 ms - 56[39m
[38;5;0m[HTTP][0m [90m[39m
[38;5;0m[HTTP][0m [37m-->[39m [37mPOST[39m [37m/wd/hub/session/5e684878-2f13-4912-8dc7-6b2c79449d51/context[39m
[38;5;0m[HTTP][0m [90m{"name":"NATIVE_APP"}[39m
[38;5;0m[HTTP][0m [37m<-- POST /wd/hub/session/5e684878-2f13-4912-8dc7-6b2c79449d51/context [39m[32m200[39m [90m1 ms - 14[39m
[38;5;0m[HTTP][0m [90m[39m
[38;5;0m[HTTP][0m [37m-->[39m [37mGET[39m [37m/wd/hub/session/5e684878-2f13-4912-8dc7-6b2c79449d51/screenshot[39m
[38;5;0m[HTTP][0m [90m{}[39m
[38;5;0m[HTTP][0m [37m<-- GET /wd/hub/session/5e684878-2f13-4912-8dc7-6b2c79449d51/screenshot [39m[32m200[39m [90m357 ms - 296396[39m
[38;5;0m[HTTP][0m [90m[39m
[38;5;0m[HTTP][0m [37m-->[39m [37mPOST[39m [37m/wd/hub/session/5e684878-2f13-4912-8dc7-6b2c79449d51/context[39m
[38;5;0m[HTTP][0m [90m{"name":"NATIVE_APP"}[39m
[38;5;0m[HTTP][0m [37m<-- POST /wd/hub/session/5e684878-2f13-4912-8dc7-6b2c79449d51/context [39m[32m200[39m [90m1 ms - 14[39m
[38;5;0m[HTTP][0m [90m[39m
[38;5;0m[HTTP][0m [37m-->[39m [37mPOST[39m [37m/wd/hub/session/5e684878-2f13-4912-8dc7-6b2c79449d51/timeouts[39m
[38;5;0m[HTTP][0m [90m{"implicit":50}[39m
[38;5;0m[HTTP][0m [37m<-- POST /wd/hub/session/5e684878-2f13-4912-8dc7-6b2c79449d51/timeouts [39m[32m200[39m [90m1 ms - 14[39m
[38;5;0m[HTTP][0m [90m[39m
[38;5;0m[HTTP][0m [37m-->[39m [37mGET[39m [37m/wd/hub/session/5e684878-2f13-4912-8dc7-6b2c79449d51/window/rect[39m
[38;5;0m[HTTP][0m [90m{}[39m
[38;5;0m[HTTP][0m [37m<-- GET /wd/hub/session/5e684878-2f13-4912-8dc7-6b2c79449d51/window/rect [39m[32m200[39m [90m10 ms - 50[39m
[38;5;0m[HTTP][0m [90m[39m
[38;5;0m[HTTP][0m [37m-->[39m [37mPOST[39m [37m/wd/hub/session/5e684878-2f13-4912-8dc7-6b2c79449d51/elements[39m
[38;5;0m[HTTP][0m [90m{"using":"xpath","value":"//*[@resource-id = 'bcaf.crm.kkb.saleskit:id/nextSimKredit']"}[39m
[38;5;0m[HTTP][0m [37m<-- POST /wd/hub/session/5e684878-2f13-4912-8dc7-6b2c79449d51/elements [39m[32m200[39m [90m34 ms - 139[39m
[38;5;0m[HTTP][0m [90m[39m
[38;5;0m[HTTP][0m [37m-->[39m [37mGET[39m [37m/wd/hub/session/5e684878-2f13-4912-8dc7-6b2c79449d51/element/00000000-0000-0657-ffff-ffff00001cc8/location[39m
[38;5;0m[HTTP][0m [90m{}[39m
[38;5;48m[AndroidUiautomator2Driver@7eab (5e684878)][0m Driver proxy active, passing request on via HTTP proxy
[38;5;48m[AndroidUiautomator2Driver@7eab (5e684878)][0m Replacing sessionId 93c0b5bb-a3f6-4e31-a28f-e47fe4303c88 with 5e684878-2f13-4912-8dc7-6b2c79449d51
[38;5;0m[HTTP][0m [37m<-- GET /wd/hub/session/5e684878-2f13-4912-8dc7-6b2c79449d51/element/00000000-0000-0657-ffff-ffff00001cc8/location [39m[32m200[39m [90m16 ms - 78[39m
[38;5;0m[HTTP][0m [90m[39m
[38;5;0m[HTTP][0m [37m-->[39m [37mPOST[39m [37m/wd/hub/session/5e684878-2f13-4912-8dc7-6b2c79449d51/timeouts[39m
[38;5;0m[HTTP][0m [90m{"implicit":30000}[39m
[38;5;0m[HTTP][0m [37m<-- POST /wd/hub/session/5e684878-2f13-4912-8dc7-6b2c79449d51/timeouts [39m[32m200[39m [90m1 ms - 14[39m
[38;5;0m[HTTP][0m [90m[39m
[38;5;0m[HTTP][0m [37m-->[39m [37mPOST[39m [37m/wd/hub/session/5e684878-2f13-4912-8dc7-6b2c79449d51/element/00000000-0000-0657-ffff-ffff00001cc8/click[39m
[38;5;0m[HTTP][0m [90m{"id":"00000000-0000-0657-ffff-ffff00001cc8"}[39m
[38;5;0m[HTTP][0m [37m<-- POST /wd/hub/session/5e684878-2f13-4912-8dc7-6b2c79449d51/element/00000000-0000-0657-ffff-ffff00001cc8/click [39m[32m200[39m [90m921 ms - 14[39m
[38;5;0m[HTTP][0m [90m[39m
[38;5;0m[HTTP][0m [37m-->[39m [37mPOST[39m [37m/wd/hub/session/5e684878-2f13-4912-8dc7-6b2c79449d51/timeouts[39m
[38;5;0m[HTTP][0m [90m{"implicit":50}[39m
[38;5;0m[HTTP][0m [37m<-- POST /wd/hub/session/5e684878-2f13-4912-8dc7-6b2c79449d51/timeouts [39m[32m200[39m [90m1 ms - 14[39m
[38;5;0m[HTTP][0m [90m[39m
[38;5;0m[HTTP][0m [37m-->[39m [37mGET[39m [37m/wd/hub/session/5e684878-2f13-4912-8dc7-6b2c79449d51/window/rect[39m
[38;5;0m[HTTP][0m [90m{}[39m
[38;5;0m[HTTP][0m [37m<-- GET /wd/hub/session/5e684878-2f13-4912-8dc7-6b2c79449d51/window/rect [39m[32m200[39m [90m15 ms - 50[39m
[38;5;0m[HTTP][0m [90m[39m
[38;5;0m[HTTP][0m [37m-->[39m [37mPOST[39m [37m/wd/hub/session/5e684878-2f13-4912-8dc7-6b2c79449d51/elements[39m
[38;5;0m[HTTP][0m [90m{"using":"xpath","value":"//*[@resource-id = 'bcaf.crm.kkb.saleskit:id/hargaKendaraan']"}[39m
[38;5;0m[HTTP][0m [37m<-- POST /wd/hub/session/5e684878-2f13-4912-8dc7-6b2c79449d51/elements [39m[32m200[39m [90m470 ms - 139[39m
[38;5;0m[HTTP][0m [90m[39m
[38;5;0m[HTTP][0m [37m-->[39m [37mGET[39m [37m/wd/hub/session/5e684878-2f13-4912-8dc7-6b2c79449d51/element/00000000-0000-0661-ffff-ffff00001d6d/location[39m
[38;5;0m[HTTP][0m [90m{}[39m
[38;5;48m[AndroidUiautomator2Driver@7eab (5e684878)][0m Driver proxy active, passing request on via HTTP proxy
[38;5;48m[AndroidUiautomator2Driver@7eab (5e684878)][0m Replacing sessionId 93c0b5bb-a3f6-4e31-a28f-e47fe4303c88 with 5e684878-2f13-4912-8dc7-6b2c79449d51
[38;5;0m[HTTP][0m [37m<-- GET /wd/hub/session/5e684878-2f13-4912-8dc7-6b2c79449d51/element/00000000-0000-0661-ffff-ffff00001d6d/location [39m[32m200[39m [90m867 ms - 78[39m
[38;5;0m[HTTP][0m [90m[39m
[38;5;0m[HTTP][0m [37m-->[39m [37mPOST[39m [37m/wd/hub/session/5e684878-2f13-4912-8dc7-6b2c79449d51/timeouts[39m
[38;5;0m[HTTP][0m [90m{"implicit":30000}[39m
[38;5;0m[HTTP][0m [37m<-- POST /wd/hub/session/5e684878-2f13-4912-8dc7-6b2c79449d51/timeouts [39m[32m200[39m [90m1 ms - 14[39m
[38;5;0m[HTTP][0m [90m[39m
[38;5;0m[HTTP][0m [37m-->[39m [37mPOST[39m [37m/wd/hub/session/5e684878-2f13-4912-8dc7-6b2c79449d51/element/00000000-0000-0661-ffff-ffff00001d6d/click[39m
[38;5;0m[HTTP][0m [90m{"id":"00000000-0000-0661-ffff-ffff00001d6d"}[39m
[38;5;0m[HTTP][0m [37m<-- POST /wd/hub/session/5e684878-2f13-4912-8dc7-6b2c79449d51/element/00000000-0000-0661-ffff-ffff00001d6d/click [39m[32m200[39m [90m92 ms - 14[39m
[38;5;0m[HTTP][0m [90m[39m
[38;5;0m[HTTP][0m [37m-->[39m [37mPOST[39m [37m/wd/hub/session/5e684878-2f13-4912-8dc7-6b2c79449d51/appium/device/press_keycode[39m
[38;5;0m[HTTP][0m [90m{"keycode":9}[39m
[38;5;0m[HTTP][0m [37m<-- POST /wd/hub/session/5e684878-2f13-4912-8dc7-6b2c79449d51/appium/device/press_keycode [39m[32m200[39m [90m967 ms - 14[39m
[38;5;0m[HTTP][0m [90m[39m
[38;5;0m[HTTP][0m [37m-->[39m [37mPOST[39m [37m/wd/hub/session/5e684878-2f13-4912-8dc7-6b2c79449d51/appium/device/press_keycode[39m
[38;5;0m[HTTP][0m [90m{"keycode":7}[39m
[38;5;0m[HTTP][0m [37m<-- POST /wd/hub/session/5e684878-2f13-4912-8dc7-6b2c79449d51/appium/device/press_keycode [39m[32m200[39m [90m649 ms - 14[39m
[38;5;0m[HTTP][0m [90m[39m
[38;5;0m[HTTP][0m [37m-->[39m [37mPOST[39m [37m/wd/hub/session/5e684878-2f13-4912-8dc7-6b2c79449d51/appium/device/press_keycode[39m
[38;5;0m[HTTP][0m [90m{"keycode":7}[39m
[38;5;0m[HTTP][0m [37m<-- POST /wd/hub/session/5e684878-2f13-4912-8dc7-6b2c79449d51/appium/device/press_keycode [39m[32m200[39m [90m633 ms - 14[39m
[38;5;0m[HTTP][0m [90m[39m
[38;5;0m[HTTP][0m [37m-->[39m [37mPOST[39m [37m/wd/hub/session/5e684878-2f13-4912-8dc7-6b2c79449d51/appium/device/press_keycode[39m
[38;5;0m[HTTP][0m [90m{"keycode":7}[39m
[38;5;0m[HTTP][0m [37m<-- POST /wd/hub/session/5e684878-2f13-4912-8dc7-6b2c79449d51/appium/device/press_keycode [39m[32m200[39m [90m675 ms - 14[39m
[38;5;0m[HTTP][0m [90m[39m
[38;5;0m[HTTP][0m [37m-->[39m [37mPOST[39m [37m/wd/hub/session/5e684878-2f13-4912-8dc7-6b2c79449d51/appium/device/press_keycode[39m
[38;5;0m[HTTP][0m [90m{"keycode":7}[39m
[38;5;0m[HTTP][0m [37m<-- POST /wd/hub/session/5e684878-2f13-4912-8dc7-6b2c79449d51/appium/device/press_keycode [39m[32m200[39m [90m636 ms - 14[39m
[38;5;0m[HTTP][0m [90m[39m
[38;5;0m[HTTP][0m [37m-->[39m [37mPOST[39m [37m/wd/hub/session/5e684878-2f13-4912-8dc7-6b2c79449d51/appium/device/press_keycode[39m
[38;5;0m[HTTP][0m [90m{"keycode":7}[39m
[38;5;0m[HTTP][0m [37m<-- POST /wd/hub/session/5e684878-2f13-4912-8dc7-6b2c79449d51/appium/device/press_keycode [39m[32m200[39m [90m673 ms - 14[39m
[38;5;0m[HTTP][0m [90m[39m
[38;5;0m[HTTP][0m [37m-->[39m [37mPOST[39m [37m/wd/hub/session/5e684878-2f13-4912-8dc7-6b2c79449d51/appium/device/press_keycode[39m
[38;5;0m[HTTP][0m [90m{"keycode":7}[39m
[38;5;0m[HTTP][0m [37m<-- POST /wd/hub/session/5e684878-2f13-4912-8dc7-6b2c79449d51/appium/device/press_keycode [39m[32m200[39m [90m689 ms - 14[39m
[38;5;0m[HTTP][0m [90m[39m
[38;5;0m[HTTP][0m [37m-->[39m [37mPOST[39m [37m/wd/hub/session/5e684878-2f13-4912-8dc7-6b2c79449d51/appium/device/press_keycode[39m
[38;5;0m[HTTP][0m [90m{"keycode":7}[39m
[38;5;0m[HTTP][0m [37m<-- POST /wd/hub/session/5e684878-2f13-4912-8dc7-6b2c79449d51/appium/device/press_keycode [39m[32m200[39m [90m602 ms - 14[39m
[38;5;0m[HTTP][0m [90m[39m
[38;5;0m[HTTP][0m [37m-->[39m [37mPOST[39m [37m/wd/hub/session/5e684878-2f13-4912-8dc7-6b2c79449d51/appium/device/press_keycode[39m
[38;5;0m[HTTP][0m [90m{"keycode":7}[39m
[38;5;0m[HTTP][0m [37m<-- POST /wd/hub/session/5e684878-2f13-4912-8dc7-6b2c79449d51/appium/device/press_keycode [39m[32m200[39m [90m646 ms - 14[39m
[38;5;0m[HTTP][0m [90m[39m
[38;5;0m[HTTP][0m [37m-->[39m [37mPOST[39m [37m/wd/hub/session/5e684878-2f13-4912-8dc7-6b2c79449d51/timeouts[39m
[38;5;0m[HTTP][0m [90m{"implicit":50}[39m
[38;5;0m[HTTP][0m [37m<-- POST /wd/hub/session/5e684878-2f13-4912-8dc7-6b2c79449d51/timeouts [39m[32m200[39m [90m1 ms - 14[39m
[38;5;0m[HTTP][0m [90m[39m
[38;5;0m[HTTP][0m [37m-->[39m [37mGET[39m [37m/wd/hub/session/5e684878-2f13-4912-8dc7-6b2c79449d51/window/rect[39m
[38;5;0m[HTTP][0m [90m{}[39m
[38;5;0m[HTTP][0m [37m<-- GET /wd/hub/session/5e684878-2f13-4912-8dc7-6b2c79449d51/window/rect [39m[32m200[39m [90m16 ms - 50[39m
[38;5;0m[HTTP][0m [90m[39m
[38;5;0m[HTTP][0m [37m-->[39m [37mPOST[39m [37m/wd/hub/session/5e684878-2f13-4912-8dc7-6b2c79449d51/elements[39m
[38;5;0m[HTTP][0m [90m{"using":"xpath","value":"//*[@resource-id = 'bcaf.crm.kkb.saleskit:id/uangMukaPercent']"}[39m
[38;5;0m[HTTP][0m [37m<-- POST /wd/hub/session/5e684878-2f13-4912-8dc7-6b2c79449d51/elements [39m[32m200[39m [90m620 ms - 139[39m
[38;5;0m[HTTP][0m [90m[39m
[38;5;0m[HTTP][0m [37m-->[39m [37mGET[39m [37m/wd/hub/session/5e684878-2f13-4912-8dc7-6b2c79449d51/element/00000000-0000-0661-ffff-ffff00001d71/location[39m
[38;5;0m[HTTP][0m [90m{}[39m
[38;5;48m[AndroidUiautomator2Driver@7eab (5e684878)][0m Driver proxy active, passing request on via HTTP proxy
[38;5;48m[AndroidUiautomator2Driver@7eab (5e684878)][0m Replacing sessionId 93c0b5bb-a3f6-4e31-a28f-e47fe4303c88 with 5e684878-2f13-4912-8dc7-6b2c79449d51
[38;5;0m[HTTP][0m [37m<-- GET /wd/hub/session/5e684878-2f13-4912-8dc7-6b2c79449d51/element/00000000-0000-0661-ffff-ffff00001d71/location [39m[32m200[39m [90m15 ms - 78[39m
[38;5;0m[HTTP][0m [90m[39m
[38;5;0m[HTTP][0m [37m-->[39m [37mPOST[39m [37m/wd/hub/session/5e684878-2f13-4912-8dc7-6b2c79449d51/timeouts[39m
[38;5;0m[HTTP][0m [90m{"implicit":30000}[39m
[38;5;0m[HTTP][0m [37m<-- POST /wd/hub/session/5e684878-2f13-4912-8dc7-6b2c79449d51/timeouts [39m[32m200[39m [90m1 ms - 14[39m
[38;5;0m[HTTP][0m [90m[39m
[38;5;0m[HTTP][0m [37m-->[39m [37mPOST[39m [37m/wd/hub/session/5e684878-2f13-4912-8dc7-6b2c79449d51/element/00000000-0000-0661-ffff-ffff00001d71/click[39m
[38;5;0m[HTTP][0m [90m{"id":"00000000-0000-0661-ffff-ffff00001d71"}[39m
[38;5;0m[HTTP][0m [37m<-- POST /wd/hub/session/5e684878-2f13-4912-8dc7-6b2c79449d51/element/00000000-0000-0661-ffff-ffff00001d71/click [39m[32m200[39m [90m676 ms - 14[39m
[38;5;0m[HTTP][0m [90m[39m
[38;5;0m[HTTP][0m [37m-->[39m [37mPOST[39m [37m/wd/hub/session/5e684878-2f13-4912-8dc7-6b2c79449d51/appium/device/press_keycode[39m
[38;5;0m[HTTP][0m [90m{"keycode":13}[39m
[38;5;0m[HTTP][0m [37m<-- POST /wd/hub/session/5e684878-2f13-4912-8dc7-6b2c79449d51/appium/device/press_keycode [39m[32m200[39m [90m62 ms - 14[39m
[38;5;0m[HTTP][0m [90m[39m
[38;5;0m[HTTP][0m [37m-->[39m [37mPOST[39m [37m/wd/hub/session/5e684878-2f13-4912-8dc7-6b2c79449d51/appium/device/press_keycode[39m
[38;5;0m[HTTP][0m [90m{"keycode":7}[39m
[38;5;0m[HTTP][0m [37m<-- POST /wd/hub/session/5e684878-2f13-4912-8dc7-6b2c79449d51/appium/device/press_keycode [39m[32m200[39m [90m631 ms - 14[39m
[38;5;0m[HTTP][0m [90m[39m
[38;5;0m[HTTP][0m [37m-->[39m [37mPOST[39m [37m/wd/hub/session/5e684878-2f13-4912-8dc7-6b2c79449d51/timeouts[39m
[38;5;0m[HTTP][0m [90m{"implicit":50}[39m
[38;5;0m[HTTP][0m [37m<-- POST /wd/hub/session/5e684878-2f13-4912-8dc7-6b2c79449d51/timeouts [39m[32m200[39m [90m1 ms - 14[39m
[38;5;0m[HTTP][0m [90m[39m
[38;5;0m[HTTP][0m [37m-->[39m [37mGET[39m [37m/wd/hub/session/5e684878-2f13-4912-8dc7-6b2c79449d51/window/rect[39m
[38;5;0m[HTTP][0m [90m{}[39m
[38;5;0m[HTTP][0m [37m<-- GET /wd/hub/session/5e684878-2f13-4912-8dc7-6b2c79449d51/window/rect [39m[32m200[39m [90m10 ms - 50[39m
[38;5;0m[HTTP][0m [90m[39m
[38;5;0m[HTTP][0m [37m-->[39m [37mPOST[39m [37m/wd/hub/session/5e684878-2f13-4912-8dc7-6b2c79449d51/elements[39m
[38;5;0m[HTTP][0m [90m{"using":"xpath","value":"//*[@resource-id = 'bcaf.crm.kkb.saleskit:id/jenisKendaraan']"}[39m
[38;5;0m[HTTP][0m [37m<-- POST /wd/hub/session/5e684878-2f13-4912-8dc7-6b2c79449d51/elements [39m[32m200[39m [90m538 ms - 139[39m
[38;5;0m[HTTP][0m [90m[39m
[38;5;0m[HTTP][0m [37m-->[39m [37mGET[39m [37m/wd/hub/session/5e684878-2f13-4912-8dc7-6b2c79449d51/element/00000000-0000-0661-ffff-ffff00001d76/location[39m
[38;5;0m[HTTP][0m [90m{}[39m
[38;5;48m[AndroidUiautomator2Driver@7eab (5e684878)][0m Driver proxy active, passing request on via HTTP proxy
[38;5;48m[AndroidUiautomator2Driver@7eab (5e684878)][0m Replacing sessionId 93c0b5bb-a3f6-4e31-a28f-e47fe4303c88 with 5e684878-2f13-4912-8dc7-6b2c79449d51
[38;5;0m[HTTP][0m [37m<-- GET /wd/hub/session/5e684878-2f13-4912-8dc7-6b2c79449d51/element/00000000-0000-0661-ffff-ffff00001d76/location [39m[32m200[39m [90m12 ms - 79[39m
[38;5;0m[HTTP][0m [90m[39m
[38;5;0m[HTTP][0m [37m-->[39m [37mPOST[39m [37m/wd/hub/session/5e684878-2f13-4912-8dc7-6b2c79449d51/timeouts[39m
[38;5;0m[HTTP][0m [90m{"implicit":30000}[39m
[38;5;0m[HTTP][0m [37m<-- POST /wd/hub/session/5e684878-2f13-4912-8dc7-6b2c79449d51/timeouts [39m[32m200[39m [90m1 ms - 14[39m
[38;5;0m[HTTP][0m [90m[39m
[38;5;0m[HTTP][0m [37m-->[39m [37mPOST[39m [37m/wd/hub/session/5e684878-2f13-4912-8dc7-6b2c79449d51/element/00000000-0000-0661-ffff-ffff00001d76/click[39m
[38;5;0m[HTTP][0m [90m{"id":"00000000-0000-0661-ffff-ffff00001d76"}[39m
[38;5;0m[HTTP][0m [37m<-- POST /wd/hub/session/5e684878-2f13-4912-8dc7-6b2c79449d51/element/00000000-0000-0661-ffff-ffff00001d76/click [39m[32m200[39m [90m79 ms - 14[39m
[38;5;0m[HTTP][0m [90m[39m
[38;5;0m[HTTP][0m [37m-->[39m [37mPOST[39m [37m/wd/hub/session/5e684878-2f13-4912-8dc7-6b2c79449d51/timeouts[39m
[38;5;0m[HTTP][0m [90m{"implicit":50}[39m
[38;5;0m[HTTP][0m [37m<-- POST /wd/hub/session/5e684878-2f13-4912-8dc7-6b2c79449d51/timeouts [39m[32m200[39m [90m1 ms - 14[39m
[38;5;0m[HTTP][0m [90m[39m
[38;5;0m[HTTP][0m [37m-->[39m [37mGET[39m [37m/wd/hub/session/5e684878-2f13-4912-8dc7-6b2c79449d51/window/rect[39m
[38;5;0m[HTTP][0m [90m{}[39m
[38;5;0m[HTTP][0m [37m<-- GET /wd/hub/session/5e684878-2f13-4912-8dc7-6b2c79449d51/window/rect [39m[32m200[39m [90m12 ms - 50[39m
[38;5;0m[HTTP][0m [90m[39m
[38;5;0m[HTTP][0m [37m-->[39m [37mPOST[39m [37m/wd/hub/session/5e684878-2f13-4912-8dc7-6b2c79449d51/elements[39m
[38;5;0m[HTTP][0m [90m{"using":"xpath","value":"//*[@class = 'android.widget.CheckedTextView' and (@text = 'Passenger')]"}[39m
[38;5;0m[HTTP][0m [37m<-- POST /wd/hub/session/5e684878-2f13-4912-8dc7-6b2c79449d51/elements [39m[32m200[39m [90m2137 ms - 139[39m
[38;5;0m[HTTP][0m [90m[39m
[38;5;0m[HTTP][0m [37m-->[39m [37mGET[39m [37m/wd/hub/session/5e684878-2f13-4912-8dc7-6b2c79449d51/element/00000000-0000-0662-ffff-ffff00001db3/location[39m
[38;5;0m[HTTP][0m [90m{}[39m
[38;5;48m[AndroidUiautomator2Driver@7eab (5e684878)][0m Driver proxy active, passing request on via HTTP proxy
[38;5;48m[AndroidUiautomator2Driver@7eab (5e684878)][0m Replacing sessionId 93c0b5bb-a3f6-4e31-a28f-e47fe4303c88 with 5e684878-2f13-4912-8dc7-6b2c79449d51
[38;5;0m[HTTP][0m [37m<-- GET /wd/hub/session/5e684878-2f13-4912-8dc7-6b2c79449d51/element/00000000-0000-0662-ffff-ffff00001db3/location [39m[32m200[39m [90m11 ms - 79[39m
[38;5;0m[HTTP][0m [90m[39m
[38;5;0m[HTTP][0m [37m-->[39m [37mPOST[39m [37m/wd/hub/session/5e684878-2f13-4912-8dc7-6b2c79449d51/timeouts[39m
[38;5;0m[HTTP][0m [90m{"implicit":30000}[39m
[38;5;0m[HTTP][0m [37m<-- POST /wd/hub/session/5e684878-2f13-4912-8dc7-6b2c79449d51/timeouts [39m[32m200[39m [90m1 ms - 14[39m
[38;5;0m[HTTP][0m [90m[39m
[38;5;0m[HTTP][0m [37m-->[39m [37mPOST[39m [37m/wd/hub/session/5e684878-2f13-4912-8dc7-6b2c79449d51/element/00000000-0000-0662-ffff-ffff00001db3/click[39m
[38;5;0m[HTTP][0m [90m{"id":"00000000-0000-0662-ffff-ffff00001db3"}[39m
[38;5;0m[HTTP][0m [37m<-- POST /wd/hub/session/5e684878-2f13-4912-8dc7-6b2c79449d51/element/00000000-0000-0662-ffff-ffff00001db3/click [39m[32m200[39m [90m685 ms - 14[39m
[38;5;0m[HTTP][0m [90m[39m
[38;5;0m[HTTP][0m [37m-->[39m [37mPOST[39m [37m/wd/hub/session/5e684878-2f13-4912-8dc7-6b2c79449d51/timeouts[39m
[38;5;0m[HTTP][0m [90m{"implicit":50}[39m
[38;5;0m[HTTP][0m [37m<-- POST /wd/hub/session/5e684878-2f13-4912-8dc7-6b2c79449d51/timeouts [39m[32m200[39m [90m1 ms - 14[39m
[38;5;0m[HTTP][0m [90m[39m
[38;5;0m[HTTP][0m [37m-->[39m [37mGET[39m [37m/wd/hub/session/5e684878-2f13-4912-8dc7-6b2c79449d51/window/rect[39m
[38;5;0m[HTTP][0m [90m{}[39m
[38;5;0m[HTTP][0m [37m<-- GET /wd/hub/session/5e684878-2f13-4912-8dc7-6b2c79449d51/window/rect [39m[32m200[39m [90m8 ms - 50[39m
[38;5;0m[HTTP][0m [90m[39m
[38;5;0m[HTTP][0m [37m-->[39m [37mPOST[39m [37m/wd/hub/session/5e684878-2f13-4912-8dc7-6b2c79449d51/elements[39m
[38;5;0m[HTTP][0m [90m{"using":"xpath","value":"//*[@resource-id = 'bcaf.crm.kkb.saleskit:id/wilayah']"}[39m
[38;5;0m[HTTP][0m [37m<-- POST /wd/hub/session/5e684878-2f13-4912-8dc7-6b2c79449d51/elements [39m[32m200[39m [90m43 ms - 139[39m
[38;5;0m[HTTP][0m [90m[39m
[38;5;0m[HTTP][0m [37m-->[39m [37mGET[39m [37m/wd/hub/session/5e684878-2f13-4912-8dc7-6b2c79449d51/element/00000000-0000-0661-ffff-ffff00001d7a/location[39m
[38;5;0m[HTTP][0m [90m{}[39m
[38;5;48m[AndroidUiautomator2Driver@7eab (5e684878)][0m Driver proxy active, passing request on via HTTP proxy
[38;5;48m[AndroidUiautomator2Driver@7eab (5e684878)][0m Replacing sessionId 93c0b5bb-a3f6-4e31-a28f-e47fe4303c88 with 5e684878-2f13-4912-8dc7-6b2c79449d51
[38;5;0m[HTTP][0m [37m<-- GET /wd/hub/session/5e684878-2f13-4912-8dc7-6b2c79449d51/element/00000000-0000-0661-ffff-ffff00001d7a/location [39m[32m200[39m [90m12 ms - 79[39m
[38;5;0m[HTTP][0m [90m[39m
[38;5;0m[HTTP][0m [37m-->[39m [37mPOST[39m [37m/wd/hub/session/5e684878-2f13-4912-8dc7-6b2c79449d51/timeouts[39m
[38;5;0m[HTTP][0m [90m{"implicit":30000}[39m
[38;5;0m[HTTP][0m [37m<-- POST /wd/hub/session/5e684878-2f13-4912-8dc7-6b2c79449d51/timeouts [39m[32m200[39m [90m1 ms - 14[39m
[38;5;0m[HTTP][0m [90m[39m
[38;5;0m[HTTP][0m [37m-->[39m [37mPOST[39m [37m/wd/hub/session/5e684878-2f13-4912-8dc7-6b2c79449d51/element/00000000-0000-0661-ffff-ffff00001d7a/click[39m
[38;5;0m[HTTP][0m [90m{"id":"00000000-0000-0661-ffff-ffff00001d7a"}[39m
[38;5;0m[HTTP][0m [37m<-- POST /wd/hub/session/5e684878-2f13-4912-8dc7-6b2c79449d51/element/00000000-0000-0661-ffff-ffff00001d7a/click [39m[32m200[39m [90m71 ms - 14[39m
[38;5;0m[HTTP][0m [90m[39m
[38;5;0m[HTTP][0m [37m-->[39m [37mPOST[39m [37m/wd/hub/session/5e684878-2f13-4912-8dc7-6b2c79449d51/timeouts[39m
[38;5;0m[HTTP][0m [90m{"implicit":50}[39m
[38;5;0m[HTTP][0m [37m<-- POST /wd/hub/session/5e684878-2f13-4912-8dc7-6b2c79449d51/timeouts [39m[32m200[39m [90m1 ms - 14[39m
[38;5;0m[HTTP][0m [90m[39m
[38;5;0m[HTTP][0m [37m-->[39m [37mGET[39m [37m/wd/hub/session/5e684878-2f13-4912-8dc7-6b2c79449d51/window/rect[39m
[38;5;0m[HTTP][0m [90m{}[39m
[38;5;0m[HTTP][0m [37m<-- GET /wd/hub/session/5e684878-2f13-4912-8dc7-6b2c79449d51/window/rect [39m[32m200[39m [90m9 ms - 50[39m
[38;5;0m[HTTP][0m [90m[39m
[38;5;0m[HTTP][0m [37m-->[39m [37mPOST[39m [37m/wd/hub/session/5e684878-2f13-4912-8dc7-6b2c79449d51/elements[39m
[38;5;0m[HTTP][0m [90m{"using":"xpath","value":"//*[@class = 'android.widget.CheckedTextView' and (@text = 'Sumatra dan Sekitarnya')]"}[39m
[38;5;0m[HTTP][0m [37m<-- POST /wd/hub/session/5e684878-2f13-4912-8dc7-6b2c79449d51/elements [39m[32m200[39m [90m928 ms - 139[39m
[38;5;0m[HTTP][0m [90m[39m
[38;5;0m[HTTP][0m [37m-->[39m [37mGET[39m [37m/wd/hub/session/5e684878-2f13-4912-8dc7-6b2c79449d51/element/00000000-0000-0665-ffff-ffff00001dd4/location[39m
[38;5;0m[HTTP][0m [90m{}[39m
[38;5;48m[AndroidUiautomator2Driver@7eab (5e684878)][0m Driver proxy active, passing request on via HTTP proxy
[38;5;48m[AndroidUiautomator2Driver@7eab (5e684878)][0m Replacing sessionId 93c0b5bb-a3f6-4e31-a28f-e47fe4303c88 with 5e684878-2f13-4912-8dc7-6b2c79449d51
[38;5;0m[HTTP][0m [37m<-- GET /wd/hub/session/5e684878-2f13-4912-8dc7-6b2c79449d51/element/00000000-0000-0665-ffff-ffff00001dd4/location [39m[32m200[39m [90m13 ms - 79[39m
[38;5;0m[HTTP][0m [90m[39m
[38;5;0m[HTTP][0m [37m-->[39m [37mPOST[39m [37m/wd/hub/session/5e684878-2f13-4912-8dc7-6b2c79449d51/timeouts[39m
[38;5;0m[HTTP][0m [90m{"implicit":30000}[39m
[38;5;0m[HTTP][0m [37m<-- POST /wd/hub/session/5e684878-2f13-4912-8dc7-6b2c79449d51/timeouts [39m[32m200[39m [90m1 ms - 14[39m
[38;5;0m[HTTP][0m [90m[39m
[38;5;0m[HTTP][0m [37m-->[39m [37mPOST[39m [37m/wd/hub/session/5e684878-2f13-4912-8dc7-6b2c79449d51/element/00000000-0000-0665-ffff-ffff00001dd4/click[39m
[38;5;0m[HTTP][0m [90m{"id":"00000000-0000-0665-ffff-ffff00001dd4"}[39m
[38;5;0m[HTTP][0m [37m<-- POST /wd/hub/session/5e684878-2f13-4912-8dc7-6b2c79449d51/element/00000000-0000-0665-ffff-ffff00001dd4/click [39m[32m200[39m [90m1261 ms - 14[39m
[38;5;0m[HTTP][0m [90m[39m
[38;5;0m[HTTP][0m [37m-->[39m [37mPOST[39m [37m/wd/hub/session/5e684878-2f13-4912-8dc7-6b2c79449d51/timeouts[39m
[38;5;0m[HTTP][0m [90m{"implicit":50}[39m
[38;5;0m[HTTP][0m [37m<-- POST /wd/hub/session/5e684878-2f13-4912-8dc7-6b2c79449d51/timeouts [39m[32m200[39m [90m1 ms - 14[39m
[38;5;0m[HTTP][0m [90m[39m
[38;5;0m[HTTP][0m [37m-->[39m [37mGET[39m [37m/wd/hub/session/5e684878-2f13-4912-8dc7-6b2c79449d51/window/rect[39m
[38;5;0m[HTTP][0m [90m{}[39m
[38;5;0m[HTTP][0m [37m<-- GET /wd/hub/session/5e684878-2f13-4912-8dc7-6b2c79449d51/window/rect [39m[32m200[39m [90m16 ms - 50[39m
[38;5;0m[HTTP][0m [90m[39m
[38;5;0m[HTTP][0m [37m-->[39m [37mPOST[39m [37m/wd/hub/session/5e684878-2f13-4912-8dc7-6b2c79449d51/elements[39m
[38;5;0m[HTTP][0m [90m{"using":"xpath","value":"//*[@resource-id = 'bcaf.crm.kkb.saleskit:id/asuransi']"}[39m
[38;5;0m[HTTP][0m [37m<-- POST /wd/hub/session/5e684878-2f13-4912-8dc7-6b2c79449d51/elements [39m[32m200[39m [90m58 ms - 139[39m
[38;5;0m[HTTP][0m [90m[39m
[38;5;0m[HTTP][0m [37m-->[39m [37mGET[39m [37m/wd/hub/session/5e684878-2f13-4912-8dc7-6b2c79449d51/element/00000000-0000-0661-ffff-ffff00001d7e/location[39m
[38;5;0m[HTTP][0m [90m{}[39m
[38;5;48m[AndroidUiautomator2Driver@7eab (5e684878)][0m Driver proxy active, passing request on via HTTP proxy
[38;5;48m[AndroidUiautomator2Driver@7eab (5e684878)][0m Replacing sessionId 93c0b5bb-a3f6-4e31-a28f-e47fe4303c88 with 5e684878-2f13-4912-8dc7-6b2c79449d51
[38;5;0m[HTTP][0m [37m<-- GET /wd/hub/session/5e684878-2f13-4912-8dc7-6b2c79449d51/element/00000000-0000-0661-ffff-ffff00001d7e/location [39m[32m200[39m [90m15 ms - 79[39m
[38;5;0m[HTTP][0m [90m[39m
[38;5;0m[HTTP][0m [37m-->[39m [37mPOST[39m [37m/wd/hub/session/5e684878-2f13-4912-8dc7-6b2c79449d51/timeouts[39m
[38;5;0m[HTTP][0m [90m{"implicit":30000}[39m
[38;5;0m[HTTP][0m [37m<-- POST /wd/hub/session/5e684878-2f13-4912-8dc7-6b2c79449d51/timeouts [39m[32m200[39m [90m1 ms - 14[39m
[38;5;0m[HTTP][0m [90m[39m
[38;5;0m[HTTP][0m [37m-->[39m [37mPOST[39m [37m/wd/hub/session/5e684878-2f13-4912-8dc7-6b2c79449d51/element/00000000-0000-0661-ffff-ffff00001d7e/click[39m
[38;5;0m[HTTP][0m [90m{"id":"00000000-0000-0661-ffff-ffff00001d7e"}[39m
[38;5;0m[HTTP][0m [37m<-- POST /wd/hub/session/5e684878-2f13-4912-8dc7-6b2c79449d51/element/00000000-0000-0661-ffff-ffff00001d7e/click [39m[32m200[39m [90m1038 ms - 14[39m
[38;5;0m[HTTP][0m [90m[39m
[38;5;0m[HTTP][0m [37m-->[39m [37mPOST[39m [37m/wd/hub/session/5e684878-2f13-4912-8dc7-6b2c79449d51/timeouts[39m
[38;5;0m[HTTP][0m [90m{"implicit":50}[39m
[38;5;0m[HTTP][0m [37m<-- POST /wd/hub/session/5e684878-2f13-4912-8dc7-6b2c79449d51/timeouts [39m[32m200[39m [90m1 ms - 14[39m
[38;5;0m[HTTP][0m [90m[39m
[38;5;0m[HTTP][0m [37m-->[39m [37mGET[39m [37m/wd/hub/session/5e684878-2f13-4912-8dc7-6b2c79449d51/window/rect[39m
[38;5;0m[HTTP][0m [90m{}[39m
[38;5;0m[HTTP][0m [37m<-- GET /wd/hub/session/5e684878-2f13-4912-8dc7-6b2c79449d51/window/rect [39m[32m200[39m [90m10 ms - 50[39m
[38;5;0m[HTTP][0m [90m[39m
[38;5;0m[HTTP][0m [37m-->[39m [37mPOST[39m [37m/wd/hub/session/5e684878-2f13-4912-8dc7-6b2c79449d51/elements[39m
[38;5;0m[HTTP][0m [90m{"using":"xpath","value":"//*[@class = 'android.widget.CheckedTextView' and (@text = 'Comprehensive Non-Electric Vehicle')]"}[39m
[38;5;0m[HTTP][0m [37m<-- POST /wd/hub/session/5e684878-2f13-4912-8dc7-6b2c79449d51/elements [39m[32m200[39m [90m31 ms - 139[39m
[38;5;0m[HTTP][0m [90m[39m
[38;5;0m[HTTP][0m [37m-->[39m [37mGET[39m [37m/wd/hub/session/5e684878-2f13-4912-8dc7-6b2c79449d51/element/00000000-0000-0667-ffff-ffff00001df9/location[39m
[38;5;0m[HTTP][0m [90m{}[39m
[38;5;48m[AndroidUiautomator2Driver@7eab (5e684878)][0m Driver proxy active, passing request on via HTTP proxy
[38;5;48m[AndroidUiautomator2Driver@7eab (5e684878)][0m Replacing sessionId 93c0b5bb-a3f6-4e31-a28f-e47fe4303c88 with 5e684878-2f13-4912-8dc7-6b2c79449d51
[38;5;0m[HTTP][0m [37m<-- GET /wd/hub/session/5e684878-2f13-4912-8dc7-6b2c79449d51/element/00000000-0000-0667-ffff-ffff00001df9/location [39m[32m200[39m [90m15 ms - 79[39m
[38;5;0m[HTTP][0m [90m[39m
[38;5;0m[HTTP][0m [37m-->[39m [37mPOST[39m [37m/wd/hub/session/5e684878-2f13-4912-8dc7-6b2c79449d51/timeouts[39m
[38;5;0m[HTTP][0m [90m{"implicit":30000}[39m
[38;5;0m[HTTP][0m [37m<-- POST /wd/hub/session/5e684878-2f13-4912-8dc7-6b2c79449d51/timeouts [39m[32m200[39m [90m1 ms - 14[39m
[38;5;0m[HTTP][0m [90m[39m
[38;5;0m[HTTP][0m [37m-->[39m [37mPOST[39m [37m/wd/hub/session/5e684878-2f13-4912-8dc7-6b2c79449d51/element/00000000-0000-0667-ffff-ffff00001df9/click[39m
[38;5;0m[HTTP][0m [90m{"id":"00000000-0000-0667-ffff-ffff00001df9"}[39m
[38;5;0m[HTTP][0m [37m<-- POST /wd/hub/session/5e684878-2f13-4912-8dc7-6b2c79449d51/element/00000000-0000-0667-ffff-ffff00001df9/click [39m[32m200[39m [90m796 ms - 14[39m
[38;5;0m[HTTP][0m [90m[39m
[38;5;0m[HTTP][0m [37m-->[39m [37mGET[39m [37m/wd/hub/session/5e684878-2f13-4912-8dc7-6b2c79449d51/window/rect[39m
[38;5;0m[HTTP][0m [90m{}[39m
[38;5;0m[HTTP][0m [37m<-- GET /wd/hub/session/5e684878-2f13-4912-8dc7-6b2c79449d51/window/rect [39m[32m200[39m [90m14 ms - 50[39m
[38;5;0m[HTTP][0m [90m[39m
[38;5;0m[HTTP][0m [37m-->[39m [37mPOST[39m [37m/wd/hub/session/5e684878-2f13-4912-8dc7-6b2c79449d51/elements[39m
[38;5;0m[HTTP][0m [90m{"using":"xpath","value":"//*[@resource-id = 'bcaf.crm.kkb.saleskit:id/checkRSCC']"}[39m
[38;5;0m[HTTP][0m [37m<-- POST /wd/hub/session/5e684878-2f13-4912-8dc7-6b2c79449d51/elements [39m[32m-[39m [90m- ms - -[39m
[38;5;0m[HTTP][0m [90m[39m
[38;5;48m[AndroidUiautomator2Driver@7eab (5e684878)][0m Shutting down because we waited 1800 seconds for a command
[38;5;16m[AppiumDriver@d2da][0m Ending session, cause was 'New Command Timeout of 1800 seconds expired. Try customizing the timeout using the 'newCommandTimeout' desired capability'
[38;5;16m[AppiumDriver@d2da][0m Removing session '5e684878-2f13-4912-8dc7-6b2c79449d51' from our master session list
[38;5;48m[AndroidUiautomator2Driver@7eab (5e684878)][0m Did not get confirmation UiAutomator2 deleteSession worked; Error was: UnknownError: An unknown server-side error occurred while processing the command. Original error: 'DELETE /' cannot be proxied to UiAutomator2 server because the instrumentation process is not running (probably crashed). Check the server log and/or the logcat output for more details
[38;5;48m[AndroidUiautomator2Driver@7eab (5e684878)][0m Restoring hidden api policy to the device default configuration
