[35m[Appium][39m Welcome to Appium v2.5.0
[35m[Appium][39m Non-default server args:
[35m[Appium][39m { basePath: [32m'/wd/hub'[39m, loglevel: [32m'info'[39m, port: [33m55722[39m }
[35m[Appium][39m Attempting to load driver uiautomator2...
[35m[Appium][39m Appium REST http interface listener started on http://0.0.0.0:55722/wd/hub
[35m[Appium][39m You can provide the following URLs in your client code to connect to this server:
[35m[Appium][39m 	http://10.10.13.99:55722/wd/hub
[35m[Appium][39m 	http://127.0.0.1:55722/wd/hub (only accessible from the same host)
[35m[Appium][39m Available drivers:
[35m[Appium][39m   - uiautomator2@3.0.0 (automationName 'UiAutomator2')
[35m[Appium][39m No plugins have been installed. Use the "appium plugin" command to install the one(s) you want to use.
[38;5;0m[HTTP][0m [37m-->[39m [37mGET[39m [37m/wd/hub/status[39m
[38;5;0m[HTTP][0m [90m{}[39m
[38;5;0m[HTTP][0m [37m<-- GET /wd/hub/status [39m[32m200[39m [90m4 ms - 110[39m
[38;5;0m[HTTP][0m [90m[39m
[38;5;0m[HTTP][0m [37m-->[39m [37mPOST[39m [37m/wd/hub/session[39m
[38;5;0m[HTTP][0m [90m{"desiredCapabilities":{"appium:systemPort":8272,"appium:udid":"emulator-5554","appium:autoGrantPermissions":true,"appium:newCommandTimeout":1800,"appium:platformName":"ANDROID","appium:appActivity":".Settings","appium:deviceName":"emulator-5554 (sdk_gphone_x86_64 - Android 13)","platformName":"Android","appium:automationName":"uiautomator2","appium:platformVersion":"13","appium:appPackage":"com.android.settings"},"capabilities":{"firstMatch":[{"appium:appActivity":".Settings","appium:appPackage":"com.android.settings","appium:autoGrantPermissions":true,"appium:automationName":"uiautomator2","appium:deviceName":"emulator-5554 (sdk_gphone_x86_64 - Android 13)","appium:newCommandTimeout":1800,"appium:platformName":"ANDROID","appium:platformVersion":"13","appium:systemPort":8272,"appium:udid":"emulator-5554","platformName":"android"}]}}[39m
[38;5;32m[BaseDriver][0m Ignoring capability 'appium:platformName=ANDROID' and using capability 'platformName=android'
[38;5;32m[BaseDriver][0m The capabilities ["platformName"] are standard capabilities and do not require "appium:" prefix
[35m[Appium][39m Attempting to find matching driver for automationName 'uiautomator2' and platformName 'android'
[35m[Appium][39m The 'uiautomator2' driver was installed and matched caps.
[35m[Appium][39m Will require it at C:\Users\clarien cahyono\.appium\node_modules\appium-uiautomator2-driver
[38;5;16m[AppiumDriver@9c5b][0m Appium v2.5.0 creating new AndroidUiautomator2Driver (v3.0.0) session
[38;5;16m[AppiumDriver@9c5b][0m Checking BaseDriver versions for Appium and AndroidUiautomator2Driver
[38;5;16m[AppiumDriver@9c5b][0m Appium's BaseDriver version is 9.5.1
[38;5;16m[AppiumDriver@9c5b][0m AndroidUiautomator2Driver's BaseDriver version is 9.5.1
[38;5;48m[AndroidUiautomator2Driver@a23c (7a63150d)][0m Session created with session id: 7a63150d-091e-4f6b-8108-2dd58fecb2b6
[38;5;64m[ADB][0m Found 1 'build-tools' folders under 'C:\Users\clarien cahyono\.katalon\tools\android_sdk' (newest first):
[38;5;64m[ADB][0m     C:\Users\clarien cahyono\.katalon\tools\android_sdk\build-tools\29.0.3
[38;5;64m[ADB][0m Using 'adb.exe' from 'C:\Users\clarien cahyono\.katalon\tools\android_sdk\platform-tools\adb.exe'
[38;5;48m[AndroidUiautomator2Driver@a23c (7a63150d)][0m Retrieving device list
[38;5;48m[AndroidUiautomator2Driver@a23c (7a63150d)][0m Using device: emulator-5554
[38;5;64m[ADB][0m Using 'adb.exe' from 'C:\Users\clarien cahyono\.katalon\tools\android_sdk\platform-tools\adb.exe'
[38;5;48m[AndroidUiautomator2Driver@a23c (7a63150d)][0m Starting 'com.android.settings' directly on the device
[38;5;64m[ADB][0m Getting device platform version
[38;5;48m[AndroidUiautomator2Driver@a23c (7a63150d)][0m Relaxing hidden api policy
[38;5;48m[AndroidUiautomator2Driver@a23c (7a63150d)][0m No app sent in, not parsing package/activity
[38;5;64m[ADB][0m Using 'apksigner.jar' from 'C:\Users\clarien cahyono\.katalon\tools\android_sdk\build-tools\29.0.3\lib\apksigner.jar'
[38;5;64m[ADB][0m 'C:\Users\clarien cahyono\.appium\node_modules\appium-uiautomator2-driver\node_modules\appium-uiautomator2-server\apks\appium-uiautomator2-server-debug-androidTest.apk' is signed with the default certificate
[38;5;64m[ADB][0m 'C:\Users\clarien cahyono\.appium\node_modules\appium-uiautomator2-driver\node_modules\appium-uiautomator2-server\apks\appium-uiautomator2-server-v7.0.0.apk' is signed with the default certificate
[38;5;48m[AndroidUiautomator2Driver@a23c (7a63150d)][0m Server packages are not going to be (re)installed
[38;5;64m[ADB][0m Adding packages ["io.appium.settings","io.appium.uiautomator2.server","io.appium.uiautomator2.server.test"] to Doze whitelist
[38;5;48m[AndroidUiautomator2Driver@a23c (7a63150d)][0m Starting UIAutomator2 server 7.0.0
[38;5;48m[AndroidUiautomator2Driver@a23c (7a63150d)][0m Using UIAutomator2 server from 'C:\Users\clarien cahyono\.appium\node_modules\appium-uiautomator2-driver\node_modules\appium-uiautomator2-server\apks\appium-uiautomator2-server-v7.0.0.apk' and test from 'C:\Users\clarien cahyono\.appium\node_modules\appium-uiautomator2-driver\node_modules\appium-uiautomator2-server\apks\appium-uiautomator2-server-debug-androidTest.apk'
[38;5;48m[AndroidUiautomator2Driver@a23c (7a63150d)][0m Waiting up to 30000ms for UiAutomator2 to be online...
[38;5;48m[AndroidUiautomator2Driver@a23c (7a63150d)][0m socket hang up
[38;5;48m[AndroidUiautomator2Driver@a23c (7a63150d)][0m socket hang up
[38;5;48m[AndroidUiautomator2Driver@a23c (7a63150d)][0m socket hang up
[38;5;48m[AndroidUiautomator2Driver@a23c (7a63150d)][0m Determined the downstream protocol as 'W3C'
[38;5;48m[AndroidUiautomator2Driver@a23c (7a63150d)][0m Screen already unlocked, doing nothing
[38;5;48m[AndroidUiautomator2Driver@a23c (7a63150d)][0m Starting 'com.android.settings/.Settings and waiting for 'com.android.settings/.Settings'
[38;5;16m[AppiumDriver@9c5b][0m New AndroidUiautomator2Driver session created successfully, session 7a63150d-091e-4f6b-8108-2dd58fecb2b6 added to master session list
[38;5;0m[HTTP][0m [37m<-- POST /wd/hub/session [39m[32m200[39m [90m7575 ms - 1118[39m
[38;5;0m[HTTP][0m [90m[39m
[38;5;0m[HTTP][0m [37m-->[39m [37mGET[39m [37m/wd/hub/session/7a63150d-091e-4f6b-8108-2dd58fecb2b6[39m
[38;5;0m[HTTP][0m [90m{}[39m
[38;5;0m[HTTP][0m [37m<-- GET /wd/hub/session/7a63150d-091e-4f6b-8108-2dd58fecb2b6 [39m[32m200[39m [90m17 ms - 331[39m
[38;5;0m[HTTP][0m [90m[39m
[38;5;0m[HTTP][0m [37m-->[39m [37mGET[39m [37m/wd/hub/session/7a63150d-091e-4f6b-8108-2dd58fecb2b6[39m
[38;5;0m[HTTP][0m [90m{}[39m
[38;5;0m[HTTP][0m [37m<-- GET /wd/hub/session/7a63150d-091e-4f6b-8108-2dd58fecb2b6 [39m[32m200[39m [90m12 ms - 331[39m
[38;5;0m[HTTP][0m [90m[39m
[38;5;0m[HTTP][0m [37m-->[39m [37mGET[39m [37m/wd/hub/status[39m
[38;5;0m[HTTP][0m [90m{}[39m
[38;5;0m[HTTP][0m [37m<-- GET /wd/hub/status [39m[32m200[39m [90m1 ms - 110[39m
[38;5;0m[HTTP][0m [90m[39m
[38;5;0m[HTTP][0m [37m-->[39m [37mPOST[39m [37m/wd/hub/session/7a63150d-091e-4f6b-8108-2dd58fecb2b6/timeouts[39m
[38;5;0m[HTTP][0m [90m{"implicit":30000}[39m
[38;5;0m[HTTP][0m [37m<-- POST /wd/hub/session/7a63150d-091e-4f6b-8108-2dd58fecb2b6/timeouts [39m[32m200[39m [90m2 ms - 14[39m
[38;5;0m[HTTP][0m [90m[39m
[38;5;0m[HTTP][0m [37m-->[39m [37mGET[39m [37m/wd/hub/session/7a63150d-091e-4f6b-8108-2dd58fecb2b6/appium/device/system_bars[39m
[38;5;0m[HTTP][0m [90m{}[39m
[38;5;0m[HTTP][0m [37m<-- GET /wd/hub/session/7a63150d-091e-4f6b-8108-2dd58fecb2b6/appium/device/system_bars [39m[32m200[39m [90m62 ms - 151[39m
[38;5;0m[HTTP][0m [90m[39m
[38;5;0m[HTTP][0m [37m-->[39m [37mPOST[39m [37m/wd/hub/session/7a63150d-091e-4f6b-8108-2dd58fecb2b6/appium/device/activate_app[39m
[38;5;0m[HTTP][0m [90m{"bundleId":"bcaf.crm.kkb.saleskit"}[39m
[38;5;0m[HTTP][0m [37m<-- POST /wd/hub/session/7a63150d-091e-4f6b-8108-2dd58fecb2b6/appium/device/activate_app [39m[32m200[39m [90m178 ms - 14[39m
[38;5;0m[HTTP][0m [90m[39m
[38;5;0m[HTTP][0m [37m-->[39m [37mPOST[39m [37m/wd/hub/session/7a63150d-091e-4f6b-8108-2dd58fecb2b6/timeouts[39m
[38;5;0m[HTTP][0m [90m{"implicit":50}[39m
[38;5;0m[HTTP][0m [37m<-- POST /wd/hub/session/7a63150d-091e-4f6b-8108-2dd58fecb2b6/timeouts [39m[32m200[39m [90m2 ms - 14[39m
[38;5;0m[HTTP][0m [90m[39m
[38;5;0m[HTTP][0m [37m-->[39m [37mGET[39m [37m/wd/hub/session/7a63150d-091e-4f6b-8108-2dd58fecb2b6/window/rect[39m
[38;5;0m[HTTP][0m [90m{}[39m
[38;5;0m[HTTP][0m [37m<-- GET /wd/hub/session/7a63150d-091e-4f6b-8108-2dd58fecb2b6/window/rect [39m[32m200[39m [90m26 ms - 50[39m
[38;5;0m[HTTP][0m [90m[39m
[38;5;0m[HTTP][0m [37m-->[39m [37mPOST[39m [37m/wd/hub/session/7a63150d-091e-4f6b-8108-2dd58fecb2b6/elements[39m
[38;5;0m[HTTP][0m [90m{"using":"xpath","value":"//androidx.recyclerview.widget.RecyclerView[1]/android.view.ViewGroup[1]"}[39m
[38;5;0m[HTTP][0m [37m<-- POST /wd/hub/session/7a63150d-091e-4f6b-8108-2dd58fecb2b6/elements [39m[32m200[39m [90m1166 ms - 139[39m
[38;5;0m[HTTP][0m [90m[39m
[38;5;0m[HTTP][0m [37m-->[39m [37mGET[39m [37m/wd/hub/session/7a63150d-091e-4f6b-8108-2dd58fecb2b6/element/00000000-0000-0acc-ffff-ffff00000034/location[39m
[38;5;0m[HTTP][0m [90m{}[39m
[38;5;48m[AndroidUiautomator2Driver@a23c (7a63150d)][0m Driver proxy active, passing request on via HTTP proxy
[38;5;48m[AndroidUiautomator2Driver@a23c (7a63150d)][0m Replacing sessionId 5c6d10c5-f800-468c-a6d4-342e684215c2 with 7a63150d-091e-4f6b-8108-2dd58fecb2b6
[38;5;0m[HTTP][0m [37m<-- GET /wd/hub/session/7a63150d-091e-4f6b-8108-2dd58fecb2b6/element/00000000-0000-0acc-ffff-ffff00000034/location [39m[32m200[39m [90m16 ms - 77[39m
[38;5;0m[HTTP][0m [90m[39m
[38;5;0m[HTTP][0m [37m-->[39m [37mPOST[39m [37m/wd/hub/session/7a63150d-091e-4f6b-8108-2dd58fecb2b6/timeouts[39m
[38;5;0m[HTTP][0m [90m{"implicit":30000}[39m
[38;5;0m[HTTP][0m [37m<-- POST /wd/hub/session/7a63150d-091e-4f6b-8108-2dd58fecb2b6/timeouts [39m[32m200[39m [90m1 ms - 14[39m
[38;5;0m[HTTP][0m [90m[39m
[38;5;0m[HTTP][0m [37m-->[39m [37mPOST[39m [37m/wd/hub/session/7a63150d-091e-4f6b-8108-2dd58fecb2b6/element/00000000-0000-0acc-ffff-ffff00000034/click[39m
[38;5;0m[HTTP][0m [90m{"id":"00000000-0000-0acc-ffff-ffff00000034"}[39m
[38;5;0m[HTTP][0m [37m<-- POST /wd/hub/session/7a63150d-091e-4f6b-8108-2dd58fecb2b6/element/00000000-0000-0acc-ffff-ffff00000034/click [39m[32m200[39m [90m62 ms - 14[39m
[38;5;0m[HTTP][0m [90m[39m
[38;5;0m[HTTP][0m [37m-->[39m [37mPOST[39m [37m/wd/hub/session/7a63150d-091e-4f6b-8108-2dd58fecb2b6/timeouts[39m
[38;5;0m[HTTP][0m [90m{"implicit":50}[39m
[38;5;0m[HTTP][0m [37m<-- POST /wd/hub/session/7a63150d-091e-4f6b-8108-2dd58fecb2b6/timeouts [39m[32m200[39m [90m1 ms - 14[39m
[38;5;0m[HTTP][0m [90m[39m
[38;5;0m[HTTP][0m [37m-->[39m [37mGET[39m [37m/wd/hub/session/7a63150d-091e-4f6b-8108-2dd58fecb2b6/window/rect[39m
[38;5;0m[HTTP][0m [90m{}[39m
[38;5;0m[HTTP][0m [37m<-- GET /wd/hub/session/7a63150d-091e-4f6b-8108-2dd58fecb2b6/window/rect [39m[32m200[39m [90m21 ms - 50[39m
[38;5;0m[HTTP][0m [90m[39m
[38;5;0m[HTTP][0m [37m-->[39m [37mPOST[39m [37m/wd/hub/session/7a63150d-091e-4f6b-8108-2dd58fecb2b6/elements[39m
[38;5;0m[HTTP][0m [90m{"using":"xpath","value":"//*[@resource-id = 'bcaf.crm.kkb.saleskit:id/jenisProgram']"}[39m
[38;5;0m[HTTP][0m [37m<-- POST /wd/hub/session/7a63150d-091e-4f6b-8108-2dd58fecb2b6/elements [39m[32m200[39m [90m145 ms - 12[39m
[38;5;0m[HTTP][0m [90m[39m
[38;5;0m[HTTP][0m [37m-->[39m [37mPOST[39m [37m/wd/hub/session/7a63150d-091e-4f6b-8108-2dd58fecb2b6/elements[39m
[38;5;0m[HTTP][0m [90m{"using":"xpath","value":"//*[@resource-id = 'bcaf.crm.kkb.saleskit:id/jenisProgram']"}[39m
[38;5;0m[HTTP][0m [37m<-- POST /wd/hub/session/7a63150d-091e-4f6b-8108-2dd58fecb2b6/elements [39m[32m200[39m [90m1125 ms - 139[39m
[38;5;0m[HTTP][0m [90m[39m
[38;5;0m[HTTP][0m [37m-->[39m [37mGET[39m [37m/wd/hub/session/7a63150d-091e-4f6b-8108-2dd58fecb2b6/element/00000000-0000-0ad1-ffff-ffff0000006b/location[39m
[38;5;0m[HTTP][0m [90m{}[39m
[38;5;48m[AndroidUiautomator2Driver@a23c (7a63150d)][0m Driver proxy active, passing request on via HTTP proxy
[38;5;48m[AndroidUiautomator2Driver@a23c (7a63150d)][0m Replacing sessionId 5c6d10c5-f800-468c-a6d4-342e684215c2 with 7a63150d-091e-4f6b-8108-2dd58fecb2b6
[38;5;0m[HTTP][0m [37m<-- GET /wd/hub/session/7a63150d-091e-4f6b-8108-2dd58fecb2b6/element/00000000-0000-0ad1-ffff-ffff0000006b/location [39m[32m200[39m [90m13 ms - 78[39m
[38;5;0m[HTTP][0m [90m[39m
[38;5;0m[HTTP][0m [37m-->[39m [37mPOST[39m [37m/wd/hub/session/7a63150d-091e-4f6b-8108-2dd58fecb2b6/timeouts[39m
[38;5;0m[HTTP][0m [90m{"implicit":30000}[39m
[38;5;0m[HTTP][0m [37m<-- POST /wd/hub/session/7a63150d-091e-4f6b-8108-2dd58fecb2b6/timeouts [39m[32m200[39m [90m1 ms - 14[39m
[38;5;0m[HTTP][0m [90m[39m
[38;5;0m[HTTP][0m [37m-->[39m [37mPOST[39m [37m/wd/hub/session/7a63150d-091e-4f6b-8108-2dd58fecb2b6/element/00000000-0000-0ad1-ffff-ffff0000006b/click[39m
[38;5;0m[HTTP][0m [90m{"id":"00000000-0000-0ad1-ffff-ffff0000006b"}[39m
[38;5;0m[HTTP][0m [37m<-- POST /wd/hub/session/7a63150d-091e-4f6b-8108-2dd58fecb2b6/element/00000000-0000-0ad1-ffff-ffff0000006b/click [39m[32m200[39m [90m53 ms - 14[39m
[38;5;0m[HTTP][0m [90m[39m
[38;5;0m[HTTP][0m [37m-->[39m [37mPOST[39m [37m/wd/hub/session/7a63150d-091e-4f6b-8108-2dd58fecb2b6/timeouts[39m
[38;5;0m[HTTP][0m [90m{"implicit":50}[39m
[38;5;0m[HTTP][0m [37m<-- POST /wd/hub/session/7a63150d-091e-4f6b-8108-2dd58fecb2b6/timeouts [39m[32m200[39m [90m1 ms - 14[39m
[38;5;0m[HTTP][0m [90m[39m
[38;5;0m[HTTP][0m [37m-->[39m [37mGET[39m [37m/wd/hub/session/7a63150d-091e-4f6b-8108-2dd58fecb2b6/window/rect[39m
[38;5;0m[HTTP][0m [90m{}[39m
[38;5;0m[HTTP][0m [37m<-- GET /wd/hub/session/7a63150d-091e-4f6b-8108-2dd58fecb2b6/window/rect [39m[32m200[39m [90m24 ms - 50[39m
[38;5;0m[HTTP][0m [90m[39m
[38;5;0m[HTTP][0m [37m-->[39m [37mPOST[39m [37m/wd/hub/session/7a63150d-091e-4f6b-8108-2dd58fecb2b6/elements[39m
[38;5;0m[HTTP][0m [90m{"using":"xpath","value":"//*[@class = 'android.widget.CheckedTextView' and (@text = 'Reguler')]"}[39m
[38;5;0m[HTTP][0m [37m<-- POST /wd/hub/session/7a63150d-091e-4f6b-8108-2dd58fecb2b6/elements [39m[32m200[39m [90m887 ms - 139[39m
[38;5;0m[HTTP][0m [90m[39m
[38;5;0m[HTTP][0m [37m-->[39m [37mGET[39m [37m/wd/hub/session/7a63150d-091e-4f6b-8108-2dd58fecb2b6/element/00000000-0000-0ad2-ffff-ffff00000089/location[39m
[38;5;0m[HTTP][0m [90m{}[39m
[38;5;48m[AndroidUiautomator2Driver@a23c (7a63150d)][0m Driver proxy active, passing request on via HTTP proxy
[38;5;48m[AndroidUiautomator2Driver@a23c (7a63150d)][0m Replacing sessionId 5c6d10c5-f800-468c-a6d4-342e684215c2 with 7a63150d-091e-4f6b-8108-2dd58fecb2b6
[38;5;0m[HTTP][0m [37m<-- GET /wd/hub/session/7a63150d-091e-4f6b-8108-2dd58fecb2b6/element/00000000-0000-0ad2-ffff-ffff00000089/location [39m[32m200[39m [90m13 ms - 78[39m
[38;5;0m[HTTP][0m [90m[39m
[38;5;0m[HTTP][0m [37m-->[39m [37mPOST[39m [37m/wd/hub/session/7a63150d-091e-4f6b-8108-2dd58fecb2b6/timeouts[39m
[38;5;0m[HTTP][0m [90m{"implicit":30000}[39m
[38;5;0m[HTTP][0m [37m<-- POST /wd/hub/session/7a63150d-091e-4f6b-8108-2dd58fecb2b6/timeouts [39m[32m200[39m [90m1 ms - 14[39m
[38;5;0m[HTTP][0m [90m[39m
[38;5;0m[HTTP][0m [37m-->[39m [37mPOST[39m [37m/wd/hub/session/7a63150d-091e-4f6b-8108-2dd58fecb2b6/element/00000000-0000-0ad2-ffff-ffff00000089/click[39m
[38;5;0m[HTTP][0m [90m{"id":"00000000-0000-0ad2-ffff-ffff00000089"}[39m
[38;5;0m[HTTP][0m [37m<-- POST /wd/hub/session/7a63150d-091e-4f6b-8108-2dd58fecb2b6/element/00000000-0000-0ad2-ffff-ffff00000089/click [39m[32m200[39m [90m1171 ms - 14[39m
[38;5;0m[HTTP][0m [90m[39m
[38;5;0m[HTTP][0m [37m-->[39m [37mPOST[39m [37m/wd/hub/session/7a63150d-091e-4f6b-8108-2dd58fecb2b6/timeouts[39m
[38;5;0m[HTTP][0m [90m{"implicit":50}[39m
[38;5;0m[HTTP][0m [37m<-- POST /wd/hub/session/7a63150d-091e-4f6b-8108-2dd58fecb2b6/timeouts [39m[32m200[39m [90m1 ms - 14[39m
[38;5;0m[HTTP][0m [90m[39m
[38;5;0m[HTTP][0m [37m-->[39m [37mGET[39m [37m/wd/hub/session/7a63150d-091e-4f6b-8108-2dd58fecb2b6/window/rect[39m
[38;5;0m[HTTP][0m [90m{}[39m
[38;5;0m[HTTP][0m [37m<-- GET /wd/hub/session/7a63150d-091e-4f6b-8108-2dd58fecb2b6/window/rect [39m[32m200[39m [90m9 ms - 50[39m
[38;5;0m[HTTP][0m [90m[39m
[38;5;0m[HTTP][0m [37m-->[39m [37mPOST[39m [37m/wd/hub/session/7a63150d-091e-4f6b-8108-2dd58fecb2b6/elements[39m
[38;5;0m[HTTP][0m [90m{"using":"xpath","value":"//*[@resource-id = 'bcaf.crm.kkb.saleskit:id/jenisPembiayaan']"}[39m
[38;5;0m[HTTP][0m [37m<-- POST /wd/hub/session/7a63150d-091e-4f6b-8108-2dd58fecb2b6/elements [39m[32m200[39m [90m36 ms - 139[39m
[38;5;0m[HTTP][0m [90m[39m
[38;5;0m[HTTP][0m [37m-->[39m [37mGET[39m [37m/wd/hub/session/7a63150d-091e-4f6b-8108-2dd58fecb2b6/element/00000000-0000-0ad1-ffff-ffff0000006f/location[39m
[38;5;0m[HTTP][0m [90m{}[39m
[38;5;48m[AndroidUiautomator2Driver@a23c (7a63150d)][0m Driver proxy active, passing request on via HTTP proxy
[38;5;48m[AndroidUiautomator2Driver@a23c (7a63150d)][0m Replacing sessionId 5c6d10c5-f800-468c-a6d4-342e684215c2 with 7a63150d-091e-4f6b-8108-2dd58fecb2b6
[38;5;0m[HTTP][0m [37m<-- GET /wd/hub/session/7a63150d-091e-4f6b-8108-2dd58fecb2b6/element/00000000-0000-0ad1-ffff-ffff0000006f/location [39m[32m200[39m [90m11 ms - 78[39m
[38;5;0m[HTTP][0m [90m[39m
[38;5;0m[HTTP][0m [37m-->[39m [37mPOST[39m [37m/wd/hub/session/7a63150d-091e-4f6b-8108-2dd58fecb2b6/timeouts[39m
[38;5;0m[HTTP][0m [90m{"implicit":30000}[39m
[38;5;0m[HTTP][0m [37m<-- POST /wd/hub/session/7a63150d-091e-4f6b-8108-2dd58fecb2b6/timeouts [39m[32m200[39m [90m1 ms - 14[39m
[38;5;0m[HTTP][0m [90m[39m
[38;5;0m[HTTP][0m [37m-->[39m [37mPOST[39m [37m/wd/hub/session/7a63150d-091e-4f6b-8108-2dd58fecb2b6/element/00000000-0000-0ad1-ffff-ffff0000006f/click[39m
[38;5;0m[HTTP][0m [90m{"id":"00000000-0000-0ad1-ffff-ffff0000006f"}[39m
[38;5;0m[HTTP][0m [37m<-- POST /wd/hub/session/7a63150d-091e-4f6b-8108-2dd58fecb2b6/element/00000000-0000-0ad1-ffff-ffff0000006f/click [39m[32m200[39m [90m928 ms - 14[39m
[38;5;0m[HTTP][0m [90m[39m
[38;5;0m[HTTP][0m [37m-->[39m [37mPOST[39m [37m/wd/hub/session/7a63150d-091e-4f6b-8108-2dd58fecb2b6/timeouts[39m
[38;5;0m[HTTP][0m [90m{"implicit":50}[39m
[38;5;0m[HTTP][0m [37m<-- POST /wd/hub/session/7a63150d-091e-4f6b-8108-2dd58fecb2b6/timeouts [39m[32m200[39m [90m1 ms - 14[39m
[38;5;0m[HTTP][0m [90m[39m
[38;5;0m[HTTP][0m [37m-->[39m [37mGET[39m [37m/wd/hub/session/7a63150d-091e-4f6b-8108-2dd58fecb2b6/window/rect[39m
[38;5;0m[HTTP][0m [90m{}[39m
[38;5;0m[HTTP][0m [37m<-- GET /wd/hub/session/7a63150d-091e-4f6b-8108-2dd58fecb2b6/window/rect [39m[32m200[39m [90m11 ms - 50[39m
[38;5;0m[HTTP][0m [90m[39m
[38;5;0m[HTTP][0m [37m-->[39m [37mPOST[39m [37m/wd/hub/session/7a63150d-091e-4f6b-8108-2dd58fecb2b6/elements[39m
[38;5;0m[HTTP][0m [90m{"using":"xpath","value":"//*[@class = 'android.widget.CheckedTextView' and (@text = 'Mobil Baru')]"}[39m
[38;5;0m[HTTP][0m [37m<-- POST /wd/hub/session/7a63150d-091e-4f6b-8108-2dd58fecb2b6/elements [39m[32m200[39m [90m29 ms - 139[39m
[38;5;0m[HTTP][0m [90m[39m
[38;5;0m[HTTP][0m [37m-->[39m [37mGET[39m [37m/wd/hub/session/7a63150d-091e-4f6b-8108-2dd58fecb2b6/element/00000000-0000-0ad3-ffff-ffff00000092/location[39m
[38;5;0m[HTTP][0m [90m{}[39m
[38;5;48m[AndroidUiautomator2Driver@a23c (7a63150d)][0m Driver proxy active, passing request on via HTTP proxy
[38;5;48m[AndroidUiautomator2Driver@a23c (7a63150d)][0m Replacing sessionId 5c6d10c5-f800-468c-a6d4-342e684215c2 with 7a63150d-091e-4f6b-8108-2dd58fecb2b6
[38;5;0m[HTTP][0m [37m<-- GET /wd/hub/session/7a63150d-091e-4f6b-8108-2dd58fecb2b6/element/00000000-0000-0ad3-ffff-ffff00000092/location [39m[32m200[39m [90m10 ms - 78[39m
[38;5;0m[HTTP][0m [90m[39m
[38;5;0m[HTTP][0m [37m-->[39m [37mPOST[39m [37m/wd/hub/session/7a63150d-091e-4f6b-8108-2dd58fecb2b6/timeouts[39m
[38;5;0m[HTTP][0m [90m{"implicit":30000}[39m
[38;5;0m[HTTP][0m [37m<-- POST /wd/hub/session/7a63150d-091e-4f6b-8108-2dd58fecb2b6/timeouts [39m[32m200[39m [90m1 ms - 14[39m
[38;5;0m[HTTP][0m [90m[39m
[38;5;0m[HTTP][0m [37m-->[39m [37mPOST[39m [37m/wd/hub/session/7a63150d-091e-4f6b-8108-2dd58fecb2b6/element/00000000-0000-0ad3-ffff-ffff00000092/click[39m
[38;5;0m[HTTP][0m [90m{"id":"00000000-0000-0ad3-ffff-ffff00000092"}[39m
[38;5;0m[HTTP][0m [37m<-- POST /wd/hub/session/7a63150d-091e-4f6b-8108-2dd58fecb2b6/element/00000000-0000-0ad3-ffff-ffff00000092/click [39m[32m200[39m [90m1350 ms - 14[39m
[38;5;0m[HTTP][0m [90m[39m
[38;5;0m[HTTP][0m [37m-->[39m [37mPOST[39m [37m/wd/hub/session/7a63150d-091e-4f6b-8108-2dd58fecb2b6/timeouts[39m
[38;5;0m[HTTP][0m [90m{"implicit":50}[39m
[38;5;0m[HTTP][0m [37m<-- POST /wd/hub/session/7a63150d-091e-4f6b-8108-2dd58fecb2b6/timeouts [39m[32m200[39m [90m1 ms - 14[39m
[38;5;0m[HTTP][0m [90m[39m
[38;5;0m[HTTP][0m [37m-->[39m [37mGET[39m [37m/wd/hub/session/7a63150d-091e-4f6b-8108-2dd58fecb2b6/window/rect[39m
[38;5;0m[HTTP][0m [90m{}[39m
[38;5;0m[HTTP][0m [37m<-- GET /wd/hub/session/7a63150d-091e-4f6b-8108-2dd58fecb2b6/window/rect [39m[32m200[39m [90m7 ms - 50[39m
[38;5;0m[HTTP][0m [90m[39m
[38;5;0m[HTTP][0m [37m-->[39m [37mPOST[39m [37m/wd/hub/session/7a63150d-091e-4f6b-8108-2dd58fecb2b6/elements[39m
[38;5;0m[HTTP][0m [90m{"using":"xpath","value":"//*[@resource-id = 'bcaf.crm.kkb.saleskit:id/tipeKonsumen']"}[39m
[38;5;0m[HTTP][0m [37m<-- POST /wd/hub/session/7a63150d-091e-4f6b-8108-2dd58fecb2b6/elements [39m[32m200[39m [90m43 ms - 139[39m
[38;5;0m[HTTP][0m [90m[39m
[38;5;0m[HTTP][0m [37m-->[39m [37mGET[39m [37m/wd/hub/session/7a63150d-091e-4f6b-8108-2dd58fecb2b6/element/00000000-0000-0ad1-ffff-ffff00000071/location[39m
[38;5;0m[HTTP][0m [90m{}[39m
[38;5;48m[AndroidUiautomator2Driver@a23c (7a63150d)][0m Driver proxy active, passing request on via HTTP proxy
[38;5;48m[AndroidUiautomator2Driver@a23c (7a63150d)][0m Replacing sessionId 5c6d10c5-f800-468c-a6d4-342e684215c2 with 7a63150d-091e-4f6b-8108-2dd58fecb2b6
[38;5;0m[HTTP][0m [37m<-- GET /wd/hub/session/7a63150d-091e-4f6b-8108-2dd58fecb2b6/element/00000000-0000-0ad1-ffff-ffff00000071/location [39m[32m200[39m [90m12 ms - 79[39m
[38;5;0m[HTTP][0m [90m[39m
[38;5;0m[HTTP][0m [37m-->[39m [37mPOST[39m [37m/wd/hub/session/7a63150d-091e-4f6b-8108-2dd58fecb2b6/timeouts[39m
[38;5;0m[HTTP][0m [90m{"implicit":30000}[39m
[38;5;0m[HTTP][0m [37m<-- POST /wd/hub/session/7a63150d-091e-4f6b-8108-2dd58fecb2b6/timeouts [39m[32m200[39m [90m1 ms - 14[39m
[38;5;0m[HTTP][0m [90m[39m
[38;5;0m[HTTP][0m [37m-->[39m [37mPOST[39m [37m/wd/hub/session/7a63150d-091e-4f6b-8108-2dd58fecb2b6/element/00000000-0000-0ad1-ffff-ffff00000071/click[39m
[38;5;0m[HTTP][0m [90m{"id":"00000000-0000-0ad1-ffff-ffff00000071"}[39m
[38;5;0m[HTTP][0m [37m<-- POST /wd/hub/session/7a63150d-091e-4f6b-8108-2dd58fecb2b6/element/00000000-0000-0ad1-ffff-ffff00000071/click [39m[32m200[39m [90m70 ms - 14[39m
[38;5;0m[HTTP][0m [90m[39m
[38;5;0m[HTTP][0m [37m-->[39m [37mPOST[39m [37m/wd/hub/session/7a63150d-091e-4f6b-8108-2dd58fecb2b6/timeouts[39m
[38;5;0m[HTTP][0m [90m{"implicit":50}[39m
[38;5;0m[HTTP][0m [37m<-- POST /wd/hub/session/7a63150d-091e-4f6b-8108-2dd58fecb2b6/timeouts [39m[32m200[39m [90m1 ms - 14[39m
[38;5;0m[HTTP][0m [90m[39m
[38;5;0m[HTTP][0m [37m-->[39m [37mGET[39m [37m/wd/hub/session/7a63150d-091e-4f6b-8108-2dd58fecb2b6/window/rect[39m
[38;5;0m[HTTP][0m [90m{}[39m
[38;5;0m[HTTP][0m [37m<-- GET /wd/hub/session/7a63150d-091e-4f6b-8108-2dd58fecb2b6/window/rect [39m[32m200[39m [90m15 ms - 50[39m
[38;5;0m[HTTP][0m [90m[39m
[38;5;0m[HTTP][0m [37m-->[39m [37mPOST[39m [37m/wd/hub/session/7a63150d-091e-4f6b-8108-2dd58fecb2b6/elements[39m
[38;5;0m[HTTP][0m [90m{"using":"xpath","value":"//*[@class = 'android.widget.CheckedTextView' and (@text = 'Badan Usaha')]"}[39m
[38;5;0m[HTTP][0m [37m<-- POST /wd/hub/session/7a63150d-091e-4f6b-8108-2dd58fecb2b6/elements [39m[32m200[39m [90m868 ms - 139[39m
[38;5;0m[HTTP][0m [90m[39m
[38;5;0m[HTTP][0m [37m-->[39m [37mGET[39m [37m/wd/hub/session/7a63150d-091e-4f6b-8108-2dd58fecb2b6/element/00000000-0000-0ad5-ffff-ffff000000b7/location[39m
[38;5;0m[HTTP][0m [90m{}[39m
[38;5;48m[AndroidUiautomator2Driver@a23c (7a63150d)][0m Driver proxy active, passing request on via HTTP proxy
[38;5;48m[AndroidUiautomator2Driver@a23c (7a63150d)][0m Replacing sessionId 5c6d10c5-f800-468c-a6d4-342e684215c2 with 7a63150d-091e-4f6b-8108-2dd58fecb2b6
[38;5;0m[HTTP][0m [37m<-- GET /wd/hub/session/7a63150d-091e-4f6b-8108-2dd58fecb2b6/element/00000000-0000-0ad5-ffff-ffff000000b7/location [39m[32m200[39m [90m10 ms - 79[39m
[38;5;0m[HTTP][0m [90m[39m
[38;5;0m[HTTP][0m [37m-->[39m [37mPOST[39m [37m/wd/hub/session/7a63150d-091e-4f6b-8108-2dd58fecb2b6/timeouts[39m
[38;5;0m[HTTP][0m [90m{"implicit":30000}[39m
[38;5;0m[HTTP][0m [37m<-- POST /wd/hub/session/7a63150d-091e-4f6b-8108-2dd58fecb2b6/timeouts [39m[32m200[39m [90m1 ms - 14[39m
[38;5;0m[HTTP][0m [90m[39m
[38;5;0m[HTTP][0m [37m-->[39m [37mPOST[39m [37m/wd/hub/session/7a63150d-091e-4f6b-8108-2dd58fecb2b6/element/00000000-0000-0ad5-ffff-ffff000000b7/click[39m
[38;5;0m[HTTP][0m [90m{"id":"00000000-0000-0ad5-ffff-ffff000000b7"}[39m
[38;5;0m[HTTP][0m [37m<-- POST /wd/hub/session/7a63150d-091e-4f6b-8108-2dd58fecb2b6/element/00000000-0000-0ad5-ffff-ffff000000b7/click [39m[32m200[39m [90m1681 ms - 14[39m
[38;5;0m[HTTP][0m [90m[39m
[38;5;0m[HTTP][0m [37m-->[39m [37mPOST[39m [37m/wd/hub/session/7a63150d-091e-4f6b-8108-2dd58fecb2b6/timeouts[39m
[38;5;0m[HTTP][0m [90m{"implicit":50}[39m
[38;5;0m[HTTP][0m [37m<-- POST /wd/hub/session/7a63150d-091e-4f6b-8108-2dd58fecb2b6/timeouts [39m[32m200[39m [90m1 ms - 14[39m
[38;5;0m[HTTP][0m [90m[39m
[38;5;0m[HTTP][0m [37m-->[39m [37mGET[39m [37m/wd/hub/session/7a63150d-091e-4f6b-8108-2dd58fecb2b6/window/rect[39m
[38;5;0m[HTTP][0m [90m{}[39m
[38;5;0m[HTTP][0m [37m<-- GET /wd/hub/session/7a63150d-091e-4f6b-8108-2dd58fecb2b6/window/rect [39m[32m200[39m [90m10 ms - 50[39m
[38;5;0m[HTTP][0m [90m[39m
[38;5;0m[HTTP][0m [37m-->[39m [37mPOST[39m [37m/wd/hub/session/7a63150d-091e-4f6b-8108-2dd58fecb2b6/elements[39m
[38;5;0m[HTTP][0m [90m{"using":"xpath","value":"//*[@resource-id = 'bcaf.crm.kkb.saleskit:id/npwpY']"}[39m
[38;5;0m[HTTP][0m [37m<-- POST /wd/hub/session/7a63150d-091e-4f6b-8108-2dd58fecb2b6/elements [39m[32m200[39m [90m38 ms - 139[39m
[38;5;0m[HTTP][0m [90m[39m
[38;5;0m[HTTP][0m [37m-->[39m [37mGET[39m [37m/wd/hub/session/7a63150d-091e-4f6b-8108-2dd58fecb2b6/element/00000000-0000-0ad1-ffff-ffff00000075/location[39m
[38;5;0m[HTTP][0m [90m{}[39m
[38;5;48m[AndroidUiautomator2Driver@a23c (7a63150d)][0m Driver proxy active, passing request on via HTTP proxy
[38;5;48m[AndroidUiautomator2Driver@a23c (7a63150d)][0m Replacing sessionId 5c6d10c5-f800-468c-a6d4-342e684215c2 with 7a63150d-091e-4f6b-8108-2dd58fecb2b6
[38;5;0m[HTTP][0m [37m<-- GET /wd/hub/session/7a63150d-091e-4f6b-8108-2dd58fecb2b6/element/00000000-0000-0ad1-ffff-ffff00000075/location [39m[32m200[39m [90m13 ms - 79[39m
[38;5;0m[HTTP][0m [90m[39m
[38;5;0m[HTTP][0m [37m-->[39m [37mPOST[39m [37m/wd/hub/session/7a63150d-091e-4f6b-8108-2dd58fecb2b6/timeouts[39m
[38;5;0m[HTTP][0m [90m{"implicit":30000}[39m
[38;5;0m[HTTP][0m [37m<-- POST /wd/hub/session/7a63150d-091e-4f6b-8108-2dd58fecb2b6/timeouts [39m[32m200[39m [90m1 ms - 14[39m
[38;5;0m[HTTP][0m [90m[39m
[38;5;0m[HTTP][0m [37m-->[39m [37mPOST[39m [37m/wd/hub/session/7a63150d-091e-4f6b-8108-2dd58fecb2b6/element/00000000-0000-0ad1-ffff-ffff00000075/click[39m
[38;5;0m[HTTP][0m [90m{"id":"00000000-0000-0ad1-ffff-ffff00000075"}[39m
[38;5;0m[HTTP][0m [37m<-- POST /wd/hub/session/7a63150d-091e-4f6b-8108-2dd58fecb2b6/element/00000000-0000-0ad1-ffff-ffff00000075/click [39m[32m200[39m [90m535 ms - 14[39m
[38;5;0m[HTTP][0m [90m[39m
[38;5;0m[HTTP][0m [37m-->[39m [37mPOST[39m [37m/wd/hub/session/7a63150d-091e-4f6b-8108-2dd58fecb2b6/timeouts[39m
[38;5;0m[HTTP][0m [90m{"implicit":50}[39m
[38;5;0m[HTTP][0m [37m<-- POST /wd/hub/session/7a63150d-091e-4f6b-8108-2dd58fecb2b6/timeouts [39m[32m200[39m [90m1 ms - 14[39m
[38;5;0m[HTTP][0m [90m[39m
[38;5;0m[HTTP][0m [37m-->[39m [37mGET[39m [37m/wd/hub/session/7a63150d-091e-4f6b-8108-2dd58fecb2b6/window/rect[39m
[38;5;0m[HTTP][0m [90m{}[39m
[38;5;0m[HTTP][0m [37m<-- GET /wd/hub/session/7a63150d-091e-4f6b-8108-2dd58fecb2b6/window/rect [39m[32m200[39m [90m10 ms - 50[39m
[38;5;0m[HTTP][0m [90m[39m
[38;5;0m[HTTP][0m [37m-->[39m [37mPOST[39m [37m/wd/hub/session/7a63150d-091e-4f6b-8108-2dd58fecb2b6/elements[39m
[38;5;0m[HTTP][0m [90m{"using":"xpath","value":"//*[@resource-id = 'bcaf.crm.kkb.saleskit:id/cluster']"}[39m
[38;5;0m[HTTP][0m [37m<-- POST /wd/hub/session/7a63150d-091e-4f6b-8108-2dd58fecb2b6/elements [39m[32m200[39m [90m63 ms - 139[39m
[38;5;0m[HTTP][0m [90m[39m
[38;5;0m[HTTP][0m [37m-->[39m [37mGET[39m [37m/wd/hub/session/7a63150d-091e-4f6b-8108-2dd58fecb2b6/element/00000000-0000-0ad1-ffff-ffff0000007a/location[39m
[38;5;0m[HTTP][0m [90m{}[39m
[38;5;48m[AndroidUiautomator2Driver@a23c (7a63150d)][0m Driver proxy active, passing request on via HTTP proxy
[38;5;48m[AndroidUiautomator2Driver@a23c (7a63150d)][0m Replacing sessionId 5c6d10c5-f800-468c-a6d4-342e684215c2 with 7a63150d-091e-4f6b-8108-2dd58fecb2b6
[38;5;0m[HTTP][0m [37m<-- GET /wd/hub/session/7a63150d-091e-4f6b-8108-2dd58fecb2b6/element/00000000-0000-0ad1-ffff-ffff0000007a/location [39m[32m200[39m [90m17 ms - 79[39m
[38;5;0m[HTTP][0m [90m[39m
[38;5;0m[HTTP][0m [37m-->[39m [37mPOST[39m [37m/wd/hub/session/7a63150d-091e-4f6b-8108-2dd58fecb2b6/timeouts[39m
[38;5;0m[HTTP][0m [90m{"implicit":30000}[39m
[38;5;0m[HTTP][0m [37m<-- POST /wd/hub/session/7a63150d-091e-4f6b-8108-2dd58fecb2b6/timeouts [39m[32m200[39m [90m1 ms - 14[39m
[38;5;0m[HTTP][0m [90m[39m
[38;5;0m[HTTP][0m [37m-->[39m [37mPOST[39m [37m/wd/hub/session/7a63150d-091e-4f6b-8108-2dd58fecb2b6/element/00000000-0000-0ad1-ffff-ffff0000007a/click[39m
[38;5;0m[HTTP][0m [90m{"id":"00000000-0000-0ad1-ffff-ffff0000007a"}[39m
[38;5;0m[HTTP][0m [37m<-- POST /wd/hub/session/7a63150d-091e-4f6b-8108-2dd58fecb2b6/element/00000000-0000-0ad1-ffff-ffff0000007a/click [39m[32m200[39m [90m68 ms - 14[39m
[38;5;0m[HTTP][0m [90m[39m
[38;5;0m[HTTP][0m [37m-->[39m [37mPOST[39m [37m/wd/hub/session/7a63150d-091e-4f6b-8108-2dd58fecb2b6/timeouts[39m
[38;5;0m[HTTP][0m [90m{"implicit":50}[39m
[38;5;0m[HTTP][0m [37m<-- POST /wd/hub/session/7a63150d-091e-4f6b-8108-2dd58fecb2b6/timeouts [39m[32m200[39m [90m1 ms - 14[39m
[38;5;0m[HTTP][0m [90m[39m
[38;5;0m[HTTP][0m [37m-->[39m [37mGET[39m [37m/wd/hub/session/7a63150d-091e-4f6b-8108-2dd58fecb2b6/window/rect[39m
[38;5;0m[HTTP][0m [90m{}[39m
[38;5;0m[HTTP][0m [37m<-- GET /wd/hub/session/7a63150d-091e-4f6b-8108-2dd58fecb2b6/window/rect [39m[32m200[39m [90m15 ms - 50[39m
[38;5;0m[HTTP][0m [90m[39m
[38;5;0m[HTTP][0m [37m-->[39m [37mPOST[39m [37m/wd/hub/session/7a63150d-091e-4f6b-8108-2dd58fecb2b6/elements[39m
[38;5;0m[HTTP][0m [90m{"using":"xpath","value":"//*[@class = 'android.widget.CheckedTextView' and (@text = 'Solitaire')]"}[39m
[38;5;0m[HTTP][0m [37m<-- POST /wd/hub/session/7a63150d-091e-4f6b-8108-2dd58fecb2b6/elements [39m[32m200[39m [90m909 ms - 12[39m
[38;5;0m[HTTP][0m [90m[39m
[38;5;0m[HTTP][0m [37m-->[39m [37mPOST[39m [37m/wd/hub/session/7a63150d-091e-4f6b-8108-2dd58fecb2b6/elements[39m
[38;5;0m[HTTP][0m [90m{"using":"xpath","value":"//*[@class = 'android.widget.CheckedTextView' and (@text = 'Solitaire')]"}[39m
[38;5;0m[HTTP][0m [37m<-- POST /wd/hub/session/7a63150d-091e-4f6b-8108-2dd58fecb2b6/elements [39m[32m200[39m [90m78 ms - 12[39m
[38;5;0m[HTTP][0m [90m[39m
[38;5;0m[HTTP][0m [37m-->[39m [37mPOST[39m [37m/wd/hub/session/7a63150d-091e-4f6b-8108-2dd58fecb2b6/elements[39m
[38;5;0m[HTTP][0m [90m{"using":"xpath","value":"//*[@class = 'android.widget.CheckedTextView' and (@text = 'Solitaire')]"}[39m
[38;5;0m[HTTP][0m [37m<-- POST /wd/hub/session/7a63150d-091e-4f6b-8108-2dd58fecb2b6/elements [39m[32m200[39m [90m82 ms - 12[39m
[38;5;0m[HTTP][0m [90m[39m
[38;5;0m[HTTP][0m [37m-->[39m [37mPOST[39m [37m/wd/hub/session/7a63150d-091e-4f6b-8108-2dd58fecb2b6/elements[39m
[38;5;0m[HTTP][0m [90m{"using":"xpath","value":"//*[@class = 'android.widget.CheckedTextView' and (@text = 'Solitaire')]"}[39m
[38;5;0m[HTTP][0m [37m<-- POST /wd/hub/session/7a63150d-091e-4f6b-8108-2dd58fecb2b6/elements [39m[32m200[39m [90m82 ms - 12[39m
[38;5;0m[HTTP][0m [90m[39m
[38;5;0m[HTTP][0m [37m-->[39m [37mPOST[39m [37m/wd/hub/session/7a63150d-091e-4f6b-8108-2dd58fecb2b6/elements[39m
[38;5;0m[HTTP][0m [90m{"using":"xpath","value":"//*[@class = 'android.widget.CheckedTextView' and (@text = 'Solitaire')]"}[39m
[38;5;0m[HTTP][0m [37m<-- POST /wd/hub/session/7a63150d-091e-4f6b-8108-2dd58fecb2b6/elements [39m[32m200[39m [90m76 ms - 12[39m
[38;5;0m[HTTP][0m [90m[39m
[38;5;0m[HTTP][0m [37m-->[39m [37mPOST[39m [37m/wd/hub/session/7a63150d-091e-4f6b-8108-2dd58fecb2b6/elements[39m
[38;5;0m[HTTP][0m [90m{"using":"xpath","value":"//*[@class = 'android.widget.CheckedTextView' and (@text = 'Solitaire')]"}[39m
[38;5;0m[HTTP][0m [37m<-- POST /wd/hub/session/7a63150d-091e-4f6b-8108-2dd58fecb2b6/elements [39m[32m200[39m [90m71 ms - 12[39m
[38;5;0m[HTTP][0m [90m[39m
[38;5;0m[HTTP][0m [37m-->[39m [37mPOST[39m [37m/wd/hub/session/7a63150d-091e-4f6b-8108-2dd58fecb2b6/elements[39m
[38;5;0m[HTTP][0m [90m{"using":"xpath","value":"//*[@class = 'android.widget.CheckedTextView' and (@text = 'Solitaire')]"}[39m
[38;5;0m[HTTP][0m [37m<-- POST /wd/hub/session/7a63150d-091e-4f6b-8108-2dd58fecb2b6/elements [39m[32m200[39m [90m75 ms - 12[39m
[38;5;0m[HTTP][0m [90m[39m
[38;5;0m[HTTP][0m [37m-->[39m [37mPOST[39m [37m/wd/hub/session/7a63150d-091e-4f6b-8108-2dd58fecb2b6/elements[39m
[38;5;0m[HTTP][0m [90m{"using":"xpath","value":"//*[@class = 'android.widget.CheckedTextView' and (@text = 'Solitaire')]"}[39m
[38;5;0m[HTTP][0m [37m<-- POST /wd/hub/session/7a63150d-091e-4f6b-8108-2dd58fecb2b6/elements [39m[32m200[39m [90m78 ms - 12[39m
[38;5;0m[HTTP][0m [90m[39m
[38;5;0m[HTTP][0m [37m-->[39m [37mPOST[39m [37m/wd/hub/session/7a63150d-091e-4f6b-8108-2dd58fecb2b6/elements[39m
[38;5;0m[HTTP][0m [90m{"using":"xpath","value":"//*[@class = 'android.widget.CheckedTextView' and (@text = 'Solitaire')]"}[39m
[38;5;0m[HTTP][0m [37m<-- POST /wd/hub/session/7a63150d-091e-4f6b-8108-2dd58fecb2b6/elements [39m[32m200[39m [90m78 ms - 12[39m
[38;5;0m[HTTP][0m [90m[39m
[38;5;0m[HTTP][0m [37m-->[39m [37mPOST[39m [37m/wd/hub/session/7a63150d-091e-4f6b-8108-2dd58fecb2b6/elements[39m
[38;5;0m[HTTP][0m [90m{"using":"xpath","value":"//*[@class = 'android.widget.CheckedTextView' and (@text = 'Solitaire')]"}[39m
[38;5;0m[HTTP][0m [37m<-- POST /wd/hub/session/7a63150d-091e-4f6b-8108-2dd58fecb2b6/elements [39m[32m200[39m [90m109 ms - 12[39m
[38;5;0m[HTTP][0m [90m[39m
[38;5;0m[HTTP][0m [37m-->[39m [37mPOST[39m [37m/wd/hub/session/7a63150d-091e-4f6b-8108-2dd58fecb2b6/elements[39m
[38;5;0m[HTTP][0m [90m{"using":"xpath","value":"//*[@class = 'android.widget.CheckedTextView' and (@text = 'Solitaire')]"}[39m
[38;5;0m[HTTP][0m [37m<-- POST /wd/hub/session/7a63150d-091e-4f6b-8108-2dd58fecb2b6/elements [39m[32m200[39m [90m130 ms - 12[39m
[38;5;0m[HTTP][0m [90m[39m
[38;5;0m[HTTP][0m [37m-->[39m [37mPOST[39m [37m/wd/hub/session/7a63150d-091e-4f6b-8108-2dd58fecb2b6/elements[39m
[38;5;0m[HTTP][0m [90m{"using":"xpath","value":"//*[@class = 'android.widget.CheckedTextView' and (@text = 'Solitaire')]"}[39m
[38;5;0m[HTTP][0m [37m<-- POST /wd/hub/session/7a63150d-091e-4f6b-8108-2dd58fecb2b6/elements [39m[32m200[39m [90m83 ms - 12[39m
[38;5;0m[HTTP][0m [90m[39m
[38;5;0m[HTTP][0m [37m-->[39m [37mPOST[39m [37m/wd/hub/session/7a63150d-091e-4f6b-8108-2dd58fecb2b6/elements[39m
[38;5;0m[HTTP][0m [90m{"using":"xpath","value":"//*[@class = 'android.widget.CheckedTextView' and (@text = 'Solitaire')]"}[39m
[38;5;0m[HTTP][0m [37m<-- POST /wd/hub/session/7a63150d-091e-4f6b-8108-2dd58fecb2b6/elements [39m[32m200[39m [90m85 ms - 12[39m
[38;5;0m[HTTP][0m [90m[39m
[38;5;0m[HTTP][0m [37m-->[39m [37mPOST[39m [37m/wd/hub/session/7a63150d-091e-4f6b-8108-2dd58fecb2b6/elements[39m
[38;5;0m[HTTP][0m [90m{"using":"xpath","value":"//*[@class = 'android.widget.CheckedTextView' and (@text = 'Solitaire')]"}[39m
[38;5;0m[HTTP][0m [37m<-- POST /wd/hub/session/7a63150d-091e-4f6b-8108-2dd58fecb2b6/elements [39m[32m200[39m [90m85 ms - 12[39m
[38;5;0m[HTTP][0m [90m[39m
[38;5;0m[HTTP][0m [37m-->[39m [37mPOST[39m [37m/wd/hub/session/7a63150d-091e-4f6b-8108-2dd58fecb2b6/elements[39m
[38;5;0m[HTTP][0m [90m{"using":"xpath","value":"//*[@class = 'android.widget.CheckedTextView' and (@text = 'Solitaire')]"}[39m
[38;5;0m[HTTP][0m [37m<-- POST /wd/hub/session/7a63150d-091e-4f6b-8108-2dd58fecb2b6/elements [39m[32m200[39m [90m74 ms - 12[39m
[38;5;0m[HTTP][0m [90m[39m
[38;5;0m[HTTP][0m [37m-->[39m [37mPOST[39m [37m/wd/hub/session/7a63150d-091e-4f6b-8108-2dd58fecb2b6/elements[39m
[38;5;0m[HTTP][0m [90m{"using":"xpath","value":"//*[@class = 'android.widget.CheckedTextView' and (@text = 'Solitaire')]"}[39m
[38;5;0m[HTTP][0m [37m<-- POST /wd/hub/session/7a63150d-091e-4f6b-8108-2dd58fecb2b6/elements [39m[32m200[39m [90m77 ms - 12[39m
[38;5;0m[HTTP][0m [90m[39m
[38;5;0m[HTTP][0m [37m-->[39m [37mPOST[39m [37m/wd/hub/session/7a63150d-091e-4f6b-8108-2dd58fecb2b6/elements[39m
[38;5;0m[HTTP][0m [90m{"using":"xpath","value":"//*[@class = 'android.widget.CheckedTextView' and (@text = 'Solitaire')]"}[39m
[38;5;0m[HTTP][0m [37m<-- POST /wd/hub/session/7a63150d-091e-4f6b-8108-2dd58fecb2b6/elements [39m[32m200[39m [90m70 ms - 12[39m
[38;5;0m[HTTP][0m [90m[39m
[38;5;0m[HTTP][0m [37m-->[39m [37mPOST[39m [37m/wd/hub/session/7a63150d-091e-4f6b-8108-2dd58fecb2b6/elements[39m
[38;5;0m[HTTP][0m [90m{"using":"xpath","value":"//*[@class = 'android.widget.CheckedTextView' and (@text = 'Solitaire')]"}[39m
[38;5;0m[HTTP][0m [37m<-- POST /wd/hub/session/7a63150d-091e-4f6b-8108-2dd58fecb2b6/elements [39m[32m200[39m [90m78 ms - 12[39m
[38;5;0m[HTTP][0m [90m[39m
[38;5;0m[HTTP][0m [37m-->[39m [37mPOST[39m [37m/wd/hub/session/7a63150d-091e-4f6b-8108-2dd58fecb2b6/elements[39m
[38;5;0m[HTTP][0m [90m{"using":"xpath","value":"//*[@class = 'android.widget.CheckedTextView' and (@text = 'Solitaire')]"}[39m
[38;5;0m[HTTP][0m [37m<-- POST /wd/hub/session/7a63150d-091e-4f6b-8108-2dd58fecb2b6/elements [39m[32m200[39m [90m76 ms - 12[39m
[38;5;0m[HTTP][0m [90m[39m
[38;5;0m[HTTP][0m [37m-->[39m [37mPOST[39m [37m/wd/hub/session/7a63150d-091e-4f6b-8108-2dd58fecb2b6/elements[39m
[38;5;0m[HTTP][0m [90m{"using":"xpath","value":"//*[@class = 'android.widget.CheckedTextView' and (@text = 'Solitaire')]"}[39m
[38;5;0m[HTTP][0m [37m<-- POST /wd/hub/session/7a63150d-091e-4f6b-8108-2dd58fecb2b6/elements [39m[32m200[39m [90m84 ms - 12[39m
[38;5;0m[HTTP][0m [90m[39m
[38;5;0m[HTTP][0m [37m-->[39m [37mPOST[39m [37m/wd/hub/session/7a63150d-091e-4f6b-8108-2dd58fecb2b6/elements[39m
[38;5;0m[HTTP][0m [90m{"using":"xpath","value":"//*[@class = 'android.widget.CheckedTextView' and (@text = 'Solitaire')]"}[39m
[38;5;0m[HTTP][0m [37m<-- POST /wd/hub/session/7a63150d-091e-4f6b-8108-2dd58fecb2b6/elements [39m[32m200[39m [90m86 ms - 12[39m
[38;5;0m[HTTP][0m [90m[39m
[38;5;0m[HTTP][0m [37m-->[39m [37mPOST[39m [37m/wd/hub/session/7a63150d-091e-4f6b-8108-2dd58fecb2b6/elements[39m
[38;5;0m[HTTP][0m [90m{"using":"xpath","value":"//*[@class = 'android.widget.CheckedTextView' and (@text = 'Solitaire')]"}[39m
[38;5;0m[HTTP][0m [37m<-- POST /wd/hub/session/7a63150d-091e-4f6b-8108-2dd58fecb2b6/elements [39m[32m200[39m [90m81 ms - 12[39m
[38;5;0m[HTTP][0m [90m[39m
[38;5;0m[HTTP][0m [37m-->[39m [37mPOST[39m [37m/wd/hub/session/7a63150d-091e-4f6b-8108-2dd58fecb2b6/elements[39m
[38;5;0m[HTTP][0m [90m{"using":"xpath","value":"//*[@class = 'android.widget.CheckedTextView' and (@text = 'Solitaire')]"}[39m
[38;5;0m[HTTP][0m [37m<-- POST /wd/hub/session/7a63150d-091e-4f6b-8108-2dd58fecb2b6/elements [39m[32m200[39m [90m92 ms - 12[39m
[38;5;0m[HTTP][0m [90m[39m
[38;5;0m[HTTP][0m [37m-->[39m [37mPOST[39m [37m/wd/hub/session/7a63150d-091e-4f6b-8108-2dd58fecb2b6/elements[39m
[38;5;0m[HTTP][0m [90m{"using":"xpath","value":"//*[@class = 'android.widget.CheckedTextView' and (@text = 'Solitaire')]"}[39m
[38;5;0m[HTTP][0m [37m<-- POST /wd/hub/session/7a63150d-091e-4f6b-8108-2dd58fecb2b6/elements [39m[32m200[39m [90m92 ms - 12[39m
[38;5;0m[HTTP][0m [90m[39m
[38;5;0m[HTTP][0m [37m-->[39m [37mPOST[39m [37m/wd/hub/session/7a63150d-091e-4f6b-8108-2dd58fecb2b6/elements[39m
[38;5;0m[HTTP][0m [90m{"using":"xpath","value":"//*[@class = 'android.widget.CheckedTextView' and (@text = 'Solitaire')]"}[39m
[38;5;0m[HTTP][0m [37m<-- POST /wd/hub/session/7a63150d-091e-4f6b-8108-2dd58fecb2b6/elements [39m[32m200[39m [90m84 ms - 12[39m
[38;5;0m[HTTP][0m [90m[39m
[38;5;0m[HTTP][0m [37m-->[39m [37mPOST[39m [37m/wd/hub/session/7a63150d-091e-4f6b-8108-2dd58fecb2b6/elements[39m
[38;5;0m[HTTP][0m [90m{"using":"xpath","value":"//*[@class = 'android.widget.CheckedTextView' and (@text = 'Solitaire')]"}[39m
[38;5;0m[HTTP][0m [37m<-- POST /wd/hub/session/7a63150d-091e-4f6b-8108-2dd58fecb2b6/elements [39m[32m200[39m [90m89 ms - 12[39m
[38;5;0m[HTTP][0m [90m[39m
[38;5;0m[HTTP][0m [37m-->[39m [37mPOST[39m [37m/wd/hub/session/7a63150d-091e-4f6b-8108-2dd58fecb2b6/elements[39m
[38;5;0m[HTTP][0m [90m{"using":"xpath","value":"//*[@class = 'android.widget.CheckedTextView' and (@text = 'Solitaire')]"}[39m
[38;5;0m[HTTP][0m [37m<-- POST /wd/hub/session/7a63150d-091e-4f6b-8108-2dd58fecb2b6/elements [39m[32m200[39m [90m84 ms - 12[39m
[38;5;0m[HTTP][0m [90m[39m
[38;5;0m[HTTP][0m [37m-->[39m [37mPOST[39m [37m/wd/hub/session/7a63150d-091e-4f6b-8108-2dd58fecb2b6/elements[39m
[38;5;0m[HTTP][0m [90m{"using":"xpath","value":"//*[@class = 'android.widget.CheckedTextView' and (@text = 'Solitaire')]"}[39m
[38;5;0m[HTTP][0m [37m<-- POST /wd/hub/session/7a63150d-091e-4f6b-8108-2dd58fecb2b6/elements [39m[32m200[39m [90m85 ms - 12[39m
[38;5;0m[HTTP][0m [90m[39m
[38;5;0m[HTTP][0m [37m-->[39m [37mPOST[39m [37m/wd/hub/session/7a63150d-091e-4f6b-8108-2dd58fecb2b6/elements[39m
[38;5;0m[HTTP][0m [90m{"using":"xpath","value":"//*[@class = 'android.widget.CheckedTextView' and (@text = 'Solitaire')]"}[39m
[38;5;0m[HTTP][0m [37m<-- POST /wd/hub/session/7a63150d-091e-4f6b-8108-2dd58fecb2b6/elements [39m[32m200[39m [90m89 ms - 12[39m
[38;5;0m[HTTP][0m [90m[39m
[38;5;0m[HTTP][0m [37m-->[39m [37mPOST[39m [37m/wd/hub/session/7a63150d-091e-4f6b-8108-2dd58fecb2b6/elements[39m
[38;5;0m[HTTP][0m [90m{"using":"xpath","value":"//*[@class = 'android.widget.CheckedTextView' and (@text = 'Solitaire')]"}[39m
[38;5;0m[HTTP][0m [37m<-- POST /wd/hub/session/7a63150d-091e-4f6b-8108-2dd58fecb2b6/elements [39m[32m200[39m [90m90 ms - 12[39m
[38;5;0m[HTTP][0m [90m[39m
[38;5;0m[HTTP][0m [37m-->[39m [37mPOST[39m [37m/wd/hub/session/7a63150d-091e-4f6b-8108-2dd58fecb2b6/elements[39m
[38;5;0m[HTTP][0m [90m{"using":"xpath","value":"//*[@class = 'android.widget.CheckedTextView' and (@text = 'Solitaire')]"}[39m
[38;5;0m[HTTP][0m [37m<-- POST /wd/hub/session/7a63150d-091e-4f6b-8108-2dd58fecb2b6/elements [39m[32m200[39m [90m85 ms - 12[39m
[38;5;0m[HTTP][0m [90m[39m
[38;5;0m[HTTP][0m [37m-->[39m [37mPOST[39m [37m/wd/hub/session/7a63150d-091e-4f6b-8108-2dd58fecb2b6/elements[39m
[38;5;0m[HTTP][0m [90m{"using":"xpath","value":"//*[@class = 'android.widget.CheckedTextView' and (@text = 'Solitaire')]"}[39m
[38;5;0m[HTTP][0m [37m<-- POST /wd/hub/session/7a63150d-091e-4f6b-8108-2dd58fecb2b6/elements [39m[32m200[39m [90m82 ms - 12[39m
[38;5;0m[HTTP][0m [90m[39m
[38;5;0m[HTTP][0m [37m-->[39m [37mPOST[39m [37m/wd/hub/session/7a63150d-091e-4f6b-8108-2dd58fecb2b6/elements[39m
[38;5;0m[HTTP][0m [90m{"using":"xpath","value":"//*[@class = 'android.widget.CheckedTextView' and (@text = 'Solitaire')]"}[39m
[38;5;0m[HTTP][0m [37m<-- POST /wd/hub/session/7a63150d-091e-4f6b-8108-2dd58fecb2b6/elements [39m[32m200[39m [90m83 ms - 12[39m
[38;5;0m[HTTP][0m [90m[39m
[38;5;0m[HTTP][0m [37m-->[39m [37mPOST[39m [37m/wd/hub/session/7a63150d-091e-4f6b-8108-2dd58fecb2b6/elements[39m
[38;5;0m[HTTP][0m [90m{"using":"xpath","value":"//*[@class = 'android.widget.CheckedTextView' and (@text = 'Solitaire')]"}[39m
[38;5;0m[HTTP][0m [37m<-- POST /wd/hub/session/7a63150d-091e-4f6b-8108-2dd58fecb2b6/elements [39m[32m200[39m [90m75 ms - 12[39m
[38;5;0m[HTTP][0m [90m[39m
[38;5;0m[HTTP][0m [37m-->[39m [37mPOST[39m [37m/wd/hub/session/7a63150d-091e-4f6b-8108-2dd58fecb2b6/elements[39m
[38;5;0m[HTTP][0m [90m{"using":"xpath","value":"//*[@class = 'android.widget.CheckedTextView' and (@text = 'Solitaire')]"}[39m
[38;5;0m[HTTP][0m [37m<-- POST /wd/hub/session/7a63150d-091e-4f6b-8108-2dd58fecb2b6/elements [39m[32m200[39m [90m72 ms - 12[39m
[38;5;0m[HTTP][0m [90m[39m
[38;5;0m[HTTP][0m [37m-->[39m [37mPOST[39m [37m/wd/hub/session/7a63150d-091e-4f6b-8108-2dd58fecb2b6/elements[39m
[38;5;0m[HTTP][0m [90m{"using":"xpath","value":"//*[@class = 'android.widget.CheckedTextView' and (@text = 'Solitaire')]"}[39m
[38;5;0m[HTTP][0m [37m<-- POST /wd/hub/session/7a63150d-091e-4f6b-8108-2dd58fecb2b6/elements [39m[32m200[39m [90m83 ms - 12[39m
[38;5;0m[HTTP][0m [90m[39m
[38;5;0m[HTTP][0m [37m-->[39m [37mPOST[39m [37m/wd/hub/session/7a63150d-091e-4f6b-8108-2dd58fecb2b6/elements[39m
[38;5;0m[HTTP][0m [90m{"using":"xpath","value":"//*[@class = 'android.widget.CheckedTextView' and (@text = 'Solitaire')]"}[39m
[38;5;0m[HTTP][0m [37m<-- POST /wd/hub/session/7a63150d-091e-4f6b-8108-2dd58fecb2b6/elements [39m[32m200[39m [90m71 ms - 12[39m
[38;5;0m[HTTP][0m [90m[39m
[38;5;0m[HTTP][0m [37m-->[39m [37mPOST[39m [37m/wd/hub/session/7a63150d-091e-4f6b-8108-2dd58fecb2b6/elements[39m
[38;5;0m[HTTP][0m [90m{"using":"xpath","value":"//*[@class = 'android.widget.CheckedTextView' and (@text = 'Solitaire')]"}[39m
[38;5;0m[HTTP][0m [37m<-- POST /wd/hub/session/7a63150d-091e-4f6b-8108-2dd58fecb2b6/elements [39m[32m200[39m [90m70 ms - 12[39m
[38;5;0m[HTTP][0m [90m[39m
[38;5;0m[HTTP][0m [37m-->[39m [37mPOST[39m [37m/wd/hub/session/7a63150d-091e-4f6b-8108-2dd58fecb2b6/elements[39m
[38;5;0m[HTTP][0m [90m{"using":"xpath","value":"//*[@class = 'android.widget.CheckedTextView' and (@text = 'Solitaire')]"}[39m
[38;5;0m[HTTP][0m [37m<-- POST /wd/hub/session/7a63150d-091e-4f6b-8108-2dd58fecb2b6/elements [39m[32m200[39m [90m87 ms - 12[39m
[38;5;0m[HTTP][0m [90m[39m
[38;5;0m[HTTP][0m [37m-->[39m [37mPOST[39m [37m/wd/hub/session/7a63150d-091e-4f6b-8108-2dd58fecb2b6/elements[39m
[38;5;0m[HTTP][0m [90m{"using":"xpath","value":"//*[@class = 'android.widget.CheckedTextView' and (@text = 'Solitaire')]"}[39m
[38;5;0m[HTTP][0m [37m<-- POST /wd/hub/session/7a63150d-091e-4f6b-8108-2dd58fecb2b6/elements [39m[32m200[39m [90m94 ms - 12[39m
[38;5;0m[HTTP][0m [90m[39m
[38;5;0m[HTTP][0m [37m-->[39m [37mPOST[39m [37m/wd/hub/session/7a63150d-091e-4f6b-8108-2dd58fecb2b6/elements[39m
[38;5;0m[HTTP][0m [90m{"using":"xpath","value":"//*[@class = 'android.widget.CheckedTextView' and (@text = 'Solitaire')]"}[39m
[38;5;0m[HTTP][0m [37m<-- POST /wd/hub/session/7a63150d-091e-4f6b-8108-2dd58fecb2b6/elements [39m[32m200[39m [90m84 ms - 12[39m
[38;5;0m[HTTP][0m [90m[39m
[38;5;0m[HTTP][0m [37m-->[39m [37mPOST[39m [37m/wd/hub/session/7a63150d-091e-4f6b-8108-2dd58fecb2b6/elements[39m
[38;5;0m[HTTP][0m [90m{"using":"xpath","value":"//*[@class = 'android.widget.CheckedTextView' and (@text = 'Solitaire')]"}[39m
[38;5;0m[HTTP][0m [37m<-- POST /wd/hub/session/7a63150d-091e-4f6b-8108-2dd58fecb2b6/elements [39m[32m200[39m [90m104 ms - 12[39m
[38;5;0m[HTTP][0m [90m[39m
[38;5;0m[HTTP][0m [37m-->[39m [37mPOST[39m [37m/wd/hub/session/7a63150d-091e-4f6b-8108-2dd58fecb2b6/elements[39m
[38;5;0m[HTTP][0m [90m{"using":"xpath","value":"//*[@class = 'android.widget.CheckedTextView' and (@text = 'Solitaire')]"}[39m
[38;5;0m[HTTP][0m [37m<-- POST /wd/hub/session/7a63150d-091e-4f6b-8108-2dd58fecb2b6/elements [39m[32m200[39m [90m79 ms - 12[39m
[38;5;0m[HTTP][0m [90m[39m
[38;5;0m[HTTP][0m [37m-->[39m [37mPOST[39m [37m/wd/hub/session/7a63150d-091e-4f6b-8108-2dd58fecb2b6/elements[39m
[38;5;0m[HTTP][0m [90m{"using":"xpath","value":"//*[@class = 'android.widget.CheckedTextView' and (@text = 'Solitaire')]"}[39m
[38;5;0m[HTTP][0m [37m<-- POST /wd/hub/session/7a63150d-091e-4f6b-8108-2dd58fecb2b6/elements [39m[32m200[39m [90m105 ms - 12[39m
[38;5;0m[HTTP][0m [90m[39m
[38;5;0m[HTTP][0m [37m-->[39m [37mPOST[39m [37m/wd/hub/session/7a63150d-091e-4f6b-8108-2dd58fecb2b6/elements[39m
[38;5;0m[HTTP][0m [90m{"using":"xpath","value":"//*[@class = 'android.widget.CheckedTextView' and (@text = 'Solitaire')]"}[39m
[38;5;0m[HTTP][0m [37m<-- POST /wd/hub/session/7a63150d-091e-4f6b-8108-2dd58fecb2b6/elements [39m[32m200[39m [90m87 ms - 12[39m
[38;5;0m[HTTP][0m [90m[39m
[38;5;0m[HTTP][0m [37m-->[39m [37mPOST[39m [37m/wd/hub/session/7a63150d-091e-4f6b-8108-2dd58fecb2b6/elements[39m
[38;5;0m[HTTP][0m [90m{"using":"xpath","value":"//*[@class = 'android.widget.CheckedTextView' and (@text = 'Solitaire')]"}[39m
[38;5;0m[HTTP][0m [37m<-- POST /wd/hub/session/7a63150d-091e-4f6b-8108-2dd58fecb2b6/elements [39m[32m200[39m [90m88 ms - 12[39m
[38;5;0m[HTTP][0m [90m[39m
[38;5;0m[HTTP][0m [37m-->[39m [37mPOST[39m [37m/wd/hub/session/7a63150d-091e-4f6b-8108-2dd58fecb2b6/elements[39m
[38;5;0m[HTTP][0m [90m{"using":"xpath","value":"//*[@class = 'android.widget.CheckedTextView' and (@text = 'Solitaire')]"}[39m
[38;5;0m[HTTP][0m [37m<-- POST /wd/hub/session/7a63150d-091e-4f6b-8108-2dd58fecb2b6/elements [39m[32m200[39m [90m79 ms - 12[39m
[38;5;0m[HTTP][0m [90m[39m
[38;5;0m[HTTP][0m [37m-->[39m [37mPOST[39m [37m/wd/hub/session/7a63150d-091e-4f6b-8108-2dd58fecb2b6/elements[39m
[38;5;0m[HTTP][0m [90m{"using":"xpath","value":"//*[@class = 'android.widget.CheckedTextView' and (@text = 'Solitaire')]"}[39m
[38;5;0m[HTTP][0m [37m<-- POST /wd/hub/session/7a63150d-091e-4f6b-8108-2dd58fecb2b6/elements [39m[32m200[39m [90m74 ms - 12[39m
[38;5;0m[HTTP][0m [90m[39m
[38;5;0m[HTTP][0m [37m-->[39m [37mPOST[39m [37m/wd/hub/session/7a63150d-091e-4f6b-8108-2dd58fecb2b6/elements[39m
[38;5;0m[HTTP][0m [90m{"using":"xpath","value":"//*[@class = 'android.widget.CheckedTextView' and (@text = 'Solitaire')]"}[39m
[38;5;0m[HTTP][0m [37m<-- POST /wd/hub/session/7a63150d-091e-4f6b-8108-2dd58fecb2b6/elements [39m[32m200[39m [90m76 ms - 12[39m
[38;5;0m[HTTP][0m [90m[39m
[38;5;0m[HTTP][0m [37m-->[39m [37mPOST[39m [37m/wd/hub/session/7a63150d-091e-4f6b-8108-2dd58fecb2b6/elements[39m
[38;5;0m[HTTP][0m [90m{"using":"xpath","value":"//*[@class = 'android.widget.CheckedTextView' and (@text = 'Solitaire')]"}[39m
[38;5;0m[HTTP][0m [37m<-- POST /wd/hub/session/7a63150d-091e-4f6b-8108-2dd58fecb2b6/elements [39m[32m200[39m [90m80 ms - 12[39m
[38;5;0m[HTTP][0m [90m[39m
[38;5;0m[HTTP][0m [37m-->[39m [37mPOST[39m [37m/wd/hub/session/7a63150d-091e-4f6b-8108-2dd58fecb2b6/elements[39m
[38;5;0m[HTTP][0m [90m{"using":"xpath","value":"//*[@class = 'android.widget.CheckedTextView' and (@text = 'Solitaire')]"}[39m
[38;5;0m[HTTP][0m [37m<-- POST /wd/hub/session/7a63150d-091e-4f6b-8108-2dd58fecb2b6/elements [39m[32m200[39m [90m94 ms - 12[39m
[38;5;0m[HTTP][0m [90m[39m
[38;5;0m[HTTP][0m [37m-->[39m [37mPOST[39m [37m/wd/hub/session/7a63150d-091e-4f6b-8108-2dd58fecb2b6/elements[39m
[38;5;0m[HTTP][0m [90m{"using":"xpath","value":"//*[@class = 'android.widget.CheckedTextView' and (@text = 'Solitaire')]"}[39m
[38;5;0m[HTTP][0m [37m<-- POST /wd/hub/session/7a63150d-091e-4f6b-8108-2dd58fecb2b6/elements [39m[32m200[39m [90m78 ms - 12[39m
[38;5;0m[HTTP][0m [90m[39m
[38;5;0m[HTTP][0m [37m-->[39m [37mPOST[39m [37m/wd/hub/session/7a63150d-091e-4f6b-8108-2dd58fecb2b6/elements[39m
[38;5;0m[HTTP][0m [90m{"using":"xpath","value":"//*[@class = 'android.widget.CheckedTextView' and (@text = 'Solitaire')]"}[39m
[38;5;0m[HTTP][0m [37m<-- POST /wd/hub/session/7a63150d-091e-4f6b-8108-2dd58fecb2b6/elements [39m[32m200[39m [90m91 ms - 12[39m
[38;5;0m[HTTP][0m [90m[39m
[38;5;0m[HTTP][0m [37m-->[39m [37mPOST[39m [37m/wd/hub/session/7a63150d-091e-4f6b-8108-2dd58fecb2b6/elements[39m
[38;5;0m[HTTP][0m [90m{"using":"xpath","value":"//*[@class = 'android.widget.CheckedTextView' and (@text = 'Solitaire')]"}[39m
[38;5;0m[HTTP][0m [37m<-- POST /wd/hub/session/7a63150d-091e-4f6b-8108-2dd58fecb2b6/elements [39m[32m200[39m [90m75 ms - 12[39m
[38;5;0m[HTTP][0m [90m[39m
[38;5;0m[HTTP][0m [37m-->[39m [37mPOST[39m [37m/wd/hub/session/7a63150d-091e-4f6b-8108-2dd58fecb2b6/elements[39m
[38;5;0m[HTTP][0m [90m{"using":"xpath","value":"//*[@class = 'android.widget.CheckedTextView' and (@text = 'Solitaire')]"}[39m
[38;5;0m[HTTP][0m [37m<-- POST /wd/hub/session/7a63150d-091e-4f6b-8108-2dd58fecb2b6/elements [39m[32m200[39m [90m76 ms - 12[39m
[38;5;0m[HTTP][0m [90m[39m
[38;5;0m[HTTP][0m [37m-->[39m [37mPOST[39m [37m/wd/hub/session/7a63150d-091e-4f6b-8108-2dd58fecb2b6/elements[39m
[38;5;0m[HTTP][0m [90m{"using":"xpath","value":"//*[@class = 'android.widget.CheckedTextView' and (@text = 'Solitaire')]"}[39m
[38;5;0m[HTTP][0m [37m<-- POST /wd/hub/session/7a63150d-091e-4f6b-8108-2dd58fecb2b6/elements [39m[32m200[39m [90m79 ms - 12[39m
[38;5;0m[HTTP][0m [90m[39m
[38;5;0m[HTTP][0m [37m-->[39m [37mPOST[39m [37m/wd/hub/session/7a63150d-091e-4f6b-8108-2dd58fecb2b6/elements[39m
[38;5;0m[HTTP][0m [90m{"using":"xpath","value":"//*[@class = 'android.widget.CheckedTextView' and (@text = 'Solitaire')]"}[39m
[38;5;0m[HTTP][0m [37m<-- POST /wd/hub/session/7a63150d-091e-4f6b-8108-2dd58fecb2b6/elements [39m[32m200[39m [90m92 ms - 12[39m
[38;5;0m[HTTP][0m [90m[39m
[38;5;0m[HTTP][0m [37m-->[39m [37mPOST[39m [37m/wd/hub/session/7a63150d-091e-4f6b-8108-2dd58fecb2b6/elements[39m
[38;5;0m[HTTP][0m [90m{"using":"xpath","value":"//*[@class = 'android.widget.CheckedTextView' and (@text = 'Solitaire')]"}[39m
[38;5;0m[HTTP][0m [37m<-- POST /wd/hub/session/7a63150d-091e-4f6b-8108-2dd58fecb2b6/elements [39m[32m200[39m [90m93 ms - 12[39m
[38;5;0m[HTTP][0m [90m[39m
[38;5;0m[HTTP][0m [37m-->[39m [37mPOST[39m [37m/wd/hub/session/7a63150d-091e-4f6b-8108-2dd58fecb2b6/elements[39m
[38;5;0m[HTTP][0m [90m{"using":"xpath","value":"//*[@class = 'android.widget.CheckedTextView' and (@text = 'Solitaire')]"}[39m
[38;5;0m[HTTP][0m [37m<-- POST /wd/hub/session/7a63150d-091e-4f6b-8108-2dd58fecb2b6/elements [39m[32m200[39m [90m84 ms - 12[39m
[38;5;0m[HTTP][0m [90m[39m
[38;5;0m[HTTP][0m [37m-->[39m [37mPOST[39m [37m/wd/hub/session/7a63150d-091e-4f6b-8108-2dd58fecb2b6/elements[39m
[38;5;0m[HTTP][0m [90m{"using":"xpath","value":"//*[@class = 'android.widget.CheckedTextView' and (@text = 'Solitaire')]"}[39m
[38;5;0m[HTTP][0m [37m<-- POST /wd/hub/session/7a63150d-091e-4f6b-8108-2dd58fecb2b6/elements [39m[32m200[39m [90m78 ms - 12[39m
[38;5;0m[HTTP][0m [90m[39m
[38;5;0m[HTTP][0m [37m-->[39m [37mPOST[39m [37m/wd/hub/session/7a63150d-091e-4f6b-8108-2dd58fecb2b6/elements[39m
[38;5;0m[HTTP][0m [90m{"using":"xpath","value":"//*[@class = 'android.widget.CheckedTextView' and (@text = 'Solitaire')]"}[39m
[38;5;0m[HTTP][0m [37m<-- POST /wd/hub/session/7a63150d-091e-4f6b-8108-2dd58fecb2b6/elements [39m[32m200[39m [90m91 ms - 12[39m
[38;5;0m[HTTP][0m [90m[39m
[38;5;0m[HTTP][0m [37m-->[39m [37mPOST[39m [37m/wd/hub/session/7a63150d-091e-4f6b-8108-2dd58fecb2b6/elements[39m
[38;5;0m[HTTP][0m [90m{"using":"xpath","value":"//*[@class = 'android.widget.CheckedTextView' and (@text = 'Solitaire')]"}[39m
[38;5;0m[HTTP][0m [37m<-- POST /wd/hub/session/7a63150d-091e-4f6b-8108-2dd58fecb2b6/elements [39m[32m200[39m [90m85 ms - 12[39m
[38;5;0m[HTTP][0m [90m[39m
[38;5;0m[HTTP][0m [37m-->[39m [37mPOST[39m [37m/wd/hub/session/7a63150d-091e-4f6b-8108-2dd58fecb2b6/elements[39m
[38;5;0m[HTTP][0m [90m{"using":"xpath","value":"//*[@class = 'android.widget.CheckedTextView' and (@text = 'Solitaire')]"}[39m
[38;5;0m[HTTP][0m [37m<-- POST /wd/hub/session/7a63150d-091e-4f6b-8108-2dd58fecb2b6/elements [39m[32m200[39m [90m79 ms - 12[39m
[38;5;0m[HTTP][0m [90m[39m
[38;5;0m[HTTP][0m [37m-->[39m [37mPOST[39m [37m/wd/hub/session/7a63150d-091e-4f6b-8108-2dd58fecb2b6/elements[39m
[38;5;0m[HTTP][0m [90m{"using":"xpath","value":"//*[@class = 'android.widget.CheckedTextView' and (@text = 'Solitaire')]"}[39m
[38;5;0m[HTTP][0m [37m<-- POST /wd/hub/session/7a63150d-091e-4f6b-8108-2dd58fecb2b6/elements [39m[32m200[39m [90m77 ms - 12[39m
[38;5;0m[HTTP][0m [90m[39m
[38;5;0m[HTTP][0m [37m-->[39m [37mPOST[39m [37m/wd/hub/session/7a63150d-091e-4f6b-8108-2dd58fecb2b6/elements[39m
[38;5;0m[HTTP][0m [90m{"using":"xpath","value":"//*[@class = 'android.widget.CheckedTextView' and (@text = 'Solitaire')]"}[39m
[38;5;0m[HTTP][0m [37m<-- POST /wd/hub/session/7a63150d-091e-4f6b-8108-2dd58fecb2b6/elements [39m[32m200[39m [90m88 ms - 12[39m
[38;5;0m[HTTP][0m [90m[39m
[38;5;0m[HTTP][0m [37m-->[39m [37mPOST[39m [37m/wd/hub/session/7a63150d-091e-4f6b-8108-2dd58fecb2b6/elements[39m
[38;5;0m[HTTP][0m [90m{"using":"xpath","value":"//*[@class = 'android.widget.CheckedTextView' and (@text = 'Solitaire')]"}[39m
[38;5;0m[HTTP][0m [37m<-- POST /wd/hub/session/7a63150d-091e-4f6b-8108-2dd58fecb2b6/elements [39m[32m200[39m [90m70 ms - 12[39m
[38;5;0m[HTTP][0m [90m[39m
[38;5;0m[HTTP][0m [37m-->[39m [37mPOST[39m [37m/wd/hub/session/7a63150d-091e-4f6b-8108-2dd58fecb2b6/elements[39m
[38;5;0m[HTTP][0m [90m{"using":"xpath","value":"//*[@class = 'android.widget.CheckedTextView' and (@text = 'Solitaire')]"}[39m
[38;5;0m[HTTP][0m [37m<-- POST /wd/hub/session/7a63150d-091e-4f6b-8108-2dd58fecb2b6/elements [39m[32m200[39m [90m73 ms - 12[39m
[38;5;0m[HTTP][0m [90m[39m
[38;5;0m[HTTP][0m [37m-->[39m [37mPOST[39m [37m/wd/hub/session/7a63150d-091e-4f6b-8108-2dd58fecb2b6/elements[39m
[38;5;0m[HTTP][0m [90m{"using":"xpath","value":"//*[@class = 'android.widget.CheckedTextView' and (@text = 'Solitaire')]"}[39m
[38;5;0m[HTTP][0m [37m<-- POST /wd/hub/session/7a63150d-091e-4f6b-8108-2dd58fecb2b6/elements [39m[32m200[39m [90m87 ms - 12[39m
[38;5;0m[HTTP][0m [90m[39m
[38;5;0m[HTTP][0m [37m-->[39m [37mPOST[39m [37m/wd/hub/session/7a63150d-091e-4f6b-8108-2dd58fecb2b6/elements[39m
[38;5;0m[HTTP][0m [90m{"using":"xpath","value":"//*[@class = 'android.widget.CheckedTextView' and (@text = 'Solitaire')]"}[39m
[38;5;0m[HTTP][0m [37m<-- POST /wd/hub/session/7a63150d-091e-4f6b-8108-2dd58fecb2b6/elements [39m[32m200[39m [90m93 ms - 12[39m
[38;5;0m[HTTP][0m [90m[39m
[38;5;0m[HTTP][0m [37m-->[39m [37mPOST[39m [37m/wd/hub/session/7a63150d-091e-4f6b-8108-2dd58fecb2b6/elements[39m
[38;5;0m[HTTP][0m [90m{"using":"xpath","value":"//*[@class = 'android.widget.CheckedTextView' and (@text = 'Solitaire')]"}[39m
[38;5;0m[HTTP][0m [37m<-- POST /wd/hub/session/7a63150d-091e-4f6b-8108-2dd58fecb2b6/elements [39m[32m200[39m [90m81 ms - 12[39m
[38;5;0m[HTTP][0m [90m[39m
[38;5;0m[HTTP][0m [37m-->[39m [37mPOST[39m [37m/wd/hub/session/7a63150d-091e-4f6b-8108-2dd58fecb2b6/elements[39m
[38;5;0m[HTTP][0m [90m{"using":"xpath","value":"//*[@class = 'android.widget.CheckedTextView' and (@text = 'Solitaire')]"}[39m
[38;5;0m[HTTP][0m [37m<-- POST /wd/hub/session/7a63150d-091e-4f6b-8108-2dd58fecb2b6/elements [39m[32m200[39m [90m79 ms - 12[39m
[38;5;0m[HTTP][0m [90m[39m
[38;5;0m[HTTP][0m [37m-->[39m [37mPOST[39m [37m/wd/hub/session/7a63150d-091e-4f6b-8108-2dd58fecb2b6/elements[39m
[38;5;0m[HTTP][0m [90m{"using":"xpath","value":"//*[@class = 'android.widget.CheckedTextView' and (@text = 'Solitaire')]"}[39m
[38;5;0m[HTTP][0m [37m<-- POST /wd/hub/session/7a63150d-091e-4f6b-8108-2dd58fecb2b6/elements [39m[32m200[39m [90m78 ms - 12[39m
[38;5;0m[HTTP][0m [90m[39m
[38;5;0m[HTTP][0m [37m-->[39m [37mPOST[39m [37m/wd/hub/session/7a63150d-091e-4f6b-8108-2dd58fecb2b6/elements[39m
[38;5;0m[HTTP][0m [90m{"using":"xpath","value":"//*[@class = 'android.widget.CheckedTextView' and (@text = 'Solitaire')]"}[39m
[38;5;0m[HTTP][0m [37m<-- POST /wd/hub/session/7a63150d-091e-4f6b-8108-2dd58fecb2b6/elements [39m[32m200[39m [90m84 ms - 12[39m
[38;5;0m[HTTP][0m [90m[39m
[38;5;0m[HTTP][0m [37m-->[39m [37mPOST[39m [37m/wd/hub/session/7a63150d-091e-4f6b-8108-2dd58fecb2b6/elements[39m
[38;5;0m[HTTP][0m [90m{"using":"xpath","value":"//*[@class = 'android.widget.CheckedTextView' and (@text = 'Solitaire')]"}[39m
[38;5;0m[HTTP][0m [37m<-- POST /wd/hub/session/7a63150d-091e-4f6b-8108-2dd58fecb2b6/elements [39m[32m200[39m [90m77 ms - 12[39m
[38;5;0m[HTTP][0m [90m[39m
[38;5;0m[HTTP][0m [37m-->[39m [37mPOST[39m [37m/wd/hub/session/7a63150d-091e-4f6b-8108-2dd58fecb2b6/elements[39m
[38;5;0m[HTTP][0m [90m{"using":"xpath","value":"//*[@class = 'android.widget.CheckedTextView' and (@text = 'Solitaire')]"}[39m
[38;5;0m[HTTP][0m [37m<-- POST /wd/hub/session/7a63150d-091e-4f6b-8108-2dd58fecb2b6/elements [39m[32m200[39m [90m96 ms - 12[39m
[38;5;0m[HTTP][0m [90m[39m
[38;5;0m[HTTP][0m [37m-->[39m [37mPOST[39m [37m/wd/hub/session/7a63150d-091e-4f6b-8108-2dd58fecb2b6/elements[39m
[38;5;0m[HTTP][0m [90m{"using":"xpath","value":"//*[@class = 'android.widget.CheckedTextView' and (@text = 'Solitaire')]"}[39m
[38;5;0m[HTTP][0m [37m<-- POST /wd/hub/session/7a63150d-091e-4f6b-8108-2dd58fecb2b6/elements [39m[32m200[39m [90m90 ms - 12[39m
[38;5;0m[HTTP][0m [90m[39m
[38;5;0m[HTTP][0m [37m-->[39m [37mPOST[39m [37m/wd/hub/session/7a63150d-091e-4f6b-8108-2dd58fecb2b6/elements[39m
[38;5;0m[HTTP][0m [90m{"using":"xpath","value":"//*[@class = 'android.widget.CheckedTextView' and (@text = 'Solitaire')]"}[39m
[38;5;0m[HTTP][0m [37m<-- POST /wd/hub/session/7a63150d-091e-4f6b-8108-2dd58fecb2b6/elements [39m[32m200[39m [90m88 ms - 12[39m
[38;5;0m[HTTP][0m [90m[39m
[38;5;0m[HTTP][0m [37m-->[39m [37mPOST[39m [37m/wd/hub/session/7a63150d-091e-4f6b-8108-2dd58fecb2b6/elements[39m
[38;5;0m[HTTP][0m [90m{"using":"xpath","value":"//*[@class = 'android.widget.CheckedTextView' and (@text = 'Solitaire')]"}[39m
[38;5;0m[HTTP][0m [37m<-- POST /wd/hub/session/7a63150d-091e-4f6b-8108-2dd58fecb2b6/elements [39m[32m200[39m [90m91 ms - 12[39m
[38;5;0m[HTTP][0m [90m[39m
[38;5;0m[HTTP][0m [37m-->[39m [37mPOST[39m [37m/wd/hub/session/7a63150d-091e-4f6b-8108-2dd58fecb2b6/elements[39m
[38;5;0m[HTTP][0m [90m{"using":"xpath","value":"//*[@class = 'android.widget.CheckedTextView' and (@text = 'Solitaire')]"}[39m
[38;5;0m[HTTP][0m [37m<-- POST /wd/hub/session/7a63150d-091e-4f6b-8108-2dd58fecb2b6/elements [39m[32m200[39m [90m79 ms - 12[39m
[38;5;0m[HTTP][0m [90m[39m
[38;5;0m[HTTP][0m [37m-->[39m [37mPOST[39m [37m/wd/hub/session/7a63150d-091e-4f6b-8108-2dd58fecb2b6/elements[39m
[38;5;0m[HTTP][0m [90m{"using":"xpath","value":"//*[@class = 'android.widget.CheckedTextView' and (@text = 'Solitaire')]"}[39m
[38;5;0m[HTTP][0m [37m<-- POST /wd/hub/session/7a63150d-091e-4f6b-8108-2dd58fecb2b6/elements [39m[32m200[39m [90m79 ms - 12[39m
[38;5;0m[HTTP][0m [90m[39m
[38;5;0m[HTTP][0m [37m-->[39m [37mPOST[39m [37m/wd/hub/session/7a63150d-091e-4f6b-8108-2dd58fecb2b6/elements[39m
[38;5;0m[HTTP][0m [90m{"using":"xpath","value":"//*[@class = 'android.widget.CheckedTextView' and (@text = 'Solitaire')]"}[39m
[38;5;0m[HTTP][0m [37m<-- POST /wd/hub/session/7a63150d-091e-4f6b-8108-2dd58fecb2b6/elements [39m[32m200[39m [90m88 ms - 12[39m
[38;5;0m[HTTP][0m [90m[39m
[38;5;0m[HTTP][0m [37m-->[39m [37mPOST[39m [37m/wd/hub/session/7a63150d-091e-4f6b-8108-2dd58fecb2b6/elements[39m
[38;5;0m[HTTP][0m [90m{"using":"xpath","value":"//*[@class = 'android.widget.CheckedTextView' and (@text = 'Solitaire')]"}[39m
[38;5;0m[HTTP][0m [37m<-- POST /wd/hub/session/7a63150d-091e-4f6b-8108-2dd58fecb2b6/elements [39m[32m200[39m [90m61 ms - 12[39m
[38;5;0m[HTTP][0m [90m[39m
[38;5;0m[HTTP][0m [37m-->[39m [37mPOST[39m [37m/wd/hub/session/7a63150d-091e-4f6b-8108-2dd58fecb2b6/elements[39m
[38;5;0m[HTTP][0m [90m{"using":"xpath","value":"//*[@class = 'android.widget.CheckedTextView' and (@text = 'Solitaire')]"}[39m
[38;5;0m[HTTP][0m [37m<-- POST /wd/hub/session/7a63150d-091e-4f6b-8108-2dd58fecb2b6/elements [39m[32m200[39m [90m87 ms - 12[39m
[38;5;0m[HTTP][0m [90m[39m
[38;5;0m[HTTP][0m [37m-->[39m [37mPOST[39m [37m/wd/hub/session/7a63150d-091e-4f6b-8108-2dd58fecb2b6/elements[39m
[38;5;0m[HTTP][0m [90m{"using":"xpath","value":"//*[@class = 'android.widget.CheckedTextView' and (@text = 'Solitaire')]"}[39m
[38;5;0m[HTTP][0m [37m<-- POST /wd/hub/session/7a63150d-091e-4f6b-8108-2dd58fecb2b6/elements [39m[32m200[39m [90m90 ms - 12[39m
[38;5;0m[HTTP][0m [90m[39m
[38;5;0m[HTTP][0m [37m-->[39m [37mPOST[39m [37m/wd/hub/session/7a63150d-091e-4f6b-8108-2dd58fecb2b6/elements[39m
[38;5;0m[HTTP][0m [90m{"using":"xpath","value":"//*[@class = 'android.widget.CheckedTextView' and (@text = 'Solitaire')]"}[39m
[38;5;0m[HTTP][0m [37m<-- POST /wd/hub/session/7a63150d-091e-4f6b-8108-2dd58fecb2b6/elements [39m[32m200[39m [90m72 ms - 12[39m
[38;5;0m[HTTP][0m [90m[39m
[38;5;0m[HTTP][0m [37m-->[39m [37mPOST[39m [37m/wd/hub/session/7a63150d-091e-4f6b-8108-2dd58fecb2b6/elements[39m
[38;5;0m[HTTP][0m [90m{"using":"xpath","value":"//*[@class = 'android.widget.CheckedTextView' and (@text = 'Solitaire')]"}[39m
[38;5;0m[HTTP][0m [37m<-- POST /wd/hub/session/7a63150d-091e-4f6b-8108-2dd58fecb2b6/elements [39m[32m200[39m [90m78 ms - 12[39m
[38;5;0m[HTTP][0m [90m[39m
[38;5;0m[HTTP][0m [37m-->[39m [37mPOST[39m [37m/wd/hub/session/7a63150d-091e-4f6b-8108-2dd58fecb2b6/elements[39m
[38;5;0m[HTTP][0m [90m{"using":"xpath","value":"//*[@class = 'android.widget.CheckedTextView' and (@text = 'Solitaire')]"}[39m
[38;5;0m[HTTP][0m [37m<-- POST /wd/hub/session/7a63150d-091e-4f6b-8108-2dd58fecb2b6/elements [39m[32m200[39m [90m87 ms - 12[39m
[38;5;0m[HTTP][0m [90m[39m
[38;5;0m[HTTP][0m [37m-->[39m [37mPOST[39m [37m/wd/hub/session/7a63150d-091e-4f6b-8108-2dd58fecb2b6/elements[39m
[38;5;0m[HTTP][0m [90m{"using":"xpath","value":"//*[@class = 'android.widget.CheckedTextView' and (@text = 'Solitaire')]"}[39m
[38;5;0m[HTTP][0m [37m<-- POST /wd/hub/session/7a63150d-091e-4f6b-8108-2dd58fecb2b6/elements [39m[32m200[39m [90m74 ms - 12[39m
[38;5;0m[HTTP][0m [90m[39m
[38;5;0m[HTTP][0m [37m-->[39m [37mPOST[39m [37m/wd/hub/session/7a63150d-091e-4f6b-8108-2dd58fecb2b6/elements[39m
[38;5;0m[HTTP][0m [90m{"using":"xpath","value":"//*[@class = 'android.widget.CheckedTextView' and (@text = 'Solitaire')]"}[39m
[38;5;0m[HTTP][0m [37m<-- POST /wd/hub/session/7a63150d-091e-4f6b-8108-2dd58fecb2b6/elements [39m[32m200[39m [90m76 ms - 12[39m
[38;5;0m[HTTP][0m [90m[39m
[38;5;0m[HTTP][0m [37m-->[39m [37mPOST[39m [37m/wd/hub/session/7a63150d-091e-4f6b-8108-2dd58fecb2b6/elements[39m
[38;5;0m[HTTP][0m [90m{"using":"xpath","value":"//*[@class = 'android.widget.CheckedTextView' and (@text = 'Solitaire')]"}[39m
[38;5;0m[HTTP][0m [37m<-- POST /wd/hub/session/7a63150d-091e-4f6b-8108-2dd58fecb2b6/elements [39m[32m200[39m [90m72 ms - 12[39m
[38;5;0m[HTTP][0m [90m[39m
[38;5;0m[HTTP][0m [37m-->[39m [37mPOST[39m [37m/wd/hub/session/7a63150d-091e-4f6b-8108-2dd58fecb2b6/elements[39m
[38;5;0m[HTTP][0m [90m{"using":"xpath","value":"//*[@class = 'android.widget.CheckedTextView' and (@text = 'Solitaire')]"}[39m
[38;5;0m[HTTP][0m [37m<-- POST /wd/hub/session/7a63150d-091e-4f6b-8108-2dd58fecb2b6/elements [39m[32m200[39m [90m74 ms - 12[39m
[38;5;0m[HTTP][0m [90m[39m
[38;5;0m[HTTP][0m [37m-->[39m [37mPOST[39m [37m/wd/hub/session/7a63150d-091e-4f6b-8108-2dd58fecb2b6/elements[39m
[38;5;0m[HTTP][0m [90m{"using":"xpath","value":"//*[@class = 'android.widget.CheckedTextView' and (@text = 'Solitaire')]"}[39m
[38;5;0m[HTTP][0m [37m<-- POST /wd/hub/session/7a63150d-091e-4f6b-8108-2dd58fecb2b6/elements [39m[32m-[39m [90m- ms - -[39m
[38;5;0m[HTTP][0m [90m[39m
[38;5;48m[AndroidUiautomator2Driver@a23c (7a63150d)][0m Shutting down because we waited 1800 seconds for a command
[38;5;16m[AppiumDriver@9c5b][0m Ending session, cause was 'New Command Timeout of 1800 seconds expired. Try customizing the timeout using the 'newCommandTimeout' desired capability'
[38;5;16m[AppiumDriver@9c5b][0m Removing session '7a63150d-091e-4f6b-8108-2dd58fecb2b6' from our master session list
[38;5;48m[AndroidUiautomator2Driver@a23c (7a63150d)][0m Did not get confirmation UiAutomator2 deleteSession worked; Error was: UnknownError: An unknown server-side error occurred while processing the command. Original error: 'DELETE /' cannot be proxied to UiAutomator2 server because the instrumentation process is not running (probably crashed). Check the server log and/or the logcat output for more details
[38;5;48m[AndroidUiautomator2Driver@a23c (7a63150d)][0m Unable to remove system port forward: Error executing adbExec. Original error: 'Command ''C:\\Users\\clarien cahyono\\.katalon\\tools\\android_sdk\\platform-tools\\adb.exe' -P 5037 -s emulator-5554 forward --remove tcp\:8272' exited with code 1'; Command output: adb.exe: error: listener 'tcp:8272' not found
[38;5;48m[AndroidUiautomator2Driver@a23c (7a63150d)][0m 
[38;5;48m[AndroidUiautomator2Driver@a23c (7a63150d)][0m Restoring hidden api policy to the device default configuration
